{"C:\\Users\\2008389\\Development\\transparency-db-admin-portal\\app.js": {"path":"C:\\Users\\2008389\\Development\\transparency-db-admin-portal\\app.js","statementMap":{"0":{"start":{"line":5,"column":16},"end":{"line":5,"column":34}},"1":{"start":{"line":6,"column":12},"end":{"line":6,"column":21}},"2":{"start":{"line":7,"column":11},"end":{"line":7,"column":24}},"3":{"start":{"line":8,"column":16},"end":{"line":8,"column":34}},"4":{"start":{"line":9,"column":23},"end":{"line":9,"column":49}},"5":{"start":{"line":10,"column":13},"end":{"line":10,"column":28}},"6":{"start":{"line":11,"column":19},"end":{"line":11,"column":48}},"7":{"start":{"line":12,"column":14},"end":{"line":12,"column":35}},"8":{"start":{"line":13,"column":24},"end":{"line":13,"column":39}},"9":{"start":{"line":14,"column":31},"end":{"line":14,"column":47}},"10":{"start":{"line":15,"column":21},"end":{"line":15,"column":38}},"11":{"start":{"line":17,"column":0},"end":{"line":17,"column":48}},"12":{"start":{"line":18,"column":0},"end":{"line":18,"column":30}},"13":{"start":{"line":19,"column":0},"end":{"line":19,"column":49}},"14":{"start":{"line":20,"column":0},"end":{"line":20,"column":35}},"15":{"start":{"line":21,"column":0},"end":{"line":21,"column":47}},"16":{"start":{"line":25,"column":0},"end":{"line":25,"column":32}},"17":{"start":{"line":26,"column":0},"end":{"line":26,"column":37}},"18":{"start":{"line":27,"column":0},"end":{"line":27,"column":33}},"19":{"start":{"line":29,"column":14},"end":{"line":29,"column":16}},"20":{"start":{"line":31,"column":0},"end":{"line":36,"column":2}},"21":{"start":{"line":37,"column":0},"end":{"line":37,"column":62}},"22":{"start":{"line":38,"column":0},"end":{"line":38,"column":41}},"23":{"start":{"line":39,"column":0},"end":{"line":39,"column":51}},"24":{"start":{"line":40,"column":0},"end":{"line":40,"column":40}},"25":{"start":{"line":41,"column":0},"end":{"line":41,"column":36}},"26":{"start":{"line":42,"column":0},"end":{"line":42,"column":37}},"27":{"start":{"line":43,"column":0},"end":{"line":43,"column":46}},"28":{"start":{"line":44,"column":0},"end":{"line":44,"column":35}},"29":{"start":{"line":45,"column":0},"end":{"line":45,"column":37}},"30":{"start":{"line":46,"column":0},"end":{"line":46,"column":35}},"31":{"start":{"line":47,"column":0},"end":{"line":47,"column":43}},"32":{"start":{"line":48,"column":0},"end":{"line":48,"column":42}},"33":{"start":{"line":49,"column":0},"end":{"line":49,"column":42}},"34":{"start":{"line":50,"column":0},"end":{"line":50,"column":44}},"35":{"start":{"line":51,"column":0},"end":{"line":51,"column":43}},"36":{"start":{"line":52,"column":0},"end":{"line":52,"column":36}},"37":{"start":{"line":53,"column":0},"end":{"line":53,"column":34}},"38":{"start":{"line":54,"column":0},"end":{"line":54,"column":34}},"39":{"start":{"line":55,"column":0},"end":{"line":55,"column":24}},"40":{"start":{"line":56,"column":0},"end":{"line":56,"column":28}},"41":{"start":{"line":58,"column":0},"end":{"line":58,"column":29}},"42":{"start":{"line":59,"column":0},"end":{"line":59,"column":38}},"43":{"start":{"line":60,"column":0},"end":{"line":60,"column":37}},"44":{"start":{"line":62,"column":0},"end":{"line":62,"column":31}},"45":{"start":{"line":63,"column":0},"end":{"line":63,"column":29}},"46":{"start":{"line":64,"column":0},"end":{"line":64,"column":40}},"47":{"start":{"line":66,"column":0},"end":{"line":66,"column":21}},"48":{"start":{"line":67,"column":0},"end":{"line":67,"column":25}},"49":{"start":{"line":68,"column":0},"end":{"line":68,"column":21}},"50":{"start":{"line":69,"column":0},"end":{"line":69,"column":24}},"51":{"start":{"line":70,"column":0},"end":{"line":70,"column":22}},"52":{"start":{"line":71,"column":0},"end":{"line":71,"column":21}},"53":{"start":{"line":72,"column":0},"end":{"line":72,"column":31}},"54":{"start":{"line":73,"column":0},"end":{"line":73,"column":24}},"55":{"start":{"line":74,"column":0},"end":{"line":74,"column":22}},"56":{"start":{"line":75,"column":0},"end":{"line":75,"column":20}},"57":{"start":{"line":76,"column":0},"end":{"line":76,"column":27}},"58":{"start":{"line":77,"column":0},"end":{"line":77,"column":23}},"59":{"start":{"line":78,"column":0},"end":{"line":78,"column":29}},"60":{"start":{"line":79,"column":0},"end":{"line":79,"column":29}},"61":{"start":{"line":81,"column":0},"end":{"line":81,"column":33}},"62":{"start":{"line":82,"column":0},"end":{"line":82,"column":26}},"63":{"start":{"line":83,"column":0},"end":{"line":83,"column":29}},"64":{"start":{"line":88,"column":0},"end":{"line":90,"column":3}},"65":{"start":{"line":89,"column":2},"end":{"line":89,"column":45}},"66":{"start":{"line":92,"column":24},"end":{"line":92,"column":61}},"67":{"start":{"line":93,"column":0},"end":{"line":93,"column":49}},"68":{"start":{"line":102,"column":11},"end":{"line":102,"column":35}},"69":{"start":{"line":103,"column":0},"end":{"line":103,"column":23}},"70":{"start":{"line":109,"column":21},"end":{"line":109,"column":55}},"71":{"start":{"line":110,"column":0},"end":{"line":110,"column":43}},"72":{"start":{"line":112,"column":22},"end":{"line":112,"column":57}},"73":{"start":{"line":113,"column":0},"end":{"line":113,"column":45}},"74":{"start":{"line":115,"column":24},"end":{"line":115,"column":61}},"75":{"start":{"line":116,"column":0},"end":{"line":116,"column":49}},"76":{"start":{"line":118,"column":26},"end":{"line":118,"column":65}},"77":{"start":{"line":119,"column":0},"end":{"line":119,"column":53}},"78":{"start":{"line":121,"column":23},"end":{"line":121,"column":59}},"79":{"start":{"line":122,"column":0},"end":{"line":122,"column":47}},"80":{"start":{"line":124,"column":29},"end":{"line":124,"column":71}},"81":{"start":{"line":125,"column":0},"end":{"line":125,"column":59}},"82":{"start":{"line":127,"column":28},"end":{"line":127,"column":69}},"83":{"start":{"line":128,"column":0},"end":{"line":128,"column":57}},"84":{"start":{"line":130,"column":25},"end":{"line":130,"column":63}},"85":{"start":{"line":131,"column":0},"end":{"line":131,"column":51}},"86":{"start":{"line":133,"column":35},"end":{"line":133,"column":83}},"87":{"start":{"line":134,"column":0},"end":{"line":134,"column":71}},"88":{"start":{"line":136,"column":19},"end":{"line":136,"column":51}},"89":{"start":{"line":137,"column":0},"end":{"line":137,"column":39}},"90":{"start":{"line":139,"column":21},"end":{"line":139,"column":55}},"91":{"start":{"line":140,"column":0},"end":{"line":140,"column":43}},"92":{"start":{"line":142,"column":22},"end":{"line":142,"column":57}},"93":{"start":{"line":143,"column":0},"end":{"line":143,"column":45}},"94":{"start":{"line":145,"column":23},"end":{"line":145,"column":60}},"95":{"start":{"line":146,"column":0},"end":{"line":146,"column":47}},"96":{"start":{"line":148,"column":25},"end":{"line":148,"column":64}},"97":{"start":{"line":149,"column":0},"end":{"line":149,"column":51}},"98":{"start":{"line":151,"column":25},"end":{"line":151,"column":64}},"99":{"start":{"line":152,"column":0},"end":{"line":152,"column":51}},"100":{"start":{"line":154,"column":32},"end":{"line":154,"column":79}},"101":{"start":{"line":155,"column":0},"end":{"line":155,"column":65}},"102":{"start":{"line":160,"column":22},"end":{"line":160,"column":57}},"103":{"start":{"line":161,"column":0},"end":{"line":161,"column":45}},"104":{"start":{"line":163,"column":23},"end":{"line":163,"column":59}},"105":{"start":{"line":164,"column":0},"end":{"line":164,"column":47}},"106":{"start":{"line":166,"column":24},"end":{"line":166,"column":61}},"107":{"start":{"line":167,"column":0},"end":{"line":167,"column":49}},"108":{"start":{"line":171,"column":26},"end":{"line":171,"column":65}},"109":{"start":{"line":172,"column":0},"end":{"line":172,"column":53}},"110":{"start":{"line":174,"column":28},"end":{"line":174,"column":69}},"111":{"start":{"line":175,"column":0},"end":{"line":175,"column":57}},"112":{"start":{"line":177,"column":27},"end":{"line":177,"column":67}},"113":{"start":{"line":178,"column":0},"end":{"line":178,"column":55}},"114":{"start":{"line":180,"column":22},"end":{"line":180,"column":57}},"115":{"start":{"line":181,"column":0},"end":{"line":181,"column":45}},"116":{"start":{"line":183,"column":24},"end":{"line":183,"column":61}},"117":{"start":{"line":184,"column":0},"end":{"line":184,"column":49}},"118":{"start":{"line":186,"column":25},"end":{"line":186,"column":64}},"119":{"start":{"line":187,"column":0},"end":{"line":187,"column":51}},"120":{"start":{"line":189,"column":28},"end":{"line":189,"column":76}},"121":{"start":{"line":190,"column":0},"end":{"line":190,"column":57}},"122":{"start":{"line":192,"column":26},"end":{"line":192,"column":65}},"123":{"start":{"line":193,"column":0},"end":{"line":193,"column":52}},"124":{"start":{"line":195,"column":22},"end":{"line":195,"column":57}},"125":{"start":{"line":196,"column":0},"end":{"line":196,"column":45}},"126":{"start":{"line":198,"column":25},"end":{"line":198,"column":63}},"127":{"start":{"line":199,"column":0},"end":{"line":199,"column":51}},"128":{"start":{"line":201,"column":24},"end":{"line":201,"column":61}},"129":{"start":{"line":202,"column":0},"end":{"line":202,"column":49}},"130":{"start":{"line":204,"column":24},"end":{"line":204,"column":61}},"131":{"start":{"line":205,"column":0},"end":{"line":205,"column":49}},"132":{"start":{"line":207,"column":27},"end":{"line":207,"column":67}},"133":{"start":{"line":208,"column":0},"end":{"line":208,"column":55}},"134":{"start":{"line":211,"column":25},"end":{"line":211,"column":64}},"135":{"start":{"line":212,"column":0},"end":{"line":212,"column":51}},"136":{"start":{"line":214,"column":24},"end":{"line":214,"column":62}},"137":{"start":{"line":215,"column":0},"end":{"line":215,"column":49}},"138":{"start":{"line":217,"column":24},"end":{"line":217,"column":63}},"139":{"start":{"line":218,"column":0},"end":{"line":218,"column":51}},"140":{"start":{"line":220,"column":31},"end":{"line":220,"column":77}},"141":{"start":{"line":221,"column":0},"end":{"line":221,"column":63}},"142":{"start":{"line":223,"column":25},"end":{"line":223,"column":64}},"143":{"start":{"line":224,"column":0},"end":{"line":224,"column":51}},"144":{"start":{"line":226,"column":31},"end":{"line":226,"column":77}},"145":{"start":{"line":227,"column":0},"end":{"line":227,"column":63}},"146":{"start":{"line":229,"column":25},"end":{"line":229,"column":63}},"147":{"start":{"line":230,"column":0},"end":{"line":230,"column":51}},"148":{"start":{"line":233,"column":0},"end":{"line":233,"column":21}}},"fnMap":{"0":{"name":"(anonymous_0)","decl":{"start":{"line":88,"column":13},"end":{"line":88,"column":14}},"loc":{"start":{"line":88,"column":27},"end":{"line":90,"column":1}},"line":88}},"branchMap":{},"s":{"0":25,"1":25,"2":25,"3":25,"4":25,"5":25,"6":25,"7":25,"8":25,"9":25,"10":25,"11":25,"12":25,"13":25,"14":25,"15":25,"16":25,"17":25,"18":25,"19":25,"20":25,"21":25,"22":25,"23":25,"24":25,"25":25,"26":25,"27":25,"28":25,"29":25,"30":25,"31":25,"32":25,"33":25,"34":25,"35":25,"36":25,"37":25,"38":25,"39":25,"40":25,"41":25,"42":25,"43":25,"44":25,"45":25,"46":25,"47":25,"48":25,"49":25,"50":25,"51":25,"52":25,"53":25,"54":25,"55":25,"56":25,"57":25,"58":25,"59":25,"60":25,"61":25,"62":25,"63":25,"64":25,"65":0,"66":25,"67":25,"68":25,"69":25,"70":25,"71":25,"72":25,"73":25,"74":25,"75":25,"76":25,"77":25,"78":25,"79":25,"80":25,"81":25,"82":25,"83":25,"84":25,"85":25,"86":25,"87":25,"88":25,"89":25,"90":25,"91":25,"92":25,"93":25,"94":25,"95":25,"96":25,"97":25,"98":25,"99":25,"100":25,"101":25,"102":25,"103":25,"104":25,"105":25,"106":25,"107":25,"108":25,"109":25,"110":25,"111":25,"112":25,"113":25,"114":25,"115":25,"116":25,"117":25,"118":25,"119":25,"120":25,"121":25,"122":25,"123":25,"124":25,"125":25,"126":25,"127":25,"128":25,"129":25,"130":25,"131":25,"132":25,"133":25,"134":25,"135":25,"136":25,"137":25,"138":25,"139":25,"140":25,"141":25,"142":25,"143":25,"144":25,"145":25,"146":25,"147":25,"148":25},"f":{"0":0},"b":{},"_coverageSchema":"1a1c01bbd47fc00a2c39e90264f33305004495a9","hash":"bdc3e66f7a5ced551d1aa540d3c2bf9128ebd35d"}
,"C:\\Users\\2008389\\Development\\transparency-db-admin-portal\\routes\\addgrantingauthority.js": {"path":"C:\\Users\\2008389\\Development\\transparency-db-admin-portal\\routes\\addgrantingauthority.js","statementMap":{"0":{"start":{"line":1,"column":16},"end":{"line":1,"column":34}},"1":{"start":{"line":2,"column":15},"end":{"line":2,"column":31}},"2":{"start":{"line":4,"column":0},"end":{"line":6,"column":3}},"3":{"start":{"line":5,"column":2},"end":{"line":5,"column":48}},"4":{"start":{"line":8,"column":0},"end":{"line":8,"column":24}}},"fnMap":{"0":{"name":"(anonymous_0)","decl":{"start":{"line":4,"column":16},"end":{"line":4,"column":17}},"loc":{"start":{"line":4,"column":30},"end":{"line":6,"column":1}},"line":4}},"branchMap":{},"s":{"0":25,"1":25,"2":25,"3":1,"4":25},"f":{"0":1},"b":{},"_coverageSchema":"1a1c01bbd47fc00a2c39e90264f33305004495a9","hash":"c0a1ffa023570c4c90f308d7251aa9d14bacdf81"}
,"C:\\Users\\2008389\\Development\\transparency-db-admin-portal\\routes\\addsubsidyaward.js": {"path":"C:\\Users\\2008389\\Development\\transparency-db-admin-portal\\routes\\addsubsidyaward.js","statementMap":{"0":{"start":{"line":2,"column":16},"end":{"line":2,"column":34}},"1":{"start":{"line":3,"column":15},"end":{"line":3,"column":31}},"2":{"start":{"line":5,"column":0},"end":{"line":9,"column":5}},"3":{"start":{"line":7,"column":34},"end":{"line":7,"column":38}},"4":{"start":{"line":8,"column":4},"end":{"line":8,"column":73}},"5":{"start":{"line":12,"column":2},"end":{"line":14,"column":4}},"6":{"start":{"line":13,"column":4},"end":{"line":13,"column":44}},"7":{"start":{"line":16,"column":0},"end":{"line":16,"column":24}}},"fnMap":{"0":{"name":"(anonymous_0)","decl":{"start":{"line":5,"column":15},"end":{"line":5,"column":16}},"loc":{"start":{"line":5,"column":29},"end":{"line":9,"column":3}},"line":5},"1":{"name":"(anonymous_1)","decl":{"start":{"line":12,"column":18},"end":{"line":12,"column":19}},"loc":{"start":{"line":12,"column":32},"end":{"line":14,"column":3}},"line":12}},"branchMap":{},"s":{"0":25,"1":25,"2":25,"3":1,"4":1,"5":25,"6":1,"7":25},"f":{"0":1,"1":1},"b":{},"_coverageSchema":"1a1c01bbd47fc00a2c39e90264f33305004495a9","hash":"860be5285b7d8b3165d312fdd5915b92e6f8d4e8"}
,"C:\\Users\\2008389\\Development\\transparency-db-admin-portal\\routes\\addsubsidyreview.js": {"path":"C:\\Users\\2008389\\Development\\transparency-db-admin-portal\\routes\\addsubsidyreview.js","statementMap":{"0":{"start":{"line":1,"column":16},"end":{"line":1,"column":34}},"1":{"start":{"line":2,"column":15},"end":{"line":2,"column":31}},"2":{"start":{"line":4,"column":0},"end":{"line":24,"column":3}},"3":{"start":{"line":5,"column":2},"end":{"line":5,"column":65}},"4":{"start":{"line":6,"column":2},"end":{"line":23,"column":5}},"5":{"start":{"line":26,"column":0},"end":{"line":26,"column":24}}},"fnMap":{"0":{"name":"(anonymous_0)","decl":{"start":{"line":4,"column":16},"end":{"line":4,"column":17}},"loc":{"start":{"line":4,"column":30},"end":{"line":24,"column":1}},"line":4}},"branchMap":{},"s":{"0":25,"1":25,"2":25,"3":1,"4":1,"5":25},"f":{"0":1},"b":{},"_coverageSchema":"1a1c01bbd47fc00a2c39e90264f33305004495a9","hash":"31f955bc73bda14ccf260ffabfef0acb1ec416d9"}
,"C:\\Users\\2008389\\Development\\transparency-db-admin-portal\\routes\\awardsfilterroute.js": {"path":"C:\\Users\\2008389\\Development\\transparency-db-admin-portal\\routes\\awardsfilterroute.js","statementMap":{"0":{"start":{"line":5,"column":16},"end":{"line":5,"column":34}},"1":{"start":{"line":6,"column":15},"end":{"line":6,"column":31}},"2":{"start":{"line":7,"column":14},"end":{"line":7,"column":30}},"3":{"start":{"line":8,"column":14},"end":{"line":8,"column":32}},"4":{"start":{"line":10,"column":0},"end":{"line":85,"column":3}},"5":{"start":{"line":11,"column":2},"end":{"line":11,"column":51}},"6":{"start":{"line":12,"column":2},"end":{"line":12,"column":33}},"7":{"start":{"line":14,"column":2},"end":{"line":14,"column":17}},"8":{"start":{"line":15,"column":2},"end":{"line":15,"column":40}},"9":{"start":{"line":17,"column":2},"end":{"line":19,"column":3}},"10":{"start":{"line":18,"column":4},"end":{"line":18,"column":31}},"11":{"start":{"line":21,"column":2},"end":{"line":21,"column":76}},"12":{"start":{"line":22,"column":2},"end":{"line":22,"column":49}},"13":{"start":{"line":23,"column":2},"end":{"line":23,"column":51}},"14":{"start":{"line":24,"column":2},"end":{"line":24,"column":22}},"15":{"start":{"line":25,"column":2},"end":{"line":25,"column":36}},"16":{"start":{"line":26,"column":2},"end":{"line":26,"column":74}},"17":{"start":{"line":28,"column":2},"end":{"line":36,"column":25}},"18":{"start":{"line":37,"column":2},"end":{"line":37,"column":45}},"19":{"start":{"line":39,"column":2},"end":{"line":82,"column":3}},"20":{"start":{"line":40,"column":20},"end":{"line":40,"column":47}},"21":{"start":{"line":41,"column":4},"end":{"line":41,"column":45}},"22":{"start":{"line":42,"column":4},"end":{"line":42,"column":44}},"23":{"start":{"line":43,"column":4},"end":{"line":43,"column":62}},"24":{"start":{"line":44,"column":4},"end":{"line":44,"column":40}},"25":{"start":{"line":45,"column":4},"end":{"line":45,"column":32}},"26":{"start":{"line":46,"column":27},"end":{"line":46,"column":39}},"27":{"start":{"line":47,"column":4},"end":{"line":47,"column":51}},"28":{"start":{"line":48,"column":29},"end":{"line":48,"column":61}},"29":{"start":{"line":49,"column":27},"end":{"line":49,"column":55}},"30":{"start":{"line":50,"column":4},"end":{"line":50,"column":48}},"31":{"start":{"line":52,"column":4},"end":{"line":52,"column":68}},"32":{"start":{"line":53,"column":4},"end":{"line":53,"column":43}},"33":{"start":{"line":54,"column":4},"end":{"line":54,"column":43}},"34":{"start":{"line":55,"column":4},"end":{"line":55,"column":21}},"35":{"start":{"line":56,"column":4},"end":{"line":56,"column":22}},"36":{"start":{"line":57,"column":4},"end":{"line":57,"column":18}},"37":{"start":{"line":58,"column":4},"end":{"line":58,"column":21}},"38":{"start":{"line":59,"column":4},"end":{"line":59,"column":46}},"39":{"start":{"line":60,"column":4},"end":{"line":60,"column":28}},"40":{"start":{"line":62,"column":4},"end":{"line":62,"column":19}},"41":{"start":{"line":63,"column":4},"end":{"line":67,"column":5}},"42":{"start":{"line":64,"column":6},"end":{"line":64,"column":27}},"43":{"start":{"line":66,"column":6},"end":{"line":66,"column":19}},"44":{"start":{"line":68,"column":4},"end":{"line":77,"column":7}},"45":{"start":{"line":79,"column":4},"end":{"line":79,"column":33}},"46":{"start":{"line":80,"column":4},"end":{"line":80,"column":42}},"47":{"start":{"line":81,"column":4},"end":{"line":81,"column":76}},"48":{"start":{"line":87,"column":0},"end":{"line":87,"column":24}}},"fnMap":{"0":{"name":"(anonymous_0)","decl":{"start":{"line":10,"column":16},"end":{"line":10,"column":17}},"loc":{"start":{"line":10,"column":36},"end":{"line":85,"column":1}},"line":10}},"branchMap":{"0":{"loc":{"start":{"line":17,"column":2},"end":{"line":19,"column":3}},"type":"if","locations":[{"start":{"line":17,"column":2},"end":{"line":19,"column":3}},{"start":{"line":17,"column":2},"end":{"line":19,"column":3}}],"line":17},"1":{"loc":{"start":{"line":63,"column":4},"end":{"line":67,"column":5}},"type":"if","locations":[{"start":{"line":63,"column":4},"end":{"line":67,"column":5}},{"start":{"line":63,"column":4},"end":{"line":67,"column":5}}],"line":63}},"s":{"0":25,"1":25,"2":25,"3":25,"4":25,"5":0,"6":0,"7":0,"8":0,"9":0,"10":0,"11":0,"12":0,"13":0,"14":0,"15":0,"16":0,"17":0,"18":0,"19":0,"20":0,"21":0,"22":0,"23":0,"24":0,"25":0,"26":0,"27":0,"28":0,"29":0,"30":0,"31":0,"32":0,"33":0,"34":0,"35":0,"36":0,"37":0,"38":0,"39":0,"40":0,"41":0,"42":0,"43":0,"44":0,"45":0,"46":0,"47":0,"48":25},"f":{"0":0},"b":{"0":[0,0],"1":[0,0]},"_coverageSchema":"1a1c01bbd47fc00a2c39e90264f33305004495a9","hash":"fc3a1045ba547e87332d14fd04b33451c343b7bf"}
,"C:\\Users\\2008389\\Development\\transparency-db-admin-portal\\routes\\awardspageperroute.js": {"path":"C:\\Users\\2008389\\Development\\transparency-db-admin-portal\\routes\\awardspageperroute.js","statementMap":{"0":{"start":{"line":5,"column":16},"end":{"line":5,"column":34}},"1":{"start":{"line":6,"column":15},"end":{"line":6,"column":31}},"2":{"start":{"line":7,"column":14},"end":{"line":7,"column":30}},"3":{"start":{"line":8,"column":14},"end":{"line":8,"column":32}},"4":{"start":{"line":10,"column":0},"end":{"line":123,"column":3}},"5":{"start":{"line":11,"column":2},"end":{"line":11,"column":51}},"6":{"start":{"line":12,"column":2},"end":{"line":12,"column":38}},"7":{"start":{"line":14,"column":2},"end":{"line":14,"column":62}},"8":{"start":{"line":15,"column":2},"end":{"line":15,"column":23}},"9":{"start":{"line":16,"column":2},"end":{"line":16,"column":19}},"10":{"start":{"line":17,"column":2},"end":{"line":17,"column":37}},"11":{"start":{"line":19,"column":2},"end":{"line":19,"column":35}},"12":{"start":{"line":22,"column":2},"end":{"line":22,"column":76}},"13":{"start":{"line":23,"column":2},"end":{"line":23,"column":49}},"14":{"start":{"line":24,"column":2},"end":{"line":24,"column":51}},"15":{"start":{"line":25,"column":2},"end":{"line":25,"column":22}},"16":{"start":{"line":26,"column":2},"end":{"line":26,"column":36}},"17":{"start":{"line":27,"column":2},"end":{"line":27,"column":74}},"18":{"start":{"line":29,"column":2},"end":{"line":37,"column":25}},"19":{"start":{"line":38,"column":2},"end":{"line":38,"column":58}},"20":{"start":{"line":40,"column":2},"end":{"line":122,"column":3}},"21":{"start":{"line":41,"column":20},"end":{"line":41,"column":53}},"22":{"start":{"line":42,"column":4},"end":{"line":42,"column":45}},"23":{"start":{"line":43,"column":4},"end":{"line":43,"column":40}},"24":{"start":{"line":44,"column":4},"end":{"line":44,"column":32}},"25":{"start":{"line":45,"column":27},"end":{"line":45,"column":39}},"26":{"start":{"line":46,"column":4},"end":{"line":46,"column":51}},"27":{"start":{"line":47,"column":29},"end":{"line":47,"column":61}},"28":{"start":{"line":49,"column":27},"end":{"line":49,"column":55}},"29":{"start":{"line":51,"column":4},"end":{"line":51,"column":58}},"30":{"start":{"line":53,"column":4},"end":{"line":65,"column":5}},"31":{"start":{"line":54,"column":6},"end":{"line":54,"column":23}},"32":{"start":{"line":55,"column":6},"end":{"line":55,"column":48}},"33":{"start":{"line":56,"column":11},"end":{"line":65,"column":5}},"34":{"start":{"line":57,"column":6},"end":{"line":57,"column":75}},"35":{"start":{"line":58,"column":6},"end":{"line":58,"column":29}},"36":{"start":{"line":60,"column":6},"end":{"line":63,"column":10}},"37":{"start":{"line":64,"column":6},"end":{"line":64,"column":63}},"38":{"start":{"line":67,"column":4},"end":{"line":67,"column":68}},"39":{"start":{"line":69,"column":4},"end":{"line":78,"column":5}},"40":{"start":{"line":70,"column":6},"end":{"line":70,"column":24}},"41":{"start":{"line":71,"column":6},"end":{"line":71,"column":20}},"42":{"start":{"line":72,"column":11},"end":{"line":78,"column":5}},"43":{"start":{"line":73,"column":6},"end":{"line":73,"column":36}},"44":{"start":{"line":74,"column":6},"end":{"line":74,"column":28}},"45":{"start":{"line":76,"column":6},"end":{"line":76,"column":39}},"46":{"start":{"line":77,"column":6},"end":{"line":77,"column":35}},"47":{"start":{"line":80,"column":4},"end":{"line":80,"column":44}},"48":{"start":{"line":81,"column":4},"end":{"line":81,"column":57}},"49":{"start":{"line":82,"column":4},"end":{"line":82,"column":55}},"50":{"start":{"line":83,"column":4},"end":{"line":83,"column":51}},"51":{"start":{"line":87,"column":4},"end":{"line":96,"column":5}},"52":{"start":{"line":88,"column":6},"end":{"line":88,"column":21}},"53":{"start":{"line":89,"column":6},"end":{"line":89,"column":19}},"54":{"start":{"line":90,"column":11},"end":{"line":96,"column":5}},"55":{"start":{"line":91,"column":6},"end":{"line":91,"column":21}},"56":{"start":{"line":92,"column":6},"end":{"line":92,"column":27}},"57":{"start":{"line":93,"column":11},"end":{"line":96,"column":5}},"58":{"start":{"line":94,"column":6},"end":{"line":94,"column":21}},"59":{"start":{"line":95,"column":6},"end":{"line":95,"column":27}},"60":{"start":{"line":97,"column":4},"end":{"line":104,"column":5}},"61":{"start":{"line":98,"column":6},"end":{"line":98,"column":69}},"62":{"start":{"line":99,"column":6},"end":{"line":99,"column":39}},"63":{"start":{"line":100,"column":6},"end":{"line":103,"column":7}},"64":{"start":{"line":101,"column":8},"end":{"line":101,"column":29}},"65":{"start":{"line":102,"column":8},"end":{"line":102,"column":35}},"66":{"start":{"line":106,"column":4},"end":{"line":106,"column":45}},"67":{"start":{"line":107,"column":4},"end":{"line":107,"column":41}},"68":{"start":{"line":108,"column":4},"end":{"line":108,"column":44}},"69":{"start":{"line":109,"column":4},"end":{"line":119,"column":7}},"70":{"start":{"line":121,"column":4},"end":{"line":121,"column":23}},"71":{"start":{"line":125,"column":0},"end":{"line":127,"column":3}},"72":{"start":{"line":126,"column":2},"end":{"line":126,"column":43}},"73":{"start":{"line":129,"column":0},"end":{"line":129,"column":24}}},"fnMap":{"0":{"name":"(anonymous_0)","decl":{"start":{"line":10,"column":16},"end":{"line":10,"column":17}},"loc":{"start":{"line":10,"column":36},"end":{"line":123,"column":1}},"line":10},"1":{"name":"(anonymous_1)","decl":{"start":{"line":125,"column":17},"end":{"line":125,"column":18}},"loc":{"start":{"line":125,"column":31},"end":{"line":127,"column":1}},"line":125}},"branchMap":{"0":{"loc":{"start":{"line":53,"column":4},"end":{"line":65,"column":5}},"type":"if","locations":[{"start":{"line":53,"column":4},"end":{"line":65,"column":5}},{"start":{"line":53,"column":4},"end":{"line":65,"column":5}}],"line":53},"1":{"loc":{"start":{"line":56,"column":11},"end":{"line":65,"column":5}},"type":"if","locations":[{"start":{"line":56,"column":11},"end":{"line":65,"column":5}},{"start":{"line":56,"column":11},"end":{"line":65,"column":5}}],"line":56},"2":{"loc":{"start":{"line":69,"column":4},"end":{"line":78,"column":5}},"type":"if","locations":[{"start":{"line":69,"column":4},"end":{"line":78,"column":5}},{"start":{"line":69,"column":4},"end":{"line":78,"column":5}}],"line":69},"3":{"loc":{"start":{"line":72,"column":11},"end":{"line":78,"column":5}},"type":"if","locations":[{"start":{"line":72,"column":11},"end":{"line":78,"column":5}},{"start":{"line":72,"column":11},"end":{"line":78,"column":5}}],"line":72},"4":{"loc":{"start":{"line":87,"column":4},"end":{"line":96,"column":5}},"type":"if","locations":[{"start":{"line":87,"column":4},"end":{"line":96,"column":5}},{"start":{"line":87,"column":4},"end":{"line":96,"column":5}}],"line":87},"5":{"loc":{"start":{"line":87,"column":8},"end":{"line":87,"column":41}},"type":"binary-expr","locations":[{"start":{"line":87,"column":8},"end":{"line":87,"column":24}},{"start":{"line":87,"column":28},"end":{"line":87,"column":41}}],"line":87},"6":{"loc":{"start":{"line":90,"column":11},"end":{"line":96,"column":5}},"type":"if","locations":[{"start":{"line":90,"column":11},"end":{"line":96,"column":5}},{"start":{"line":90,"column":11},"end":{"line":96,"column":5}}],"line":90},"7":{"loc":{"start":{"line":90,"column":15},"end":{"line":90,"column":49}},"type":"binary-expr","locations":[{"start":{"line":90,"column":15},"end":{"line":90,"column":31}},{"start":{"line":90,"column":35},"end":{"line":90,"column":49}}],"line":90},"8":{"loc":{"start":{"line":93,"column":11},"end":{"line":96,"column":5}},"type":"if","locations":[{"start":{"line":93,"column":11},"end":{"line":96,"column":5}},{"start":{"line":93,"column":11},"end":{"line":96,"column":5}}],"line":93},"9":{"loc":{"start":{"line":93,"column":15},"end":{"line":93,"column":50}},"type":"binary-expr","locations":[{"start":{"line":93,"column":15},"end":{"line":93,"column":32}},{"start":{"line":93,"column":36},"end":{"line":93,"column":50}}],"line":93},"10":{"loc":{"start":{"line":97,"column":4},"end":{"line":104,"column":5}},"type":"if","locations":[{"start":{"line":97,"column":4},"end":{"line":104,"column":5}},{"start":{"line":97,"column":4},"end":{"line":104,"column":5}}],"line":97},"11":{"loc":{"start":{"line":97,"column":8},"end":{"line":97,"column":42}},"type":"binary-expr","locations":[{"start":{"line":97,"column":8},"end":{"line":97,"column":25}},{"start":{"line":97,"column":29},"end":{"line":97,"column":42}}],"line":97},"12":{"loc":{"start":{"line":100,"column":6},"end":{"line":103,"column":7}},"type":"if","locations":[{"start":{"line":100,"column":6},"end":{"line":103,"column":7}},{"start":{"line":100,"column":6},"end":{"line":103,"column":7}}],"line":100}},"s":{"0":25,"1":25,"2":25,"3":25,"4":25,"5":0,"6":0,"7":0,"8":0,"9":0,"10":0,"11":0,"12":0,"13":0,"14":0,"15":0,"16":0,"17":0,"18":0,"19":0,"20":0,"21":0,"22":0,"23":0,"24":0,"25":0,"26":0,"27":0,"28":0,"29":0,"30":0,"31":0,"32":0,"33":0,"34":0,"35":0,"36":0,"37":0,"38":0,"39":0,"40":0,"41":0,"42":0,"43":0,"44":0,"45":0,"46":0,"47":0,"48":0,"49":0,"50":0,"51":0,"52":0,"53":0,"54":0,"55":0,"56":0,"57":0,"58":0,"59":0,"60":0,"61":0,"62":0,"63":0,"64":0,"65":0,"66":0,"67":0,"68":0,"69":0,"70":0,"71":25,"72":0,"73":25},"f":{"0":0,"1":0},"b":{"0":[0,0],"1":[0,0],"2":[0,0],"3":[0,0],"4":[0,0],"5":[0,0],"6":[0,0],"7":[0,0],"8":[0,0],"9":[0,0],"10":[0,0],"11":[0,0],"12":[0,0]},"_coverageSchema":"1a1c01bbd47fc00a2c39e90264f33305004495a9","hash":"b24312a3b0db9120c59150745465bf0de3561678"}
,"C:\\Users\\2008389\\Development\\transparency-db-admin-portal\\routes\\awardspageroute.js": {"path":"C:\\Users\\2008389\\Development\\transparency-db-admin-portal\\routes\\awardspageroute.js","statementMap":{"0":{"start":{"line":5,"column":16},"end":{"line":5,"column":34}},"1":{"start":{"line":6,"column":15},"end":{"line":6,"column":31}},"2":{"start":{"line":7,"column":14},"end":{"line":7,"column":30}},"3":{"start":{"line":8,"column":14},"end":{"line":8,"column":32}},"4":{"start":{"line":10,"column":0},"end":{"line":120,"column":3}},"5":{"start":{"line":11,"column":2},"end":{"line":11,"column":51}},"6":{"start":{"line":13,"column":2},"end":{"line":13,"column":38}},"7":{"start":{"line":14,"column":2},"end":{"line":14,"column":46}},"8":{"start":{"line":15,"column":2},"end":{"line":15,"column":58}},"9":{"start":{"line":17,"column":2},"end":{"line":17,"column":37}},"10":{"start":{"line":19,"column":2},"end":{"line":28,"column":3}},"11":{"start":{"line":20,"column":4},"end":{"line":20,"column":22}},"12":{"start":{"line":21,"column":4},"end":{"line":21,"column":18}},"13":{"start":{"line":22,"column":9},"end":{"line":28,"column":3}},"14":{"start":{"line":23,"column":4},"end":{"line":23,"column":34}},"15":{"start":{"line":24,"column":4},"end":{"line":24,"column":26}},"16":{"start":{"line":26,"column":4},"end":{"line":26,"column":37}},"17":{"start":{"line":27,"column":4},"end":{"line":27,"column":33}},"18":{"start":{"line":29,"column":2},"end":{"line":29,"column":55}},"19":{"start":{"line":30,"column":2},"end":{"line":30,"column":53}},"20":{"start":{"line":31,"column":2},"end":{"line":31,"column":49}},"21":{"start":{"line":33,"column":2},"end":{"line":33,"column":35}},"22":{"start":{"line":36,"column":2},"end":{"line":36,"column":76}},"23":{"start":{"line":37,"column":2},"end":{"line":37,"column":49}},"24":{"start":{"line":38,"column":2},"end":{"line":38,"column":51}},"25":{"start":{"line":39,"column":2},"end":{"line":39,"column":22}},"26":{"start":{"line":40,"column":2},"end":{"line":40,"column":36}},"27":{"start":{"line":41,"column":2},"end":{"line":41,"column":74}},"28":{"start":{"line":43,"column":2},"end":{"line":51,"column":25}},"29":{"start":{"line":52,"column":2},"end":{"line":52,"column":58}},"30":{"start":{"line":54,"column":2},"end":{"line":119,"column":3}},"31":{"start":{"line":55,"column":20},"end":{"line":55,"column":53}},"32":{"start":{"line":56,"column":4},"end":{"line":56,"column":45}},"33":{"start":{"line":57,"column":4},"end":{"line":57,"column":40}},"34":{"start":{"line":58,"column":4},"end":{"line":58,"column":32}},"35":{"start":{"line":59,"column":27},"end":{"line":59,"column":39}},"36":{"start":{"line":60,"column":4},"end":{"line":60,"column":51}},"37":{"start":{"line":61,"column":29},"end":{"line":61,"column":61}},"38":{"start":{"line":63,"column":27},"end":{"line":63,"column":55}},"39":{"start":{"line":65,"column":4},"end":{"line":65,"column":58}},"40":{"start":{"line":67,"column":4},"end":{"line":79,"column":5}},"41":{"start":{"line":68,"column":6},"end":{"line":68,"column":23}},"42":{"start":{"line":69,"column":6},"end":{"line":69,"column":48}},"43":{"start":{"line":70,"column":11},"end":{"line":79,"column":5}},"44":{"start":{"line":71,"column":6},"end":{"line":71,"column":75}},"45":{"start":{"line":72,"column":6},"end":{"line":72,"column":29}},"46":{"start":{"line":74,"column":6},"end":{"line":77,"column":10}},"47":{"start":{"line":78,"column":6},"end":{"line":78,"column":63}},"48":{"start":{"line":81,"column":4},"end":{"line":81,"column":68}},"49":{"start":{"line":85,"column":4},"end":{"line":94,"column":5}},"50":{"start":{"line":86,"column":6},"end":{"line":86,"column":21}},"51":{"start":{"line":87,"column":6},"end":{"line":87,"column":19}},"52":{"start":{"line":88,"column":11},"end":{"line":94,"column":5}},"53":{"start":{"line":89,"column":6},"end":{"line":89,"column":21}},"54":{"start":{"line":90,"column":6},"end":{"line":90,"column":27}},"55":{"start":{"line":91,"column":11},"end":{"line":94,"column":5}},"56":{"start":{"line":92,"column":6},"end":{"line":92,"column":21}},"57":{"start":{"line":93,"column":6},"end":{"line":93,"column":27}},"58":{"start":{"line":95,"column":4},"end":{"line":102,"column":5}},"59":{"start":{"line":96,"column":6},"end":{"line":96,"column":69}},"60":{"start":{"line":97,"column":6},"end":{"line":97,"column":39}},"61":{"start":{"line":98,"column":6},"end":{"line":101,"column":7}},"62":{"start":{"line":99,"column":8},"end":{"line":99,"column":29}},"63":{"start":{"line":100,"column":8},"end":{"line":100,"column":35}},"64":{"start":{"line":104,"column":4},"end":{"line":104,"column":45}},"65":{"start":{"line":105,"column":4},"end":{"line":105,"column":41}},"66":{"start":{"line":106,"column":4},"end":{"line":106,"column":44}},"67":{"start":{"line":108,"column":4},"end":{"line":116,"column":7}},"68":{"start":{"line":118,"column":4},"end":{"line":118,"column":23}},"69":{"start":{"line":122,"column":0},"end":{"line":124,"column":3}},"70":{"start":{"line":123,"column":2},"end":{"line":123,"column":43}},"71":{"start":{"line":126,"column":0},"end":{"line":126,"column":24}}},"fnMap":{"0":{"name":"(anonymous_0)","decl":{"start":{"line":10,"column":16},"end":{"line":10,"column":17}},"loc":{"start":{"line":10,"column":36},"end":{"line":120,"column":1}},"line":10},"1":{"name":"(anonymous_1)","decl":{"start":{"line":122,"column":17},"end":{"line":122,"column":18}},"loc":{"start":{"line":122,"column":31},"end":{"line":124,"column":1}},"line":122}},"branchMap":{"0":{"loc":{"start":{"line":19,"column":2},"end":{"line":28,"column":3}},"type":"if","locations":[{"start":{"line":19,"column":2},"end":{"line":28,"column":3}},{"start":{"line":19,"column":2},"end":{"line":28,"column":3}}],"line":19},"1":{"loc":{"start":{"line":22,"column":9},"end":{"line":28,"column":3}},"type":"if","locations":[{"start":{"line":22,"column":9},"end":{"line":28,"column":3}},{"start":{"line":22,"column":9},"end":{"line":28,"column":3}}],"line":22},"2":{"loc":{"start":{"line":67,"column":4},"end":{"line":79,"column":5}},"type":"if","locations":[{"start":{"line":67,"column":4},"end":{"line":79,"column":5}},{"start":{"line":67,"column":4},"end":{"line":79,"column":5}}],"line":67},"3":{"loc":{"start":{"line":70,"column":11},"end":{"line":79,"column":5}},"type":"if","locations":[{"start":{"line":70,"column":11},"end":{"line":79,"column":5}},{"start":{"line":70,"column":11},"end":{"line":79,"column":5}}],"line":70},"4":{"loc":{"start":{"line":85,"column":4},"end":{"line":94,"column":5}},"type":"if","locations":[{"start":{"line":85,"column":4},"end":{"line":94,"column":5}},{"start":{"line":85,"column":4},"end":{"line":94,"column":5}}],"line":85},"5":{"loc":{"start":{"line":85,"column":8},"end":{"line":85,"column":41}},"type":"binary-expr","locations":[{"start":{"line":85,"column":8},"end":{"line":85,"column":24}},{"start":{"line":85,"column":28},"end":{"line":85,"column":41}}],"line":85},"6":{"loc":{"start":{"line":88,"column":11},"end":{"line":94,"column":5}},"type":"if","locations":[{"start":{"line":88,"column":11},"end":{"line":94,"column":5}},{"start":{"line":88,"column":11},"end":{"line":94,"column":5}}],"line":88},"7":{"loc":{"start":{"line":88,"column":15},"end":{"line":88,"column":49}},"type":"binary-expr","locations":[{"start":{"line":88,"column":15},"end":{"line":88,"column":31}},{"start":{"line":88,"column":35},"end":{"line":88,"column":49}}],"line":88},"8":{"loc":{"start":{"line":91,"column":11},"end":{"line":94,"column":5}},"type":"if","locations":[{"start":{"line":91,"column":11},"end":{"line":94,"column":5}},{"start":{"line":91,"column":11},"end":{"line":94,"column":5}}],"line":91},"9":{"loc":{"start":{"line":91,"column":15},"end":{"line":91,"column":50}},"type":"binary-expr","locations":[{"start":{"line":91,"column":15},"end":{"line":91,"column":32}},{"start":{"line":91,"column":36},"end":{"line":91,"column":50}}],"line":91},"10":{"loc":{"start":{"line":95,"column":4},"end":{"line":102,"column":5}},"type":"if","locations":[{"start":{"line":95,"column":4},"end":{"line":102,"column":5}},{"start":{"line":95,"column":4},"end":{"line":102,"column":5}}],"line":95},"11":{"loc":{"start":{"line":95,"column":8},"end":{"line":95,"column":42}},"type":"binary-expr","locations":[{"start":{"line":95,"column":8},"end":{"line":95,"column":25}},{"start":{"line":95,"column":29},"end":{"line":95,"column":42}}],"line":95},"12":{"loc":{"start":{"line":98,"column":6},"end":{"line":101,"column":7}},"type":"if","locations":[{"start":{"line":98,"column":6},"end":{"line":101,"column":7}},{"start":{"line":98,"column":6},"end":{"line":101,"column":7}}],"line":98}},"s":{"0":25,"1":25,"2":25,"3":25,"4":25,"5":0,"6":0,"7":0,"8":0,"9":0,"10":0,"11":0,"12":0,"13":0,"14":0,"15":0,"16":0,"17":0,"18":0,"19":0,"20":0,"21":0,"22":0,"23":0,"24":0,"25":0,"26":0,"27":0,"28":0,"29":0,"30":0,"31":0,"32":0,"33":0,"34":0,"35":0,"36":0,"37":0,"38":0,"39":0,"40":0,"41":0,"42":0,"43":0,"44":0,"45":0,"46":0,"47":0,"48":0,"49":0,"50":0,"51":0,"52":0,"53":0,"54":0,"55":0,"56":0,"57":0,"58":0,"59":0,"60":0,"61":0,"62":0,"63":0,"64":0,"65":0,"66":0,"67":0,"68":0,"69":25,"70":0,"71":25},"f":{"0":0,"1":0},"b":{"0":[0,0],"1":[0,0],"2":[0,0],"3":[0,0],"4":[0,0],"5":[0,0],"6":[0,0],"7":[0,0],"8":[0,0],"9":[0,0],"10":[0,0],"11":[0,0],"12":[0,0]},"_coverageSchema":"1a1c01bbd47fc00a2c39e90264f33305004495a9","hash":"9d657821cb2f5749f15fef732e9cdab30b7f3f97"}
,"C:\\Users\\2008389\\Development\\transparency-db-admin-portal\\routes\\bulkuploadsubsidy.js": {"path":"C:\\Users\\2008389\\Development\\transparency-db-admin-portal\\routes\\bulkuploadsubsidy.js","statementMap":{"0":{"start":{"line":2,"column":16},"end":{"line":2,"column":34}},"1":{"start":{"line":3,"column":15},"end":{"line":3,"column":31}},"2":{"start":{"line":5,"column":0},"end":{"line":7,"column":4}},"3":{"start":{"line":6,"column":4},"end":{"line":6,"column":53}},"4":{"start":{"line":10,"column":0},"end":{"line":10,"column":24}}},"fnMap":{"0":{"name":"(anonymous_0)","decl":{"start":{"line":5,"column":15},"end":{"line":5,"column":16}},"loc":{"start":{"line":5,"column":29},"end":{"line":7,"column":3}},"line":5}},"branchMap":{},"s":{"0":25,"1":25,"2":25,"3":1,"4":25},"f":{"0":1},"b":{},"_coverageSchema":"1a1c01bbd47fc00a2c39e90264f33305004495a9","hash":"94ea1562d917a72d7cfc993b18eb4ab27bedd6c7"}
,"C:\\Users\\2008389\\Development\\transparency-db-admin-portal\\routes\\cancelmysubsidy.js": {"path":"C:\\Users\\2008389\\Development\\transparency-db-admin-portal\\routes\\cancelmysubsidy.js","statementMap":{"0":{"start":{"line":2,"column":16},"end":{"line":2,"column":34}},"1":{"start":{"line":3,"column":15},"end":{"line":3,"column":31}},"2":{"start":{"line":6,"column":0},"end":{"line":8,"column":5}},"3":{"start":{"line":7,"column":4},"end":{"line":7,"column":44}},"4":{"start":{"line":11,"column":0},"end":{"line":11,"column":24}}},"fnMap":{"0":{"name":"(anonymous_0)","decl":{"start":{"line":6,"column":16},"end":{"line":6,"column":17}},"loc":{"start":{"line":6,"column":30},"end":{"line":8,"column":3}},"line":6}},"branchMap":{},"s":{"0":25,"1":25,"2":25,"3":1,"4":25},"f":{"0":1},"b":{},"_coverageSchema":"1a1c01bbd47fc00a2c39e90264f33305004495a9","hash":"dafba96a2c36c01883b1038814c1c5e3bb012358"}
,"C:\\Users\\2008389\\Development\\transparency-db-admin-portal\\routes\\choosedashboard.js": {"path":"C:\\Users\\2008389\\Development\\transparency-db-admin-portal\\routes\\choosedashboard.js","statementMap":{"0":{"start":{"line":1,"column":16},"end":{"line":1,"column":34}},"1":{"start":{"line":2,"column":15},"end":{"line":2,"column":31}},"2":{"start":{"line":3,"column":14},"end":{"line":3,"column":30}},"3":{"start":{"line":4,"column":14},"end":{"line":4,"column":32}},"4":{"start":{"line":6,"column":0},"end":{"line":161,"column":3}},"5":{"start":{"line":10,"column":34},"end":{"line":10,"column":36}},"6":{"start":{"line":11,"column":28},"end":{"line":11,"column":30}},"7":{"start":{"line":12,"column":30},"end":{"line":12,"column":32}},"8":{"start":{"line":13,"column":2},"end":{"line":13,"column":52}},"9":{"start":{"line":15,"column":2},"end":{"line":15,"column":119}},"10":{"start":{"line":16,"column":2},"end":{"line":16,"column":125}},"11":{"start":{"line":17,"column":2},"end":{"line":17,"column":114}},"12":{"start":{"line":18,"column":2},"end":{"line":18,"column":35}},"13":{"start":{"line":19,"column":2},"end":{"line":19,"column":41}},"14":{"start":{"line":20,"column":2},"end":{"line":20,"column":37}},"15":{"start":{"line":46,"column":2},"end":{"line":46,"column":35}},"16":{"start":{"line":48,"column":62},"end":{"line":48,"column":70}},"17":{"start":{"line":50,"column":2},"end":{"line":50,"column":58}},"18":{"start":{"line":51,"column":2},"end":{"line":51,"column":52}},"19":{"start":{"line":53,"column":2},"end":{"line":53,"column":43}},"20":{"start":{"line":54,"column":2},"end":{"line":54,"column":35}},"21":{"start":{"line":56,"column":2},"end":{"line":160,"column":3}},"22":{"start":{"line":58,"column":6},"end":{"line":58,"column":154}},"23":{"start":{"line":59,"column":17},"end":{"line":61,"column":5}},"24":{"start":{"line":63,"column":15},"end":{"line":63,"column":63}},"25":{"start":{"line":64,"column":4},"end":{"line":64,"column":52}},"26":{"start":{"line":66,"column":4},"end":{"line":81,"column":5}},"27":{"start":{"line":67,"column":22},"end":{"line":70,"column":7}},"28":{"start":{"line":71,"column":6},"end":{"line":71,"column":47}},"29":{"start":{"line":72,"column":6},"end":{"line":72,"column":46}},"30":{"start":{"line":73,"column":6},"end":{"line":73,"column":64}},"31":{"start":{"line":74,"column":6},"end":{"line":74,"column":42}},"32":{"start":{"line":75,"column":6},"end":{"line":75,"column":37}},"33":{"start":{"line":76,"column":6},"end":{"line":76,"column":51}},"34":{"start":{"line":78,"column":6},"end":{"line":78,"column":35}},"35":{"start":{"line":79,"column":6},"end":{"line":79,"column":44}},"36":{"start":{"line":80,"column":6},"end":{"line":80,"column":78}},"37":{"start":{"line":82,"column":9},"end":{"line":160,"column":3}},"38":{"start":{"line":84,"column":6},"end":{"line":84,"column":165}},"39":{"start":{"line":85,"column":17},"end":{"line":87,"column":5}},"40":{"start":{"line":89,"column":15},"end":{"line":89,"column":63}},"41":{"start":{"line":90,"column":4},"end":{"line":90,"column":52}},"42":{"start":{"line":92,"column":4},"end":{"line":107,"column":5}},"43":{"start":{"line":93,"column":22},"end":{"line":96,"column":7}},"44":{"start":{"line":97,"column":6},"end":{"line":97,"column":47}},"45":{"start":{"line":98,"column":6},"end":{"line":98,"column":46}},"46":{"start":{"line":99,"column":6},"end":{"line":99,"column":64}},"47":{"start":{"line":100,"column":6},"end":{"line":100,"column":42}},"48":{"start":{"line":101,"column":6},"end":{"line":101,"column":37}},"49":{"start":{"line":102,"column":6},"end":{"line":102,"column":49}},"50":{"start":{"line":104,"column":6},"end":{"line":104,"column":35}},"51":{"start":{"line":105,"column":6},"end":{"line":105,"column":44}},"52":{"start":{"line":106,"column":6},"end":{"line":106,"column":78}},"53":{"start":{"line":108,"column":9},"end":{"line":160,"column":3}},"54":{"start":{"line":110,"column":6},"end":{"line":110,"column":160}},"55":{"start":{"line":111,"column":17},"end":{"line":113,"column":5}},"56":{"start":{"line":115,"column":15},"end":{"line":115,"column":63}},"57":{"start":{"line":116,"column":4},"end":{"line":116,"column":52}},"58":{"start":{"line":118,"column":4},"end":{"line":133,"column":5}},"59":{"start":{"line":119,"column":22},"end":{"line":122,"column":7}},"60":{"start":{"line":123,"column":6},"end":{"line":123,"column":47}},"61":{"start":{"line":124,"column":6},"end":{"line":124,"column":46}},"62":{"start":{"line":125,"column":6},"end":{"line":125,"column":64}},"63":{"start":{"line":126,"column":6},"end":{"line":126,"column":42}},"64":{"start":{"line":127,"column":6},"end":{"line":127,"column":37}},"65":{"start":{"line":128,"column":6},"end":{"line":128,"column":52}},"66":{"start":{"line":130,"column":6},"end":{"line":130,"column":35}},"67":{"start":{"line":131,"column":6},"end":{"line":131,"column":44}},"68":{"start":{"line":132,"column":6},"end":{"line":132,"column":78}},"69":{"start":{"line":134,"column":9},"end":{"line":160,"column":3}},"70":{"start":{"line":136,"column":6},"end":{"line":136,"column":159}},"71":{"start":{"line":137,"column":17},"end":{"line":139,"column":5}},"72":{"start":{"line":141,"column":15},"end":{"line":141,"column":63}},"73":{"start":{"line":142,"column":4},"end":{"line":142,"column":52}},"74":{"start":{"line":144,"column":4},"end":{"line":159,"column":5}},"75":{"start":{"line":145,"column":22},"end":{"line":148,"column":7}},"76":{"start":{"line":149,"column":6},"end":{"line":149,"column":47}},"77":{"start":{"line":150,"column":6},"end":{"line":150,"column":46}},"78":{"start":{"line":151,"column":6},"end":{"line":151,"column":64}},"79":{"start":{"line":152,"column":6},"end":{"line":152,"column":42}},"80":{"start":{"line":153,"column":6},"end":{"line":153,"column":37}},"81":{"start":{"line":154,"column":6},"end":{"line":154,"column":51}},"82":{"start":{"line":156,"column":6},"end":{"line":156,"column":35}},"83":{"start":{"line":157,"column":6},"end":{"line":157,"column":44}},"84":{"start":{"line":158,"column":6},"end":{"line":158,"column":78}},"85":{"start":{"line":163,"column":0},"end":{"line":163,"column":24}}},"fnMap":{"0":{"name":"(anonymous_0)","decl":{"start":{"line":6,"column":17},"end":{"line":6,"column":18}},"loc":{"start":{"line":6,"column":37},"end":{"line":161,"column":1}},"line":6}},"branchMap":{"0":{"loc":{"start":{"line":56,"column":2},"end":{"line":160,"column":3}},"type":"if","locations":[{"start":{"line":56,"column":2},"end":{"line":160,"column":3}},{"start":{"line":56,"column":2},"end":{"line":160,"column":3}}],"line":56},"1":{"loc":{"start":{"line":82,"column":9},"end":{"line":160,"column":3}},"type":"if","locations":[{"start":{"line":82,"column":9},"end":{"line":160,"column":3}},{"start":{"line":82,"column":9},"end":{"line":160,"column":3}}],"line":82},"2":{"loc":{"start":{"line":108,"column":9},"end":{"line":160,"column":3}},"type":"if","locations":[{"start":{"line":108,"column":9},"end":{"line":160,"column":3}},{"start":{"line":108,"column":9},"end":{"line":160,"column":3}}],"line":108},"3":{"loc":{"start":{"line":134,"column":9},"end":{"line":160,"column":3}},"type":"if","locations":[{"start":{"line":134,"column":9},"end":{"line":160,"column":3}},{"start":{"line":134,"column":9},"end":{"line":160,"column":3}}],"line":134}},"s":{"0":25,"1":25,"2":25,"3":25,"4":25,"5":4,"6":4,"7":4,"8":4,"9":4,"10":4,"11":4,"12":4,"13":4,"14":4,"15":4,"16":4,"17":4,"18":4,"19":4,"20":4,"21":4,"22":1,"23":1,"24":1,"25":1,"26":1,"27":1,"28":1,"29":1,"30":1,"31":1,"32":1,"33":1,"34":0,"35":0,"36":0,"37":3,"38":1,"39":1,"40":1,"41":1,"42":1,"43":1,"44":1,"45":1,"46":1,"47":1,"48":1,"49":1,"50":0,"51":0,"52":0,"53":2,"54":1,"55":1,"56":1,"57":1,"58":1,"59":1,"60":1,"61":1,"62":1,"63":1,"64":1,"65":1,"66":0,"67":0,"68":0,"69":1,"70":1,"71":1,"72":1,"73":1,"74":1,"75":1,"76":1,"77":1,"78":1,"79":1,"80":1,"81":1,"82":0,"83":0,"84":0,"85":25},"f":{"0":4},"b":{"0":[1,3],"1":[1,2],"2":[1,1],"3":[1,0]},"_coverageSchema":"1a1c01bbd47fc00a2c39e90264f33305004495a9","hash":"b9dc81d4f1afcc3e4cc2785b7b471ee1fe0b0680"}
,"C:\\Users\\2008389\\Development\\transparency-db-admin-portal\\routes\\editgrantingauthority.js": {"path":"C:\\Users\\2008389\\Development\\transparency-db-admin-portal\\routes\\editgrantingauthority.js","statementMap":{"0":{"start":{"line":2,"column":16},"end":{"line":2,"column":34}},"1":{"start":{"line":3,"column":15},"end":{"line":3,"column":31}},"2":{"start":{"line":5,"column":0},"end":{"line":7,"column":5}},"3":{"start":{"line":6,"column":4},"end":{"line":6,"column":50}},"4":{"start":{"line":9,"column":0},"end":{"line":9,"column":24}}},"fnMap":{"0":{"name":"(anonymous_0)","decl":{"start":{"line":5,"column":15},"end":{"line":5,"column":16}},"loc":{"start":{"line":5,"column":29},"end":{"line":7,"column":3}},"line":5}},"branchMap":{},"s":{"0":25,"1":25,"2":25,"3":1,"4":25},"f":{"0":1},"b":{},"_coverageSchema":"1a1c01bbd47fc00a2c39e90264f33305004495a9","hash":"6a0b57c09d89cb2fa1fb22427d9ec26250debbd5"}
,"C:\\Users\\2008389\\Development\\transparency-db-admin-portal\\routes\\formvalidation.js": {"path":"C:\\Users\\2008389\\Development\\transparency-db-admin-portal\\routes\\formvalidation.js","statementMap":{"0":{"start":{"line":1,"column":16},"end":{"line":1,"column":34}},"1":{"start":{"line":2,"column":15},"end":{"line":2,"column":31}},"2":{"start":{"line":3,"column":16},"end":{"line":3,"column":34}},"3":{"start":{"line":5,"column":0},"end":{"line":14,"column":3}},"4":{"start":{"line":6,"column":26},"end":{"line":6,"column":31}},"5":{"start":{"line":7,"column":24},"end":{"line":7,"column":29}},"6":{"start":{"line":8,"column":22},"end":{"line":8,"column":27}},"7":{"start":{"line":9,"column":2},"end":{"line":13,"column":5}},"8":{"start":{"line":16,"column":0},"end":{"line":136,"column":3}},"9":{"start":{"line":17,"column":26},"end":{"line":17,"column":31}},"10":{"start":{"line":19,"column":2},"end":{"line":19,"column":32}},"11":{"start":{"line":21,"column":2},"end":{"line":25,"column":11}},"12":{"start":{"line":22,"column":4},"end":{"line":24,"column":5}},"13":{"start":{"line":23,"column":6},"end":{"line":23,"column":41}},"14":{"start":{"line":27,"column":2},"end":{"line":135,"column":3}},"15":{"start":{"line":28,"column":4},"end":{"line":28,"column":29}},"16":{"start":{"line":29,"column":4},"end":{"line":29,"column":37}},"17":{"start":{"line":30,"column":4},"end":{"line":30,"column":70}},"18":{"start":{"line":32,"column":15},"end":{"line":32,"column":38}},"19":{"start":{"line":33,"column":22},"end":{"line":33,"column":31}},"20":{"start":{"line":34,"column":27},"end":{"line":34,"column":36}},"21":{"start":{"line":35,"column":19},"end":{"line":35,"column":28}},"22":{"start":{"line":36,"column":27},"end":{"line":36,"column":29}},"23":{"start":{"line":37,"column":4},"end":{"line":37,"column":45}},"24":{"start":{"line":38,"column":4},"end":{"line":38,"column":42}},"25":{"start":{"line":39,"column":4},"end":{"line":39,"column":45}},"26":{"start":{"line":43,"column":19},"end":{"line":43,"column":50}},"27":{"start":{"line":44,"column":17},"end":{"line":44,"column":35}},"28":{"start":{"line":45,"column":6},"end":{"line":47,"column":7}},"29":{"start":{"line":45,"column":19},"end":{"line":45,"column":20}},"30":{"start":{"line":46,"column":8},"end":{"line":46,"column":28}},"31":{"start":{"line":48,"column":6},"end":{"line":48,"column":20}},"32":{"start":{"line":51,"column":14},"end":{"line":51,"column":55}},"33":{"start":{"line":54,"column":14},"end":{"line":70,"column":6}},"34":{"start":{"line":55,"column":6},"end":{"line":69,"column":7}},"35":{"start":{"line":56,"column":8},"end":{"line":58,"column":10}},"36":{"start":{"line":60,"column":8},"end":{"line":60,"column":44}},"37":{"start":{"line":62,"column":8},"end":{"line":62,"column":36}},"38":{"start":{"line":63,"column":8},"end":{"line":63,"column":48}},"39":{"start":{"line":64,"column":8},"end":{"line":64,"column":48}},"40":{"start":{"line":65,"column":8},"end":{"line":67,"column":10}},"41":{"start":{"line":68,"column":8},"end":{"line":68,"column":52}},"42":{"start":{"line":71,"column":15},"end":{"line":71,"column":25}},"43":{"start":{"line":73,"column":4},"end":{"line":76,"column":7}},"44":{"start":{"line":78,"column":28},"end":{"line":78,"column":33}},"45":{"start":{"line":79,"column":34},"end":{"line":79,"column":38}},"46":{"start":{"line":80,"column":25},"end":{"line":80,"column":31}},"47":{"start":{"line":81,"column":27},"end":{"line":81,"column":34}},"48":{"start":{"line":82,"column":21},"end":{"line":82,"column":26}},"49":{"start":{"line":83,"column":23},"end":{"line":83,"column":28}},"50":{"start":{"line":84,"column":26},"end":{"line":84,"column":31}},"51":{"start":{"line":85,"column":24},"end":{"line":85,"column":29}},"52":{"start":{"line":86,"column":22},"end":{"line":86,"column":27}},"53":{"start":{"line":87,"column":19},"end":{"line":87,"column":24}},"54":{"start":{"line":89,"column":4},"end":{"line":95,"column":5}},"55":{"start":{"line":90,"column":6},"end":{"line":90,"column":31}},"56":{"start":{"line":91,"column":6},"end":{"line":91,"column":39}},"57":{"start":{"line":93,"column":6},"end":{"line":93,"column":56}},"58":{"start":{"line":94,"column":6},"end":{"line":94,"column":60}},"59":{"start":{"line":97,"column":4},"end":{"line":101,"column":5}},"60":{"start":{"line":98,"column":6},"end":{"line":98,"column":30}},"61":{"start":{"line":100,"column":6},"end":{"line":100,"column":29}},"62":{"start":{"line":103,"column":4},"end":{"line":107,"column":5}},"63":{"start":{"line":104,"column":6},"end":{"line":104,"column":27}},"64":{"start":{"line":106,"column":6},"end":{"line":106,"column":28}},"65":{"start":{"line":109,"column":4},"end":{"line":113,"column":5}},"66":{"start":{"line":110,"column":6},"end":{"line":110,"column":25}},"67":{"start":{"line":112,"column":6},"end":{"line":112,"column":26}},"68":{"start":{"line":115,"column":4},"end":{"line":115,"column":71}},"69":{"start":{"line":117,"column":4},"end":{"line":134,"column":13}},"70":{"start":{"line":118,"column":6},"end":{"line":122,"column":7}},"71":{"start":{"line":119,"column":8},"end":{"line":119,"column":24}},"72":{"start":{"line":121,"column":8},"end":{"line":121,"column":25}},"73":{"start":{"line":123,"column":6},"end":{"line":133,"column":9}},"74":{"start":{"line":138,"column":0},"end":{"line":138,"column":24}}},"fnMap":{"0":{"name":"(anonymous_0)","decl":{"start":{"line":5,"column":16},"end":{"line":5,"column":17}},"loc":{"start":{"line":5,"column":30},"end":{"line":14,"column":1}},"line":5},"1":{"name":"(anonymous_1)","decl":{"start":{"line":16,"column":17},"end":{"line":16,"column":18}},"loc":{"start":{"line":16,"column":31},"end":{"line":136,"column":1}},"line":16},"2":{"name":"(anonymous_2)","decl":{"start":{"line":21,"column":13},"end":{"line":21,"column":14}},"loc":{"start":{"line":21,"column":19},"end":{"line":25,"column":3}},"line":21},"3":{"name":"toBuffer","decl":{"start":{"line":42,"column":13},"end":{"line":42,"column":21}},"loc":{"start":{"line":42,"column":26},"end":{"line":49,"column":5}},"line":42},"4":{"name":"(anonymous_4)","decl":{"start":{"line":54,"column":32},"end":{"line":54,"column":33}},"loc":{"start":{"line":54,"column":59},"end":{"line":70,"column":5}},"line":54},"5":{"name":"(anonymous_5)","decl":{"start":{"line":117,"column":15},"end":{"line":117,"column":16}},"loc":{"start":{"line":117,"column":21},"end":{"line":134,"column":5}},"line":117}},"branchMap":{"0":{"loc":{"start":{"line":22,"column":4},"end":{"line":24,"column":5}},"type":"if","locations":[{"start":{"line":22,"column":4},"end":{"line":24,"column":5}},{"start":{"line":22,"column":4},"end":{"line":24,"column":5}}],"line":22},"1":{"loc":{"start":{"line":27,"column":2},"end":{"line":135,"column":3}},"type":"if","locations":[{"start":{"line":27,"column":2},"end":{"line":135,"column":3}},{"start":{"line":27,"column":2},"end":{"line":135,"column":3}}],"line":27},"2":{"loc":{"start":{"line":55,"column":6},"end":{"line":69,"column":7}},"type":"if","locations":[{"start":{"line":55,"column":6},"end":{"line":69,"column":7}},{"start":{"line":55,"column":6},"end":{"line":69,"column":7}}],"line":55},"3":{"loc":{"start":{"line":89,"column":4},"end":{"line":95,"column":5}},"type":"if","locations":[{"start":{"line":89,"column":4},"end":{"line":95,"column":5}},{"start":{"line":89,"column":4},"end":{"line":95,"column":5}}],"line":89},"4":{"loc":{"start":{"line":97,"column":4},"end":{"line":101,"column":5}},"type":"if","locations":[{"start":{"line":97,"column":4},"end":{"line":101,"column":5}},{"start":{"line":97,"column":4},"end":{"line":101,"column":5}}],"line":97},"5":{"loc":{"start":{"line":97,"column":8},"end":{"line":97,"column":34}},"type":"binary-expr","locations":[{"start":{"line":97,"column":8},"end":{"line":97,"column":18}},{"start":{"line":97,"column":22},"end":{"line":97,"column":34}}],"line":97},"6":{"loc":{"start":{"line":103,"column":4},"end":{"line":107,"column":5}},"type":"if","locations":[{"start":{"line":103,"column":4},"end":{"line":107,"column":5}},{"start":{"line":103,"column":4},"end":{"line":107,"column":5}}],"line":103},"7":{"loc":{"start":{"line":109,"column":4},"end":{"line":113,"column":5}},"type":"if","locations":[{"start":{"line":109,"column":4},"end":{"line":113,"column":5}},{"start":{"line":109,"column":4},"end":{"line":113,"column":5}}],"line":109},"8":{"loc":{"start":{"line":118,"column":6},"end":{"line":122,"column":7}},"type":"if","locations":[{"start":{"line":118,"column":6},"end":{"line":122,"column":7}},{"start":{"line":118,"column":6},"end":{"line":122,"column":7}}],"line":118}},"s":{"0":25,"1":25,"2":25,"3":25,"4":1,"5":1,"6":1,"7":1,"8":25,"9":1,"10":1,"11":1,"12":0,"13":0,"14":1,"15":1,"16":1,"17":1,"18":0,"19":0,"20":0,"21":0,"22":0,"23":0,"24":0,"25":0,"26":0,"27":0,"28":0,"29":0,"30":0,"31":0,"32":0,"33":0,"34":0,"35":0,"36":0,"37":0,"38":0,"39":0,"40":0,"41":0,"42":0,"43":0,"44":0,"45":0,"46":0,"47":0,"48":0,"49":0,"50":0,"51":0,"52":0,"53":0,"54":0,"55":0,"56":0,"57":0,"58":0,"59":0,"60":0,"61":0,"62":0,"63":0,"64":0,"65":0,"66":0,"67":0,"68":0,"69":0,"70":0,"71":0,"72":0,"73":0,"74":25},"f":{"0":1,"1":1,"2":0,"3":0,"4":0,"5":0},"b":{"0":[0,0],"1":[1,0],"2":[0,0],"3":[0,0],"4":[0,0],"5":[0,0],"6":[0,0],"7":[0,0],"8":[0,0]},"_coverageSchema":"1a1c01bbd47fc00a2c39e90264f33305004495a9","hash":"4e93182c5638d3f9129394952dbd3d0521b7aa55"}
,"C:\\Users\\2008389\\Development\\transparency-db-admin-portal\\routes\\loginemailconfirmation.js": {"path":"C:\\Users\\2008389\\Development\\transparency-db-admin-portal\\routes\\loginemailconfirmation.js","statementMap":{"0":{"start":{"line":1,"column":16},"end":{"line":1,"column":34}},"1":{"start":{"line":2,"column":15},"end":{"line":2,"column":31}},"2":{"start":{"line":4,"column":0},"end":{"line":22,"column":3}},"3":{"start":{"line":5,"column":28},"end":{"line":5,"column":36}},"4":{"start":{"line":6,"column":21},"end":{"line":6,"column":26}},"5":{"start":{"line":7,"column":19},"end":{"line":7,"column":22}},"6":{"start":{"line":8,"column":21},"end":{"line":8,"column":26}},"7":{"start":{"line":9,"column":2},"end":{"line":9,"column":52}},"8":{"start":{"line":10,"column":2},"end":{"line":21,"column":3}},"9":{"start":{"line":11,"column":4},"end":{"line":11,"column":25}},"10":{"start":{"line":12,"column":4},"end":{"line":12,"column":73}},"11":{"start":{"line":13,"column":9},"end":{"line":21,"column":3}},"12":{"start":{"line":14,"column":4},"end":{"line":14,"column":73}},"13":{"start":{"line":16,"column":4},"end":{"line":16,"column":38}},"14":{"start":{"line":18,"column":4},"end":{"line":18,"column":35}},"15":{"start":{"line":19,"column":4},"end":{"line":20,"column":28}},"16":{"start":{"line":24,"column":0},"end":{"line":24,"column":24}}},"fnMap":{"0":{"name":"(anonymous_0)","decl":{"start":{"line":4,"column":17},"end":{"line":4,"column":18}},"loc":{"start":{"line":4,"column":31},"end":{"line":22,"column":1}},"line":4}},"branchMap":{"0":{"loc":{"start":{"line":10,"column":2},"end":{"line":21,"column":3}},"type":"if","locations":[{"start":{"line":10,"column":2},"end":{"line":21,"column":3}},{"start":{"line":10,"column":2},"end":{"line":21,"column":3}}],"line":10},"1":{"loc":{"start":{"line":13,"column":9},"end":{"line":21,"column":3}},"type":"if","locations":[{"start":{"line":13,"column":9},"end":{"line":21,"column":3}},{"start":{"line":13,"column":9},"end":{"line":21,"column":3}}],"line":13}},"s":{"0":25,"1":25,"2":25,"3":0,"4":0,"5":0,"6":0,"7":0,"8":0,"9":0,"10":0,"11":0,"12":0,"13":0,"14":0,"15":0,"16":25},"f":{"0":0},"b":{"0":[0,0],"1":[0,0]},"_coverageSchema":"1a1c01bbd47fc00a2c39e90264f33305004495a9","hash":"af39088aa025ce806ae6805723c2d8c54e105208"}
,"C:\\Users\\2008389\\Development\\transparency-db-admin-portal\\routes\\loginemailconfirmationexpiry.js": {"path":"C:\\Users\\2008389\\Development\\transparency-db-admin-portal\\routes\\loginemailconfirmationexpiry.js","statementMap":{"0":{"start":{"line":2,"column":16},"end":{"line":2,"column":34}},"1":{"start":{"line":3,"column":15},"end":{"line":3,"column":31}},"2":{"start":{"line":5,"column":0},"end":{"line":30,"column":5}},"3":{"start":{"line":6,"column":30},"end":{"line":6,"column":38}},"4":{"start":{"line":7,"column":24},"end":{"line":7,"column":29}},"5":{"start":{"line":8,"column":21},"end":{"line":8,"column":24}},"6":{"start":{"line":9,"column":23},"end":{"line":9,"column":28}},"7":{"start":{"line":10,"column":4},"end":{"line":10,"column":53}},"8":{"start":{"line":11,"column":4},"end":{"line":29,"column":86}},"9":{"start":{"line":13,"column":6},"end":{"line":13,"column":26}},"10":{"start":{"line":14,"column":6},"end":{"line":14,"column":72}},"11":{"start":{"line":18,"column":9},"end":{"line":29,"column":86}},"12":{"start":{"line":20,"column":6},"end":{"line":20,"column":72}},"13":{"start":{"line":25,"column":6},"end":{"line":25,"column":32}},"14":{"start":{"line":26,"column":6},"end":{"line":26,"column":40}},"15":{"start":{"line":27,"column":6},"end":{"line":27,"column":55}},"16":{"start":{"line":29,"column":4},"end":{"line":29,"column":84}},"17":{"start":{"line":31,"column":0},"end":{"line":31,"column":24}}},"fnMap":{"0":{"name":"(anonymous_0)","decl":{"start":{"line":5,"column":16},"end":{"line":5,"column":17}},"loc":{"start":{"line":5,"column":30},"end":{"line":30,"column":3}},"line":5}},"branchMap":{"0":{"loc":{"start":{"line":11,"column":4},"end":{"line":29,"column":86}},"type":"if","locations":[{"start":{"line":11,"column":4},"end":{"line":29,"column":86}},{"start":{"line":11,"column":4},"end":{"line":29,"column":86}}],"line":11},"1":{"loc":{"start":{"line":18,"column":9},"end":{"line":29,"column":86}},"type":"if","locations":[{"start":{"line":18,"column":9},"end":{"line":29,"column":86}},{"start":{"line":18,"column":9},"end":{"line":29,"column":86}}],"line":18}},"s":{"0":25,"1":25,"2":25,"3":0,"4":0,"5":0,"6":0,"7":0,"8":0,"9":0,"10":0,"11":0,"12":0,"13":0,"14":0,"15":0,"16":0,"17":25},"f":{"0":0},"b":{"0":[0,0],"1":[0,0]},"_coverageSchema":"1a1c01bbd47fc00a2c39e90264f33305004495a9","hash":"16d5abf0d3e8132247be380ac6a62872ba05b9f0"}
,"C:\\Users\\2008389\\Development\\transparency-db-admin-portal\\routes\\loginfirstpage.js": {"path":"C:\\Users\\2008389\\Development\\transparency-db-admin-portal\\routes\\loginfirstpage.js","statementMap":{"0":{"start":{"line":2,"column":16},"end":{"line":2,"column":34}},"1":{"start":{"line":3,"column":15},"end":{"line":3,"column":31}},"2":{"start":{"line":5,"column":0},"end":{"line":7,"column":5}},"3":{"start":{"line":6,"column":4},"end":{"line":6,"column":49}},"4":{"start":{"line":9,"column":0},"end":{"line":9,"column":24}}},"fnMap":{"0":{"name":"(anonymous_0)","decl":{"start":{"line":5,"column":15},"end":{"line":5,"column":16}},"loc":{"start":{"line":5,"column":29},"end":{"line":7,"column":3}},"line":5}},"branchMap":{},"s":{"0":25,"1":25,"2":25,"3":0,"4":25},"f":{"0":0},"b":{},"_coverageSchema":"1a1c01bbd47fc00a2c39e90264f33305004495a9","hash":"3bf64b36c0905717ddf88fd4f26fb0b7b2f6117b"}
,"C:\\Users\\2008389\\Development\\transparency-db-admin-portal\\routes\\loginforgetpassword.js": {"path":"C:\\Users\\2008389\\Development\\transparency-db-admin-portal\\routes\\loginforgetpassword.js","statementMap":{"0":{"start":{"line":3,"column":16},"end":{"line":3,"column":34}},"1":{"start":{"line":4,"column":15},"end":{"line":4,"column":31}},"2":{"start":{"line":6,"column":0},"end":{"line":10,"column":5}},"3":{"start":{"line":8,"column":23},"end":{"line":8,"column":27}},"4":{"start":{"line":9,"column":4},"end":{"line":9,"column":69}},"5":{"start":{"line":12,"column":0},"end":{"line":12,"column":24}}},"fnMap":{"0":{"name":"(anonymous_0)","decl":{"start":{"line":6,"column":15},"end":{"line":6,"column":16}},"loc":{"start":{"line":6,"column":29},"end":{"line":10,"column":3}},"line":6}},"branchMap":{},"s":{"0":25,"1":25,"2":25,"3":0,"4":0,"5":25},"f":{"0":0},"b":{},"_coverageSchema":"1a1c01bbd47fc00a2c39e90264f33305004495a9","hash":"116bfba7a30164a621e78771ee3017cfdada68f0"}
,"C:\\Users\\2008389\\Development\\transparency-db-admin-portal\\routes\\loginnewpassword.js": {"path":"C:\\Users\\2008389\\Development\\transparency-db-admin-portal\\routes\\loginnewpassword.js","statementMap":{"0":{"start":{"line":3,"column":18},"end":{"line":3,"column":36}},"1":{"start":{"line":4,"column":17},"end":{"line":4,"column":33}},"2":{"start":{"line":6,"column":2},"end":{"line":8,"column":5}},"3":{"start":{"line":7,"column":4},"end":{"line":7,"column":51}},"4":{"start":{"line":11,"column":2},"end":{"line":11,"column":26}}},"fnMap":{"0":{"name":"(anonymous_0)","decl":{"start":{"line":6,"column":17},"end":{"line":6,"column":18}},"loc":{"start":{"line":6,"column":31},"end":{"line":8,"column":3}},"line":6}},"branchMap":{},"s":{"0":25,"1":25,"2":25,"3":0,"4":25},"f":{"0":0},"b":{},"_coverageSchema":"1a1c01bbd47fc00a2c39e90264f33305004495a9","hash":"e166567c95c188c6f26659d6c5fbb8d2f75ead07"}
,"C:\\Users\\2008389\\Development\\transparency-db-admin-portal\\routes\\loginpasswordcomplete.js": {"path":"C:\\Users\\2008389\\Development\\transparency-db-admin-portal\\routes\\loginpasswordcomplete.js","statementMap":{"0":{"start":{"line":2,"column":16},"end":{"line":2,"column":34}},"1":{"start":{"line":3,"column":18},"end":{"line":3,"column":45}},"2":{"start":{"line":4,"column":15},"end":{"line":4,"column":31}},"3":{"start":{"line":7,"column":0},"end":{"line":9,"column":4}},"4":{"start":{"line":8,"column":4},"end":{"line":8,"column":56}},"5":{"start":{"line":11,"column":0},"end":{"line":40,"column":3}},"6":{"start":{"line":13,"column":33},"end":{"line":13,"column":41}},"7":{"start":{"line":14,"column":25},"end":{"line":14,"column":30}},"8":{"start":{"line":15,"column":37},"end":{"line":15,"column":42}},"9":{"start":{"line":16,"column":33},"end":{"line":16,"column":38}},"10":{"start":{"line":18,"column":2},"end":{"line":18,"column":35}},"11":{"start":{"line":20,"column":2},"end":{"line":39,"column":56}},"12":{"start":{"line":22,"column":4},"end":{"line":22,"column":26}},"13":{"start":{"line":23,"column":4},"end":{"line":23,"column":71}},"14":{"start":{"line":26,"column":8},"end":{"line":39,"column":56}},"15":{"start":{"line":27,"column":4},"end":{"line":27,"column":39}},"16":{"start":{"line":28,"column":4},"end":{"line":28,"column":84}},"17":{"start":{"line":30,"column":9},"end":{"line":39,"column":56}},"18":{"start":{"line":31,"column":6},"end":{"line":31,"column":39}},"19":{"start":{"line":32,"column":6},"end":{"line":32,"column":84}},"20":{"start":{"line":39,"column":2},"end":{"line":39,"column":54}},"21":{"start":{"line":42,"column":0},"end":{"line":42,"column":24}}},"fnMap":{"0":{"name":"(anonymous_0)","decl":{"start":{"line":7,"column":15},"end":{"line":7,"column":16}},"loc":{"start":{"line":7,"column":29},"end":{"line":9,"column":3}},"line":7},"1":{"name":"(anonymous_1)","decl":{"start":{"line":11,"column":16},"end":{"line":11,"column":17}},"loc":{"start":{"line":11,"column":30},"end":{"line":40,"column":1}},"line":11}},"branchMap":{"0":{"loc":{"start":{"line":20,"column":2},"end":{"line":39,"column":56}},"type":"if","locations":[{"start":{"line":20,"column":2},"end":{"line":39,"column":56}},{"start":{"line":20,"column":2},"end":{"line":39,"column":56}}],"line":20},"1":{"loc":{"start":{"line":20,"column":6},"end":{"line":20,"column":29}},"type":"binary-expr","locations":[{"start":{"line":20,"column":6},"end":{"line":20,"column":15}},{"start":{"line":20,"column":19},"end":{"line":20,"column":29}}],"line":20},"2":{"loc":{"start":{"line":26,"column":8},"end":{"line":39,"column":56}},"type":"if","locations":[{"start":{"line":26,"column":8},"end":{"line":39,"column":56}},{"start":{"line":26,"column":8},"end":{"line":39,"column":56}}],"line":26},"3":{"loc":{"start":{"line":30,"column":9},"end":{"line":39,"column":56}},"type":"if","locations":[{"start":{"line":30,"column":9},"end":{"line":39,"column":56}},{"start":{"line":30,"column":9},"end":{"line":39,"column":56}}],"line":30}},"s":{"0":25,"1":25,"2":25,"3":25,"4":0,"5":25,"6":0,"7":0,"8":0,"9":0,"10":0,"11":0,"12":0,"13":0,"14":0,"15":0,"16":0,"17":0,"18":0,"19":0,"20":0,"21":25},"f":{"0":0,"1":0},"b":{"0":[0,0],"1":[0,0],"2":[0,0],"3":[0,0]},"_coverageSchema":"1a1c01bbd47fc00a2c39e90264f33305004495a9","hash":"46dad0b2ac3d04c459123c99ff71356ad9ba124d"}
,"C:\\Users\\2008389\\Development\\transparency-db-admin-portal\\routes\\loginresetpassword.js": {"path":"C:\\Users\\2008389\\Development\\transparency-db-admin-portal\\routes\\loginresetpassword.js","statementMap":{"0":{"start":{"line":2,"column":16},"end":{"line":2,"column":34}},"1":{"start":{"line":3,"column":15},"end":{"line":3,"column":31}},"2":{"start":{"line":6,"column":0},"end":{"line":9,"column":4}},"3":{"start":{"line":7,"column":23},"end":{"line":7,"column":27}},"4":{"start":{"line":8,"column":4},"end":{"line":8,"column":68}},"5":{"start":{"line":12,"column":2},"end":{"line":14,"column":4}},"6":{"start":{"line":13,"column":4},"end":{"line":13,"column":53}},"7":{"start":{"line":15,"column":0},"end":{"line":15,"column":24}}},"fnMap":{"0":{"name":"(anonymous_0)","decl":{"start":{"line":6,"column":15},"end":{"line":6,"column":16}},"loc":{"start":{"line":6,"column":29},"end":{"line":9,"column":3}},"line":6},"1":{"name":"(anonymous_1)","decl":{"start":{"line":12,"column":18},"end":{"line":12,"column":19}},"loc":{"start":{"line":12,"column":32},"end":{"line":14,"column":3}},"line":12}},"branchMap":{},"s":{"0":25,"1":25,"2":25,"3":0,"4":0,"5":25,"6":0,"7":25},"f":{"0":0,"1":0},"b":{},"_coverageSchema":"1a1c01bbd47fc00a2c39e90264f33305004495a9","hash":"05a34a532a3d843e4ab263b05965b11f2193c7f7"}
,"C:\\Users\\2008389\\Development\\transparency-db-admin-portal\\routes\\logintransparency.js": {"path":"C:\\Users\\2008389\\Development\\transparency-db-admin-portal\\routes\\logintransparency.js","statementMap":{"0":{"start":{"line":2,"column":16},"end":{"line":2,"column":34}},"1":{"start":{"line":3,"column":15},"end":{"line":3,"column":31}},"2":{"start":{"line":5,"column":0},"end":{"line":7,"column":5}},"3":{"start":{"line":6,"column":4},"end":{"line":6,"column":46}},"4":{"start":{"line":9,"column":0},"end":{"line":9,"column":24}}},"fnMap":{"0":{"name":"(anonymous_0)","decl":{"start":{"line":5,"column":15},"end":{"line":5,"column":16}},"loc":{"start":{"line":5,"column":29},"end":{"line":7,"column":3}},"line":5}},"branchMap":{},"s":{"0":25,"1":25,"2":25,"3":1,"4":25},"f":{"0":1},"b":{},"_coverageSchema":"1a1c01bbd47fc00a2c39e90264f33305004495a9","hash":"38aa0b8bb6c2cdc84d3a1e5b1354203cf280de49"}
,"C:\\Users\\2008389\\Development\\transparency-db-admin-portal\\routes\\measurespageperroute.js": {"path":"C:\\Users\\2008389\\Development\\transparency-db-admin-portal\\routes\\measurespageperroute.js","statementMap":{"0":{"start":{"line":6,"column":16},"end":{"line":6,"column":34}},"1":{"start":{"line":7,"column":15},"end":{"line":7,"column":31}},"2":{"start":{"line":8,"column":14},"end":{"line":8,"column":30}},"3":{"start":{"line":9,"column":14},"end":{"line":9,"column":32}},"4":{"start":{"line":11,"column":0},"end":{"line":111,"column":7}},"5":{"start":{"line":13,"column":1},"end":{"line":13,"column":49}},"6":{"start":{"line":14,"column":1},"end":{"line":14,"column":39}},"7":{"start":{"line":18,"column":1},"end":{"line":18,"column":61}},"8":{"start":{"line":19,"column":1},"end":{"line":19,"column":22}},"9":{"start":{"line":20,"column":1},"end":{"line":20,"column":18}},"10":{"start":{"line":21,"column":1},"end":{"line":21,"column":36}},"11":{"start":{"line":28,"column":2},"end":{"line":43,"column":1}},"12":{"start":{"line":45,"column":11},"end":{"line":45,"column":51}},"13":{"start":{"line":46,"column":0},"end":{"line":46,"column":38}},"14":{"start":{"line":48,"column":6},"end":{"line":109,"column":7}},"15":{"start":{"line":49,"column":24},"end":{"line":49,"column":111}},"16":{"start":{"line":50,"column":8},"end":{"line":50,"column":49}},"17":{"start":{"line":51,"column":10},"end":{"line":51,"column":46}},"18":{"start":{"line":52,"column":10},"end":{"line":52,"column":37}},"19":{"start":{"line":53,"column":33},"end":{"line":53,"column":45}},"20":{"start":{"line":54,"column":10},"end":{"line":54,"column":58}},"21":{"start":{"line":55,"column":35},"end":{"line":55,"column":68}},"22":{"start":{"line":57,"column":33},"end":{"line":57,"column":62}},"23":{"start":{"line":59,"column":10},"end":{"line":59,"column":64}},"24":{"start":{"line":60,"column":10},"end":{"line":60,"column":74}},"25":{"start":{"line":61,"column":10},"end":{"line":61,"column":69}},"26":{"start":{"line":62,"column":10},"end":{"line":62,"column":58}},"27":{"start":{"line":64,"column":10},"end":{"line":69,"column":11}},"28":{"start":{"line":64,"column":35},"end":{"line":64,"column":53}},"29":{"start":{"line":64,"column":54},"end":{"line":64,"column":95}},"30":{"start":{"line":65,"column":15},"end":{"line":69,"column":11}},"31":{"start":{"line":65,"column":49},"end":{"line":65,"column":119}},"32":{"start":{"line":65,"column":120},"end":{"line":65,"column":143}},"33":{"start":{"line":67,"column":12},"end":{"line":67,"column":107}},"34":{"start":{"line":68,"column":12},"end":{"line":68,"column":70}},"35":{"start":{"line":72,"column":10},"end":{"line":72,"column":73}},"36":{"start":{"line":75,"column":10},"end":{"line":77,"column":81}},"37":{"start":{"line":75,"column":35},"end":{"line":75,"column":53}},"38":{"start":{"line":75,"column":54},"end":{"line":75,"column":67}},"39":{"start":{"line":76,"column":15},"end":{"line":77,"column":81}},"40":{"start":{"line":76,"column":49},"end":{"line":76,"column":79}},"41":{"start":{"line":76,"column":80},"end":{"line":76,"column":101}},"42":{"start":{"line":77,"column":17},"end":{"line":77,"column":50}},"43":{"start":{"line":77,"column":51},"end":{"line":77,"column":80}},"44":{"start":{"line":79,"column":10},"end":{"line":79,"column":51}},"45":{"start":{"line":80,"column":10},"end":{"line":80,"column":63}},"46":{"start":{"line":81,"column":10},"end":{"line":81,"column":61}},"47":{"start":{"line":82,"column":10},"end":{"line":82,"column":58}},"48":{"start":{"line":86,"column":10},"end":{"line":88,"column":98}},"49":{"start":{"line":86,"column":52},"end":{"line":86,"column":67}},"50":{"start":{"line":86,"column":68},"end":{"line":86,"column":80}},"51":{"start":{"line":87,"column":15},"end":{"line":88,"column":98}},"52":{"start":{"line":87,"column":59},"end":{"line":87,"column":74}},"53":{"start":{"line":87,"column":75},"end":{"line":87,"column":95}},"54":{"start":{"line":88,"column":15},"end":{"line":88,"column":98}},"55":{"start":{"line":88,"column":60},"end":{"line":88,"column":75}},"56":{"start":{"line":88,"column":76},"end":{"line":88,"column":96}},"57":{"start":{"line":89,"column":10},"end":{"line":98,"column":13}},"58":{"start":{"line":90,"column":14},"end":{"line":91,"column":41}},"59":{"start":{"line":92,"column":14},"end":{"line":92,"column":47}},"60":{"start":{"line":93,"column":14},"end":{"line":97,"column":15}},"61":{"start":{"line":94,"column":20},"end":{"line":94,"column":41}},"62":{"start":{"line":95,"column":20},"end":{"line":95,"column":45}},"63":{"start":{"line":101,"column":10},"end":{"line":101,"column":50}},"64":{"start":{"line":102,"column":10},"end":{"line":102,"column":46}},"65":{"start":{"line":103,"column":10},"end":{"line":103,"column":50}},"66":{"start":{"line":104,"column":10},"end":{"line":104,"column":164}},"67":{"start":{"line":108,"column":10},"end":{"line":108,"column":29}},"68":{"start":{"line":115,"column":2},"end":{"line":120,"column":5}},"69":{"start":{"line":118,"column":4},"end":{"line":118,"column":47}},"70":{"start":{"line":123,"column":0},"end":{"line":123,"column":24}}},"fnMap":{"0":{"name":"(anonymous_0)","decl":{"start":{"line":11,"column":15},"end":{"line":11,"column":16}},"loc":{"start":{"line":11,"column":34},"end":{"line":111,"column":5}},"line":11},"1":{"name":"(anonymous_1)","decl":{"start":{"line":115,"column":18},"end":{"line":115,"column":19}},"loc":{"start":{"line":115,"column":32},"end":{"line":120,"column":3}},"line":115}},"branchMap":{"0":{"loc":{"start":{"line":64,"column":10},"end":{"line":69,"column":11}},"type":"if","locations":[{"start":{"line":64,"column":10},"end":{"line":69,"column":11}},{"start":{"line":64,"column":10},"end":{"line":69,"column":11}}],"line":64},"1":{"loc":{"start":{"line":65,"column":15},"end":{"line":69,"column":11}},"type":"if","locations":[{"start":{"line":65,"column":15},"end":{"line":69,"column":11}},{"start":{"line":65,"column":15},"end":{"line":69,"column":11}}],"line":65},"2":{"loc":{"start":{"line":75,"column":10},"end":{"line":77,"column":81}},"type":"if","locations":[{"start":{"line":75,"column":10},"end":{"line":77,"column":81}},{"start":{"line":75,"column":10},"end":{"line":77,"column":81}}],"line":75},"3":{"loc":{"start":{"line":76,"column":15},"end":{"line":77,"column":81}},"type":"if","locations":[{"start":{"line":76,"column":15},"end":{"line":77,"column":81}},{"start":{"line":76,"column":15},"end":{"line":77,"column":81}}],"line":76},"4":{"loc":{"start":{"line":86,"column":10},"end":{"line":88,"column":98}},"type":"if","locations":[{"start":{"line":86,"column":10},"end":{"line":88,"column":98}},{"start":{"line":86,"column":10},"end":{"line":88,"column":98}}],"line":86},"5":{"loc":{"start":{"line":86,"column":13},"end":{"line":86,"column":46}},"type":"binary-expr","locations":[{"start":{"line":86,"column":13},"end":{"line":86,"column":29}},{"start":{"line":86,"column":33},"end":{"line":86,"column":46}}],"line":86},"6":{"loc":{"start":{"line":87,"column":15},"end":{"line":88,"column":98}},"type":"if","locations":[{"start":{"line":87,"column":15},"end":{"line":88,"column":98}},{"start":{"line":87,"column":15},"end":{"line":88,"column":98}}],"line":87},"7":{"loc":{"start":{"line":87,"column":19},"end":{"line":87,"column":53}},"type":"binary-expr","locations":[{"start":{"line":87,"column":19},"end":{"line":87,"column":35}},{"start":{"line":87,"column":39},"end":{"line":87,"column":53}}],"line":87},"8":{"loc":{"start":{"line":88,"column":15},"end":{"line":88,"column":98}},"type":"if","locations":[{"start":{"line":88,"column":15},"end":{"line":88,"column":98}},{"start":{"line":88,"column":15},"end":{"line":88,"column":98}}],"line":88},"9":{"loc":{"start":{"line":88,"column":19},"end":{"line":88,"column":54}},"type":"binary-expr","locations":[{
[...]
,"C:\\Users\\2008389\\Development\\transparency-db-admin-portal\\routes\\subsidyaward-fetch.js": {"path":"C:\\Users\\2008389\\Development\\transparency-db-admin-portal\\routes\\subsidyaward-fetch.js","statementMap":{"0":{"start":{"line":6,"column":16},"end":{"line":6,"column":34}},"1":{"start":{"line":7,"column":15},"end":{"line":7,"column":31}},"2":{"start":{"line":8,"column":14},"end":{"line":8,"column":30}},"3":{"start":{"line":9,"column":14},"end":{"line":9,"column":32}},"4":{"start":{"line":11,"column":0},"end":{"line":30,"column":7}},"5":{"start":{"line":12,"column":0},"end":{"line":12,"column":50}},"6":{"start":{"line":13,"column":0},"end":{"line":13,"column":32}},"7":{"start":{"line":15,"column":0},"end":{"line":15,"column":44}},"8":{"start":{"line":17,"column":20},"end":{"line":17,"column":82}},"9":{"start":{"line":19,"column":6},"end":{"line":28,"column":7}},"10":{"start":{"line":20,"column":29},"end":{"line":20,"column":59}},"11":{"start":{"line":21,"column":8},"end":{"line":21,"column":54}},"12":{"start":{"line":22,"column":8},"end":{"line":22,"column":49}},"13":{"start":{"line":23,"column":8},"end":{"line":23,"column":46}},"14":{"start":{"line":24,"column":10},"end":{"line":24,"column":56}},"15":{"start":{"line":27,"column":10},"end":{"line":27,"column":29}},"16":{"start":{"line":33,"column":0},"end":{"line":33,"column":24}}},"fnMap":{"0":{"name":"(anonymous_0)","decl":{"start":{"line":11,"column":15},"end":{"line":11,"column":16}},"loc":{"start":{"line":11,"column":34},"end":{"line":30,"column":5}},"line":11}},"branchMap":{},"s":{"0":25,"1":25,"2":25,"3":25,"4":25,"5":1,"6":1,"7":1,"8":1,"9":1,"10":1,"11":1,"12":1,"13":1,"14":1,"15":0,"16":25},"f":{"0":1},"b":{},"_coverageSchema":"1a1c01bbd47fc00a2c39e90264f33305004495a9","hash":"33d8327eeca094eb2bdbdade47fd2d2a3543dd50"}
,"C:\\Users\\2008389\\Development\\transparency-db-admin-portal\\routes\\subsidyaward-reject-reason.js": {"path":"C:\\Users\\2008389\\Development\\transparency-db-admin-portal\\routes\\subsidyaward-reject-reason.js","statementMap":{"0":{"start":{"line":6,"column":16},"end":{"line":6,"column":34}},"1":{"start":{"line":7,"column":15},"end":{"line":7,"column":31}},"2":{"start":{"line":8,"column":14},"end":{"line":8,"column":30}},"3":{"start":{"line":9,"column":14},"end":{"line":9,"column":32}},"4":{"start":{"line":11,"column":0},"end":{"line":95,"column":7}},"5":{"start":{"line":14,"column":0},"end":{"line":14,"column":44}},"6":{"start":{"line":15,"column":0},"end":{"line":15,"column":46}},"7":{"start":{"line":18,"column":0},"end":{"line":20,"column":1}},"8":{"start":{"line":22,"column":11},"end":{"line":22,"column":51}},"9":{"start":{"line":23,"column":0},"end":{"line":23,"column":48}},"10":{"start":{"line":25,"column":20},"end":{"line":25,"column":82}},"11":{"start":{"line":27,"column":6},"end":{"line":93,"column":7}},"12":{"start":{"line":28,"column":29},"end":{"line":28,"column":64}},"13":{"start":{"line":29,"column":8},"end":{"line":29,"column":54}},"14":{"start":{"line":30,"column":8},"end":{"line":30,"column":49}},"15":{"start":{"line":34,"column":8},"end":{"line":85,"column":11}},"16":{"start":{"line":35,"column":28},"end":{"line":35,"column":62}},"17":{"start":{"line":36,"column":12},"end":{"line":36,"column":53}},"18":{"start":{"line":37,"column":12},"end":{"line":37,"column":52}},"19":{"start":{"line":38,"column":12},"end":{"line":38,"column":70}},"20":{"start":{"line":39,"column":12},"end":{"line":39,"column":48}},"21":{"start":{"line":40,"column":12},"end":{"line":40,"column":40}},"22":{"start":{"line":41,"column":35},"end":{"line":41,"column":47}},"23":{"start":{"line":42,"column":12},"end":{"line":42,"column":59}},"24":{"start":{"line":43,"column":37},"end":{"line":43,"column":69}},"25":{"start":{"line":44,"column":35},"end":{"line":44,"column":63}},"26":{"start":{"line":45,"column":12},"end":{"line":45,"column":56}},"27":{"start":{"line":48,"column":12},"end":{"line":48,"column":76}},"28":{"start":{"line":49,"column":12},"end":{"line":49,"column":51}},"29":{"start":{"line":50,"column":12},"end":{"line":50,"column":51}},"30":{"start":{"line":51,"column":12},"end":{"line":51,"column":29}},"31":{"start":{"line":52,"column":12},"end":{"line":52,"column":30}},"32":{"start":{"line":53,"column":12},"end":{"line":53,"column":26}},"33":{"start":{"line":54,"column":12},"end":{"line":54,"column":29}},"34":{"start":{"line":55,"column":12},"end":{"line":55,"column":54}},"35":{"start":{"line":56,"column":12},"end":{"line":56,"column":36}},"36":{"start":{"line":58,"column":12},"end":{"line":58,"column":27}},"37":{"start":{"line":59,"column":12},"end":{"line":63,"column":13}},"38":{"start":{"line":60,"column":14},"end":{"line":60,"column":35}},"39":{"start":{"line":62,"column":14},"end":{"line":62,"column":27}},"40":{"start":{"line":65,"column":12},"end":{"line":74,"column":15}},"41":{"start":{"line":81,"column":12},"end":{"line":81,"column":41}},"42":{"start":{"line":82,"column":12},"end":{"line":82,"column":50}},"43":{"start":{"line":83,"column":12},"end":{"line":83,"column":85}},"44":{"start":{"line":90,"column":8},"end":{"line":90,"column":37}},"45":{"start":{"line":91,"column":8},"end":{"line":91,"column":46}},"46":{"start":{"line":92,"column":8},"end":{"line":92,"column":81}},"47":{"start":{"line":98,"column":0},"end":{"line":98,"column":24}}},"fnMap":{"0":{"name":"(anonymous_0)","decl":{"start":{"line":11,"column":16},"end":{"line":11,"column":17}},"loc":{"start":{"line":11,"column":35},"end":{"line":95,"column":5}},"line":11}},"branchMap":{"0":{"loc":{"start":{"line":59,"column":12},"end":{"line":63,"column":13}},"type":"if","locations":[{"start":{"line":59,"column":12},"end":{"line":63,"column":13}},{"start":{"line":59,"column":12},"end":{"line":63,"column":13}}],"line":59}},"s":{"0":25,"1":25,"2":25,"3":25,"4":25,"5":0,"6":0,"7":0,"8":0,"9":0,"10":0,"11":0,"12":0,"13":0,"14":0,"15":0,"16":0,"17":0,"18":0,"19":0,"20":0,"21":0,"22":0,"23":0,"24":0,"25":0,"26":0,"27":0,"28":0,"29":0,"30":0,"31":0,"32":0,"33":0,"34":0,"35":0,"36":0,"37":0,"38":0,"39":0,"40":0,"41":0,"42":0,"43":0,"44":0,"45":0,"46":0,"47":25},"f":{"0":0},"b":{"0":[0,0]},"_coverageSchema":"1a1c01bbd47fc00a2c39e90264f33305004495a9","hash":"e7df60f24ac7d6052667bb77cab379192484464d"}
,"C:\\Users\\2008389\\Development\\transparency-db-admin-portal\\routes\\subsidyaward-reject.js": {"path":"C:\\Users\\2008389\\Development\\transparency-db-admin-portal\\routes\\subsidyaward-reject.js","statementMap":{"0":{"start":{"line":1,"column":16},"end":{"line":1,"column":34}},"1":{"start":{"line":2,"column":15},"end":{"line":2,"column":31}},"2":{"start":{"line":4,"column":0},"end":{"line":6,"column":3}},"3":{"start":{"line":5,"column":2},"end":{"line":5,"column":47}},"4":{"start":{"line":8,"column":0},"end":{"line":8,"column":24}}},"fnMap":{"0":{"name":"(anonymous_0)","decl":{"start":{"line":4,"column":16},"end":{"line":4,"column":17}},"loc":{"start":{"line":4,"column":30},"end":{"line":6,"column":1}},"line":4}},"branchMap":{},"s":{"0":25,"1":25,"2":25,"3":1,"4":25},"f":{"0":1},"b":{},"_coverageSchema":"1a1c01bbd47fc00a2c39e90264f33305004495a9","hash":"087d0be5140cfa768f8d9198336e602c2c86582b"}
,"C:\\Users\\2008389\\Development\\transparency-db-admin-portal\\routes\\subsidyaward-review-cancel.js": {"path":"C:\\Users\\2008389\\Development\\transparency-db-admin-portal\\routes\\subsidyaward-review-cancel.js","statementMap":{"0":{"start":{"line":1,"column":16},"end":{"line":1,"column":34}},"1":{"start":{"line":2,"column":15},"end":{"line":2,"column":31}},"2":{"start":{"line":4,"column":0},"end":{"line":24,"column":3}},"3":{"start":{"line":5,"column":2},"end":{"line":23,"column":5}},"4":{"start":{"line":26,"column":0},"end":{"line":26,"column":24}}},"fnMap":{"0":{"name":"(anonymous_0)","decl":{"start":{"line":4,"column":16},"end":{"line":4,"column":17}},"loc":{"start":{"line":4,"column":30},"end":{"line":24,"column":1}},"line":4}},"branchMap":{},"s":{"0":25,"1":25,"2":25,"3":1,"4":25},"f":{"0":1},"b":{},"_coverageSchema":"1a1c01bbd47fc00a2c39e90264f33305004495a9","hash":"02e97cd5379cd437677040db1185fd8c169be982"}
,"C:\\Users\\2008389\\Development\\transparency-db-admin-portal\\routes\\subsidyaward-search.js": {"path":"C:\\Users\\2008389\\Development\\transparency-db-admin-portal\\routes\\subsidyaward-search.js","statementMap":{"0":{"start":{"line":5,"column":16},"end":{"line":5,"column":34}},"1":{"start":{"line":6,"column":15},"end":{"line":6,"column":31}},"2":{"start":{"line":7,"column":14},"end":{"line":7,"column":30}},"3":{"start":{"line":8,"column":14},"end":{"line":8,"column":32}},"4":{"start":{"line":10,"column":0},"end":{"line":83,"column":3}},"5":{"start":{"line":12,"column":33},"end":{"line":12,"column":41}},"6":{"start":{"line":13,"column":2},"end":{"line":13,"column":36}},"7":{"start":{"line":14,"column":2},"end":{"line":14,"column":21}},"8":{"start":{"line":16,"column":2},"end":{"line":16,"column":40}},"9":{"start":{"line":18,"column":2},"end":{"line":18,"column":17}},"10":{"start":{"line":19,"column":2},"end":{"line":19,"column":40}},"11":{"start":{"line":21,"column":2},"end":{"line":21,"column":76}},"12":{"start":{"line":22,"column":2},"end":{"line":22,"column":51}},"13":{"start":{"line":23,"column":2},"end":{"line":23,"column":51}},"14":{"start":{"line":24,"column":2},"end":{"line":24,"column":22}},"15":{"start":{"line":25,"column":2},"end":{"line":25,"column":35}},"16":{"start":{"line":26,"column":2},"end":{"line":26,"column":73}},"17":{"start":{"line":28,"column":2},"end":{"line":28,"column":145}},"18":{"start":{"line":29,"column":2},"end":{"line":29,"column":60}},"19":{"start":{"line":31,"column":2},"end":{"line":31,"column":45}},"20":{"start":{"line":33,"column":2},"end":{"line":80,"column":3}},"21":{"start":{"line":34,"column":20},"end":{"line":34,"column":55}},"22":{"start":{"line":35,"column":4},"end":{"line":35,"column":45}},"23":{"start":{"line":36,"column":4},"end":{"line":36,"column":44}},"24":{"start":{"line":37,"column":4},"end":{"line":37,"column":62}},"25":{"start":{"line":38,"column":4},"end":{"line":38,"column":40}},"26":{"start":{"line":39,"column":4},"end":{"line":39,"column":32}},"27":{"start":{"line":40,"column":27},"end":{"line":40,"column":39}},"28":{"start":{"line":41,"column":4},"end":{"line":41,"column":51}},"29":{"start":{"line":42,"column":29},"end":{"line":42,"column":61}},"30":{"start":{"line":43,"column":27},"end":{"line":43,"column":55}},"31":{"start":{"line":44,"column":4},"end":{"line":44,"column":48}},"32":{"start":{"line":47,"column":4},"end":{"line":47,"column":68}},"33":{"start":{"line":48,"column":4},"end":{"line":48,"column":43}},"34":{"start":{"line":49,"column":4},"end":{"line":49,"column":43}},"35":{"start":{"line":50,"column":4},"end":{"line":50,"column":21}},"36":{"start":{"line":51,"column":4},"end":{"line":51,"column":22}},"37":{"start":{"line":52,"column":4},"end":{"line":52,"column":18}},"38":{"start":{"line":53,"column":4},"end":{"line":53,"column":21}},"39":{"start":{"line":54,"column":4},"end":{"line":54,"column":46}},"40":{"start":{"line":55,"column":4},"end":{"line":55,"column":28}},"41":{"start":{"line":57,"column":4},"end":{"line":57,"column":19}},"42":{"start":{"line":58,"column":4},"end":{"line":62,"column":5}},"43":{"start":{"line":59,"column":6},"end":{"line":59,"column":27}},"44":{"start":{"line":61,"column":6},"end":{"line":61,"column":19}},"45":{"start":{"line":63,"column":4},"end":{"line":72,"column":7}},"46":{"start":{"line":76,"column":4},"end":{"line":76,"column":33}},"47":{"start":{"line":77,"column":4},"end":{"line":77,"column":42}},"48":{"start":{"line":78,"column":4},"end":{"line":78,"column":77}},"49":{"start":{"line":85,"column":0},"end":{"line":85,"column":24}}},"fnMap":{"0":{"name":"(anonymous_0)","decl":{"start":{"line":10,"column":17},"end":{"line":10,"column":18}},"loc":{"start":{"line":10,"column":37},"end":{"line":83,"column":1}},"line":10}},"branchMap":{"0":{"loc":{"start":{"line":58,"column":4},"end":{"line":62,"column":5}},"type":"if","locations":[{"start":{"line":58,"column":4},"end":{"line":62,"column":5}},{"start":{"line":58,"column":4},"end":{"line":62,"column":5}}],"line":58}},"s":{"0":25,"1":25,"2":25,"3":25,"4":25,"5":0,"6":0,"7":0,"8":0,"9":0,"10":0,"11":0,"12":0,"13":0,"14":0,"15":0,"16":0,"17":0,"18":0,"19":0,"20":0,"21":0,"22":0,"23":0,"24":0,"25":0,"26":0,"27":0,"28":0,"29":0,"30":0,"31":0,"32":0,"33":0,"34":0,"35":0,"36":0,"37":0,"38":0,"39":0,"40":0,"41":0,"42":0,"43":0,"44":0,"45":0,"46":0,"47":0,"48":0,"49":25},"f":{"0":0},"b":{"0":[0,0]},"_coverageSchema":"1a1c01bbd47fc00a2c39e90264f33305004495a9","hash":"040fa047dc2136f6bf203a564503e3b722232abf"}
,"C:\\Users\\2008389\\Development\\transparency-db-admin-portal\\routes\\subsidyaward-update.js": {"path":"C:\\Users\\2008389\\Development\\transparency-db-admin-portal\\routes\\subsidyaward-update.js","statementMap":{"0":{"start":{"line":5,"column":16},"end":{"line":5,"column":34}},"1":{"start":{"line":6,"column":15},"end":{"line":6,"column":31}},"2":{"start":{"line":7,"column":14},"end":{"line":7,"column":30}},"3":{"start":{"line":8,"column":14},"end":{"line":8,"column":32}},"4":{"start":{"line":10,"column":0},"end":{"line":71,"column":3}},"5":{"start":{"line":11,"column":2},"end":{"line":11,"column":51}},"6":{"start":{"line":12,"column":32},"end":{"line":12,"column":37}},"7":{"start":{"line":14,"column":22},"end":{"line":14,"column":24}},"8":{"start":{"line":15,"column":21},"end":{"line":15,"column":23}},"9":{"start":{"line":16,"column":16},"end":{"line":16,"column":17}},"10":{"start":{"line":17,"column":25},"end":{"line":17,"column":26}},"11":{"start":{"line":18,"column":37},"end":{"line":18,"column":42}},"12":{"start":{"line":19,"column":36},"end":{"line":19,"column":41}},"13":{"start":{"line":20,"column":32},"end":{"line":20,"column":37}},"14":{"start":{"line":21,"column":33},"end":{"line":21,"column":38}},"15":{"start":{"line":22,"column":42},"end":{"line":22,"column":47}},"16":{"start":{"line":23,"column":40},"end":{"line":23,"column":45}},"17":{"start":{"line":24,"column":31},"end":{"line":24,"column":36}},"18":{"start":{"line":25,"column":33},"end":{"line":25,"column":38}},"19":{"start":{"line":26,"column":31},"end":{"line":26,"column":36}},"20":{"start":{"line":27,"column":39},"end":{"line":27,"column":44}},"21":{"start":{"line":28,"column":38},"end":{"line":28,"column":43}},"22":{"start":{"line":29,"column":38},"end":{"line":29,"column":43}},"23":{"start":{"line":30,"column":40},"end":{"line":30,"column":45}},"24":{"start":{"line":31,"column":39},"end":{"line":31,"column":44}},"25":{"start":{"line":32,"column":32},"end":{"line":32,"column":37}},"26":{"start":{"line":33,"column":30},"end":{"line":33,"column":35}},"27":{"start":{"line":34,"column":30},"end":{"line":34,"column":35}},"28":{"start":{"line":54,"column":6},"end":{"line":54,"column":14}},"29":{"start":{"line":73,"column":0},"end":{"line":73,"column":24}}},"fnMap":{"0":{"name":"(anonymous_0)","decl":{"start":{"line":10,"column":16},"end":{"line":10,"column":17}},"loc":{"start":{"line":10,"column":36},"end":{"line":71,"column":1}},"line":10}},"branchMap":{},"s":{"0":25,"1":25,"2":25,"3":25,"4":25,"5":0,"6":0,"7":0,"8":0,"9":0,"10":0,"11":0,"12":0,"13":0,"14":0,"15":0,"16":0,"17":0,"18":0,"19":0,"20":0,"21":0,"22":0,"23":0,"24":0,"25":0,"26":0,"27":0,"28":0,"29":25},"f":{"0":0},"b":{},"_coverageSchema":"1a1c01bbd47fc00a2c39e90264f33305004495a9","hash":"55efdb569e9964aeabec39b4f04ccd8e8408066f"}
,"C:\\Users\\2008389\\Development\\transparency-db-admin-portal\\routes\\subsidymeasure-edit.js": {"path":"C:\\Users\\2008389\\Development\\transparency-db-admin-portal\\routes\\subsidymeasure-edit.js","statementMap":{"0":{"start":{"line":1,"column":16},"end":{"line":1,"column":34}},"1":{"start":{"line":2,"column":15},"end":{"line":2,"column":31}},"2":{"start":{"line":4,"column":0},"end":{"line":6,"column":3}},"3":{"start":{"line":5,"column":2},"end":{"line":5,"column":48}},"4":{"start":{"line":8,"column":0},"end":{"line":8,"column":24}}},"fnMap":{"0":{"name":"(anonymous_0)","decl":{"start":{"line":4,"column":16},"end":{"line":4,"column":17}},"loc":{"start":{"line":4,"column":30},"end":{"line":6,"column":1}},"line":4}},"branchMap":{},"s":{"0":25,"1":25,"2":25,"3":1,"4":25},"f":{"0":1},"b":{},"_coverageSchema":"1a1c01bbd47fc00a2c39e90264f33305004495a9","hash":"f119d71810d5a6c5c9bf18a5e8ee2d8a978cf09d"}
,"C:\\Users\\2008389\\Development\\transparency-db-admin-portal\\routes\\subsidymeasure-reviewdetails.js": {"path":"C:\\Users\\2008389\\Development\\transparency-db-admin-portal\\routes\\subsidymeasure-reviewdetails.js","statementMap":{"0":{"start":{"line":1,"column":16},"end":{"line":1,"column":34}},"1":{"start":{"line":2,"column":15},"end":{"line":2,"column":31}},"2":{"start":{"line":4,"column":0},"end":{"line":6,"column":3}},"3":{"start":{"line":5,"column":2},"end":{"line":5,"column":56}},"4":{"start":{"line":8,"column":0},"end":{"line":8,"column":24}}},"fnMap":{"0":{"name":"(anonymous_0)","decl":{"start":{"line":4,"column":16},"end":{"line":4,"column":17}},"loc":{"start":{"line":4,"column":30},"end":{"line":6,"column":1}},"line":4}},"branchMap":{},"s":{"0":25,"1":25,"2":25,"3":1,"4":25},"f":{"0":1},"b":{},"_coverageSchema":"1a1c01bbd47fc00a2c39e90264f33305004495a9","hash":"f980f33844f227071d50382b70b503c7f62cb3c5"}
,"C:\\Users\\2008389\\Development\\transparency-db-admin-portal\\routes\\subsidymeasures-add.js": {"path":"C:\\Users\\2008389\\Development\\transparency-db-admin-portal\\routes\\subsidymeasures-add.js","statementMap":{"0":{"start":{"line":1,"column":16},"end":{"line":1,"column":34}},"1":{"start":{"line":2,"column":15},"end":{"line":2,"column":31}},"2":{"start":{"line":4,"column":0},"end":{"line":6,"column":3}},"3":{"start":{"line":5,"column":2},"end":{"line":5,"column":47}},"4":{"start":{"line":8,"column":0},"end":{"line":8,"column":24}}},"fnMap":{"0":{"name":"(anonymous_0)","decl":{"start":{"line":4,"column":16},"end":{"line":4,"column":17}},"loc":{"start":{"line":4,"column":30},"end":{"line":6,"column":1}},"line":4}},"branchMap":{},"s":{"0":25,"1":25,"2":25,"3":0,"4":25},"f":{"0":0},"b":{},"_coverageSchema":"1a1c01bbd47fc00a2c39e90264f33305004495a9","hash":"a14529efd599138656500a9d47a26e33e255bdea"}
}
