{"C:\\Users\\2008389\\Development\\transparency-db-admin-portal\\app.js": {"path":"C:\\Users\\2008389\\Development\\transparency-db-admin-portal\\app.js","statementMap":{"0":{"start":{"line":5,"column":16},"end":{"line":5,"column":34}},"1":{"start":{"line":6,"column":12},"end":{"line":6,"column":21}},"2":{"start":{"line":7,"column":11},"end":{"line":7,"column":24}},"3":{"start":{"line":8,"column":16},"end":{"line":8,"column":34}},"4":{"start":{"line":9,"column":23},"end":{"line":9,"column":49}},"5":{"start":{"line":10,"column":13},"end":{"line":10,"column":28}},"6":{"start":{"line":11,"column":19},"end":{"line":11,"column":48}},"7":{"start":{"line":12,"column":14},"end":{"line":12,"column":35}},"8":{"start":{"line":13,"column":24},"end":{"line":13,"column":39}},"9":{"start":{"line":14,"column":31},"end":{"line":14,"column":47}},"10":{"start":{"line":15,"column":21},"end":{"line":15,"column":38}},"11":{"start":{"line":17,"column":0},"end":{"line":17,"column":48}},"12":{"start":{"line":18,"column":0},"end":{"line":18,"column":30}},"13":{"start":{"line":19,"column":0},"end":{"line":19,"column":49}},"14":{"start":{"line":20,"column":0},"end":{"line":20,"column":35}},"15":{"start":{"line":21,"column":0},"end":{"line":21,"column":47}},"16":{"start":{"line":23,"column":14},"end":{"line":23,"column":16}},"17":{"start":{"line":25,"column":0},"end":{"line":30,"column":2}},"18":{"start":{"line":31,"column":0},"end":{"line":31,"column":62}},"19":{"start":{"line":32,"column":0},"end":{"line":32,"column":41}},"20":{"start":{"line":33,"column":0},"end":{"line":33,"column":51}},"21":{"start":{"line":34,"column":0},"end":{"line":34,"column":40}},"22":{"start":{"line":35,"column":0},"end":{"line":35,"column":36}},"23":{"start":{"line":36,"column":0},"end":{"line":36,"column":37}},"24":{"start":{"line":37,"column":0},"end":{"line":37,"column":46}},"25":{"start":{"line":38,"column":0},"end":{"line":38,"column":35}},"26":{"start":{"line":39,"column":0},"end":{"line":39,"column":37}},"27":{"start":{"line":40,"column":0},"end":{"line":40,"column":35}},"28":{"start":{"line":41,"column":0},"end":{"line":41,"column":43}},"29":{"start":{"line":42,"column":0},"end":{"line":42,"column":42}},"30":{"start":{"line":43,"column":0},"end":{"line":43,"column":42}},"31":{"start":{"line":44,"column":0},"end":{"line":44,"column":44}},"32":{"start":{"line":45,"column":0},"end":{"line":45,"column":43}},"33":{"start":{"line":46,"column":0},"end":{"line":46,"column":36}},"34":{"start":{"line":47,"column":0},"end":{"line":47,"column":34}},"35":{"start":{"line":48,"column":0},"end":{"line":48,"column":34}},"36":{"start":{"line":49,"column":0},"end":{"line":49,"column":24}},"37":{"start":{"line":50,"column":0},"end":{"line":50,"column":28}},"38":{"start":{"line":52,"column":0},"end":{"line":52,"column":29}},"39":{"start":{"line":53,"column":0},"end":{"line":53,"column":38}},"40":{"start":{"line":54,"column":0},"end":{"line":54,"column":37}},"41":{"start":{"line":56,"column":0},"end":{"line":56,"column":31}},"42":{"start":{"line":57,"column":0},"end":{"line":57,"column":40}},"43":{"start":{"line":59,"column":0},"end":{"line":59,"column":21}},"44":{"start":{"line":60,"column":0},"end":{"line":60,"column":25}},"45":{"start":{"line":61,"column":0},"end":{"line":61,"column":21}},"46":{"start":{"line":62,"column":0},"end":{"line":62,"column":24}},"47":{"start":{"line":63,"column":0},"end":{"line":63,"column":22}},"48":{"start":{"line":64,"column":0},"end":{"line":64,"column":21}},"49":{"start":{"line":65,"column":0},"end":{"line":65,"column":31}},"50":{"start":{"line":66,"column":0},"end":{"line":66,"column":24}},"51":{"start":{"line":67,"column":0},"end":{"line":67,"column":22}},"52":{"start":{"line":68,"column":0},"end":{"line":68,"column":20}},"53":{"start":{"line":69,"column":0},"end":{"line":69,"column":27}},"54":{"start":{"line":70,"column":0},"end":{"line":70,"column":23}},"55":{"start":{"line":71,"column":0},"end":{"line":71,"column":29}},"56":{"start":{"line":72,"column":0},"end":{"line":72,"column":29}},"57":{"start":{"line":74,"column":0},"end":{"line":74,"column":25}},"58":{"start":{"line":79,"column":0},"end":{"line":81,"column":3}},"59":{"start":{"line":80,"column":2},"end":{"line":80,"column":45}},"60":{"start":{"line":83,"column":24},"end":{"line":83,"column":61}},"61":{"start":{"line":84,"column":0},"end":{"line":84,"column":49}},"62":{"start":{"line":93,"column":11},"end":{"line":93,"column":35}},"63":{"start":{"line":94,"column":0},"end":{"line":94,"column":23}},"64":{"start":{"line":100,"column":21},"end":{"line":100,"column":55}},"65":{"start":{"line":101,"column":0},"end":{"line":101,"column":43}},"66":{"start":{"line":103,"column":22},"end":{"line":103,"column":57}},"67":{"start":{"line":104,"column":0},"end":{"line":104,"column":45}},"68":{"start":{"line":106,"column":24},"end":{"line":106,"column":61}},"69":{"start":{"line":107,"column":0},"end":{"line":107,"column":49}},"70":{"start":{"line":109,"column":26},"end":{"line":109,"column":65}},"71":{"start":{"line":110,"column":0},"end":{"line":110,"column":53}},"72":{"start":{"line":112,"column":23},"end":{"line":112,"column":59}},"73":{"start":{"line":113,"column":0},"end":{"line":113,"column":47}},"74":{"start":{"line":115,"column":29},"end":{"line":115,"column":71}},"75":{"start":{"line":116,"column":0},"end":{"line":116,"column":59}},"76":{"start":{"line":118,"column":28},"end":{"line":118,"column":69}},"77":{"start":{"line":119,"column":0},"end":{"line":119,"column":57}},"78":{"start":{"line":121,"column":25},"end":{"line":121,"column":63}},"79":{"start":{"line":122,"column":0},"end":{"line":122,"column":51}},"80":{"start":{"line":124,"column":35},"end":{"line":124,"column":83}},"81":{"start":{"line":125,"column":0},"end":{"line":125,"column":71}},"82":{"start":{"line":127,"column":19},"end":{"line":127,"column":51}},"83":{"start":{"line":128,"column":0},"end":{"line":128,"column":39}},"84":{"start":{"line":130,"column":21},"end":{"line":130,"column":55}},"85":{"start":{"line":131,"column":0},"end":{"line":131,"column":43}},"86":{"start":{"line":133,"column":22},"end":{"line":133,"column":57}},"87":{"start":{"line":134,"column":0},"end":{"line":134,"column":45}},"88":{"start":{"line":136,"column":23},"end":{"line":136,"column":60}},"89":{"start":{"line":137,"column":0},"end":{"line":137,"column":47}},"90":{"start":{"line":139,"column":25},"end":{"line":139,"column":64}},"91":{"start":{"line":140,"column":0},"end":{"line":140,"column":51}},"92":{"start":{"line":142,"column":25},"end":{"line":142,"column":64}},"93":{"start":{"line":143,"column":0},"end":{"line":143,"column":51}},"94":{"start":{"line":145,"column":32},"end":{"line":145,"column":79}},"95":{"start":{"line":146,"column":0},"end":{"line":146,"column":65}},"96":{"start":{"line":148,"column":29},"end":{"line":148,"column":73}},"97":{"start":{"line":149,"column":0},"end":{"line":149,"column":60}},"98":{"start":{"line":151,"column":40},"end":{"line":151,"column":95}},"99":{"start":{"line":152,"column":0},"end":{"line":152,"column":69}},"100":{"start":{"line":154,"column":22},"end":{"line":154,"column":57}},"101":{"start":{"line":155,"column":0},"end":{"line":155,"column":45}},"102":{"start":{"line":157,"column":23},"end":{"line":157,"column":59}},"103":{"start":{"line":158,"column":0},"end":{"line":158,"column":47}},"104":{"start":{"line":160,"column":24},"end":{"line":160,"column":61}},"105":{"start":{"line":161,"column":0},"end":{"line":161,"column":49}},"106":{"start":{"line":163,"column":25},"end":{"line":163,"column":64}},"107":{"start":{"line":164,"column":0},"end":{"line":164,"column":51}},"108":{"start":{"line":166,"column":23},"end":{"line":166,"column":60}},"109":{"start":{"line":167,"column":0},"end":{"line":167,"column":47}},"110":{"start":{"line":169,"column":25},"end":{"line":169,"column":64}},"111":{"start":{"line":170,"column":0},"end":{"line":170,"column":51}},"112":{"start":{"line":172,"column":26},"end":{"line":172,"column":66}},"113":{"start":{"line":173,"column":0},"end":{"line":173,"column":53}},"114":{"start":{"line":175,"column":26},"end":{"line":175,"column":65}},"115":{"start":{"line":176,"column":0},"end":{"line":176,"column":53}},"116":{"start":{"line":178,"column":28},"end":{"line":178,"column":69}},"117":{"start":{"line":179,"column":0},"end":{"line":179,"column":57}},"118":{"start":{"line":181,"column":27},"end":{"line":181,"column":67}},"119":{"start":{"line":182,"column":0},"end":{"line":182,"column":55}},"120":{"start":{"line":184,"column":22},"end":{"line":184,"column":57}},"121":{"start":{"line":185,"column":0},"end":{"line":185,"column":45}},"122":{"start":{"line":187,"column":24},"end":{"line":187,"column":61}},"123":{"start":{"line":188,"column":0},"end":{"line":188,"column":49}},"124":{"start":{"line":190,"column":25},"end":{"line":190,"column":64}},"125":{"start":{"line":191,"column":0},"end":{"line":191,"column":51}},"126":{"start":{"line":193,"column":28},"end":{"line":193,"column":76}},"127":{"start":{"line":194,"column":0},"end":{"line":194,"column":57}},"128":{"start":{"line":196,"column":26},"end":{"line":196,"column":65}},"129":{"start":{"line":197,"column":0},"end":{"line":197,"column":52}},"130":{"start":{"line":199,"column":22},"end":{"line":199,"column":57}},"131":{"start":{"line":200,"column":0},"end":{"line":200,"column":45}},"132":{"start":{"line":202,"column":25},"end":{"line":202,"column":63}},"133":{"start":{"line":203,"column":0},"end":{"line":203,"column":51}},"134":{"start":{"line":205,"column":24},"end":{"line":205,"column":61}},"135":{"start":{"line":206,"column":0},"end":{"line":206,"column":49}},"136":{"start":{"line":208,"column":24},"end":{"line":208,"column":61}},"137":{"start":{"line":209,"column":0},"end":{"line":209,"column":49}},"138":{"start":{"line":211,"column":27},"end":{"line":211,"column":67}},"139":{"start":{"line":212,"column":0},"end":{"line":212,"column":55}},"140":{"start":{"line":215,"column":25},"end":{"line":215,"column":64}},"141":{"start":{"line":216,"column":0},"end":{"line":216,"column":51}},"142":{"start":{"line":218,"column":24},"end":{"line":218,"column":62}},"143":{"start":{"line":219,"column":0},"end":{"line":219,"column":49}},"144":{"start":{"line":221,"column":24},"end":{"line":221,"column":63}},"145":{"start":{"line":222,"column":0},"end":{"line":222,"column":51}},"146":{"start":{"line":224,"column":31},"end":{"line":224,"column":77}},"147":{"start":{"line":225,"column":0},"end":{"line":225,"column":63}},"148":{"start":{"line":227,"column":25},"end":{"line":227,"column":63}},"149":{"start":{"line":228,"column":0},"end":{"line":228,"column":51}},"150":{"start":{"line":231,"column":0},"end":{"line":231,"column":21}}},"fnMap":{"0":{"name":"(anonymous_0)","decl":{"start":{"line":79,"column":13},"end":{"line":79,"column":14}},"loc":{"start":{"line":79,"column":27},"end":{"line":81,"column":1}},"line":79}},"branchMap":{},"s":{"0":21,"1":21,"2":21,"3":21,"4":21,"5":21,"6":21,"7":21,"8":21,"9":21,"10":21,"11":21,"12":21,"13":21,"14":21,"15":21,"16":21,"17":21,"18":21,"19":21,"20":21,"21":21,"22":21,"23":21,"24":21,"25":21,"26":21,"27":21,"28":21,"29":21,"30":21,"31":21,"32":21,"33":21,"34":21,"35":21,"36":21,"37":21,"38":21,"39":21,"40":21,"41":21,"42":21,"43":21,"44":21,"45":21,"46":21,"47":21,"48":21,"49":21,"50":21,"51":21,"52":21,"53":21,"54":21,"55":21,"56":21,"57":21,"58":21,"59":0,"60":21,"61":21,"62":21,"63":21,"64":21,"65":21,"66":21,"67":21,"68":21,"69":21,"70":21,"71":21,"72":21,"73":21,"74":21,"75":21,"76":21,"77":21,"78":21,"79":21,"80":21,"81":21,"82":21,"83":21,"84":21,"85":21,"86":21,"87":21,"88":21,"89":21,"90":21,"91":21,"92":21,"93":21,"94":21,"95":21,"96":21,"97":21,"98":21,"99":21,"100":21,"101":21,"102":21,"103":21,"104":21,"105":21,"106":21,"107":21,"108":21,"109":21,"110":21,"111":21,"112":21,"113":21,"114":21,"115":21,"116":21,"117":21,"118":21,"119":21,"120":21,"121":21,"122":21,"123":21,"124":21,"125":21,"126":21,"127":21,"128":21,"129":21,"130":21,"131":21,"132":21,"133":21,"134":21,"135":21,"136":21,"137":21,"138":21,"139":21,"140":21,"141":21,"142":21,"143":21,"144":21,"145":21,"146":21,"147":21,"148":21,"149":21,"150":21},"f":{"0":0},"b":{},"_coverageSchema":"1a1c01bbd47fc00a2c39e90264f33305004495a9","hash":"a9468b2179202076d970092814a9fc22c247a830"}
,"C:\\Users\\2008389\\Development\\transparency-db-admin-portal\\routes\\addgrantingauthority.js": {"path":"C:\\Users\\2008389\\Development\\transparency-db-admin-portal\\routes\\addgrantingauthority.js","statementMap":{"0":{"start":{"line":1,"column":16},"end":{"line":1,"column":34}},"1":{"start":{"line":2,"column":15},"end":{"line":2,"column":31}},"2":{"start":{"line":4,"column":0},"end":{"line":6,"column":3}},"3":{"start":{"line":5,"column":2},"end":{"line":5,"column":48}},"4":{"start":{"line":8,"column":0},"end":{"line":8,"column":24}}},"fnMap":{"0":{"name":"(anonymous_0)","decl":{"start":{"line":4,"column":16},"end":{"line":4,"column":17}},"loc":{"start":{"line":4,"column":30},"end":{"line":6,"column":1}},"line":4}},"branchMap":{},"s":{"0":21,"1":21,"2":21,"3":1,"4":21},"f":{"0":1},"b":{},"_coverageSchema":"1a1c01bbd47fc00a2c39e90264f33305004495a9","hash":"c0a1ffa023570c4c90f308d7251aa9d14bacdf81"}
,"C:\\Users\\2008389\\Development\\transparency-db-admin-portal\\routes\\addsubsidyaward.js": {"path":"C:\\Users\\2008389\\Development\\transparency-db-admin-portal\\routes\\addsubsidyaward.js","statementMap":{"0":{"start":{"line":2,"column":16},"end":{"line":2,"column":34}},"1":{"start":{"line":3,"column":15},"end":{"line":3,"column":31}},"2":{"start":{"line":5,"column":0},"end":{"line":9,"column":5}},"3":{"start":{"line":7,"column":34},"end":{"line":7,"column":38}},"4":{"start":{"line":8,"column":4},"end":{"line":8,"column":73}},"5":{"start":{"line":12,"column":2},"end":{"line":14,"column":4}},"6":{"start":{"line":13,"column":4},"end":{"line":13,"column":44}},"7":{"start":{"line":16,"column":0},"end":{"line":16,"column":24}}},"fnMap":{"0":{"name":"(anonymous_0)","decl":{"start":{"line":5,"column":15},"end":{"line":5,"column":16}},"loc":{"start":{"line":5,"column":29},"end":{"line":9,"column":3}},"line":5},"1":{"name":"(anonymous_1)","decl":{"start":{"line":12,"column":18},"end":{"line":12,"column":19}},"loc":{"start":{"line":12,"column":32},"end":{"line":14,"column":3}},"line":12}},"branchMap":{},"s":{"0":21,"1":21,"2":21,"3":2,"4":2,"5":21,"6":1,"7":21},"f":{"0":2,"1":1},"b":{},"_coverageSchema":"1a1c01bbd47fc00a2c39e90264f33305004495a9","hash":"860be5285b7d8b3165d312fdd5915b92e6f8d4e8"}
,"C:\\Users\\2008389\\Development\\transparency-db-admin-portal\\routes\\addsubsidyreview.js": {"path":"C:\\Users\\2008389\\Development\\transparency-db-admin-portal\\routes\\addsubsidyreview.js","statementMap":{"0":{"start":{"line":1,"column":16},"end":{"line":1,"column":34}},"1":{"start":{"line":2,"column":15},"end":{"line":2,"column":31}},"2":{"start":{"line":4,"column":0},"end":{"line":24,"column":3}},"3":{"start":{"line":5,"column":2},"end":{"line":5,"column":65}},"4":{"start":{"line":6,"column":2},"end":{"line":23,"column":5}},"5":{"start":{"line":26,"column":0},"end":{"line":26,"column":24}}},"fnMap":{"0":{"name":"(anonymous_0)","decl":{"start":{"line":4,"column":16},"end":{"line":4,"column":17}},"loc":{"start":{"line":4,"column":30},"end":{"line":24,"column":1}},"line":4}},"branchMap":{},"s":{"0":21,"1":21,"2":21,"3":0,"4":0,"5":21},"f":{"0":0},"b":{},"_coverageSchema":"1a1c01bbd47fc00a2c39e90264f33305004495a9","hash":"31f955bc73bda14ccf260ffabfef0acb1ec416d9"}
,"C:\\Users\\2008389\\Development\\transparency-db-admin-portal\\routes\\awardsfilterroute.js": {"path":"C:\\Users\\2008389\\Development\\transparency-db-admin-portal\\routes\\awardsfilterroute.js","statementMap":{"0":{"start":{"line":5,"column":16},"end":{"line":5,"column":34}},"1":{"start":{"line":6,"column":15},"end":{"line":6,"column":31}},"2":{"start":{"line":7,"column":14},"end":{"line":7,"column":30}},"3":{"start":{"line":8,"column":14},"end":{"line":8,"column":32}},"4":{"start":{"line":10,"column":0},"end":{"line":79,"column":3}},"5":{"start":{"line":11,"column":2},"end":{"line":11,"column":51}},"6":{"start":{"line":12,"column":2},"end":{"line":12,"column":33}},"7":{"start":{"line":14,"column":2},"end":{"line":14,"column":17}},"8":{"start":{"line":15,"column":2},"end":{"line":15,"column":40}},"9":{"start":{"line":17,"column":2},"end":{"line":18,"column":107}},"10":{"start":{"line":19,"column":2},"end":{"line":19,"column":51}},"11":{"start":{"line":20,"column":2},"end":{"line":20,"column":22}},"12":{"start":{"line":21,"column":2},"end":{"line":21,"column":36}},"13":{"start":{"line":22,"column":2},"end":{"line":22,"column":74}},"14":{"start":{"line":24,"column":2},"end":{"line":30,"column":25}},"15":{"start":{"line":31,"column":2},"end":{"line":31,"column":45}},"16":{"start":{"line":33,"column":2},"end":{"line":76,"column":3}},"17":{"start":{"line":34,"column":20},"end":{"line":34,"column":47}},"18":{"start":{"line":35,"column":4},"end":{"line":35,"column":45}},"19":{"start":{"line":36,"column":4},"end":{"line":36,"column":44}},"20":{"start":{"line":37,"column":4},"end":{"line":37,"column":62}},"21":{"start":{"line":38,"column":4},"end":{"line":38,"column":40}},"22":{"start":{"line":39,"column":4},"end":{"line":39,"column":32}},"23":{"start":{"line":40,"column":27},"end":{"line":40,"column":39}},"24":{"start":{"line":41,"column":4},"end":{"line":41,"column":51}},"25":{"start":{"line":42,"column":29},"end":{"line":42,"column":61}},"26":{"start":{"line":43,"column":27},"end":{"line":43,"column":55}},"27":{"start":{"line":44,"column":4},"end":{"line":44,"column":48}},"28":{"start":{"line":46,"column":4},"end":{"line":46,"column":68}},"29":{"start":{"line":47,"column":4},"end":{"line":47,"column":43}},"30":{"start":{"line":48,"column":4},"end":{"line":48,"column":43}},"31":{"start":{"line":49,"column":4},"end":{"line":49,"column":21}},"32":{"start":{"line":50,"column":4},"end":{"line":50,"column":22}},"33":{"start":{"line":51,"column":4},"end":{"line":51,"column":18}},"34":{"start":{"line":52,"column":4},"end":{"line":52,"column":21}},"35":{"start":{"line":53,"column":4},"end":{"line":53,"column":46}},"36":{"start":{"line":54,"column":4},"end":{"line":54,"column":28}},"37":{"start":{"line":56,"column":4},"end":{"line":56,"column":19}},"38":{"start":{"line":57,"column":4},"end":{"line":61,"column":5}},"39":{"start":{"line":58,"column":6},"end":{"line":58,"column":27}},"40":{"start":{"line":60,"column":6},"end":{"line":60,"column":19}},"41":{"start":{"line":62,"column":4},"end":{"line":71,"column":7}},"42":{"start":{"line":73,"column":4},"end":{"line":73,"column":33}},"43":{"start":{"line":74,"column":4},"end":{"line":74,"column":42}},"44":{"start":{"line":75,"column":4},"end":{"line":75,"column":76}},"45":{"start":{"line":81,"column":0},"end":{"line":81,"column":24}}},"fnMap":{"0":{"name":"(anonymous_0)","decl":{"start":{"line":10,"column":16},"end":{"line":10,"column":17}},"loc":{"start":{"line":10,"column":36},"end":{"line":79,"column":1}},"line":10}},"branchMap":{"0":{"loc":{"start":{"line":57,"column":4},"end":{"line":61,"column":5}},"type":"if","locations":[{"start":{"line":57,"column":4},"end":{"line":61,"column":5}},{"start":{"line":57,"column":4},"end":{"line":61,"column":5}}],"line":57}},"s":{"0":21,"1":21,"2":21,"3":21,"4":21,"5":0,"6":0,"7":0,"8":0,"9":0,"10":0,"11":0,"12":0,"13":0,"14":0,"15":0,"16":0,"17":0,"18":0,"19":0,"20":0,"21":0,"22":0,"23":0,"24":0,"25":0,"26":0,"27":0,"28":0,"29":0,"30":0,"31":0,"32":0,"33":0,"34":0,"35":0,"36":0,"37":0,"38":0,"39":0,"40":0,"41":0,"42":0,"43":0,"44":0,"45":21},"f":{"0":0},"b":{"0":[0,0]},"_coverageSchema":"1a1c01bbd47fc00a2c39e90264f33305004495a9","hash":"bab5132c1431889a31cd8f029053c3e334283e3e"}
,"C:\\Users\\2008389\\Development\\transparency-db-admin-portal\\routes\\awardspageperroute.js": {"path":"C:\\Users\\2008389\\Development\\transparency-db-admin-portal\\routes\\awardspageperroute.js","statementMap":{"0":{"start":{"line":5,"column":16},"end":{"line":5,"column":34}},"1":{"start":{"line":6,"column":15},"end":{"line":6,"column":31}},"2":{"start":{"line":7,"column":14},"end":{"line":7,"column":30}},"3":{"start":{"line":8,"column":14},"end":{"line":8,"column":32}},"4":{"start":{"line":10,"column":0},"end":{"line":121,"column":3}},"5":{"start":{"line":11,"column":2},"end":{"line":11,"column":51}},"6":{"start":{"line":12,"column":2},"end":{"line":12,"column":38}},"7":{"start":{"line":14,"column":2},"end":{"line":14,"column":62}},"8":{"start":{"line":15,"column":2},"end":{"line":15,"column":23}},"9":{"start":{"line":16,"column":2},"end":{"line":16,"column":19}},"10":{"start":{"line":17,"column":2},"end":{"line":17,"column":37}},"11":{"start":{"line":19,"column":2},"end":{"line":19,"column":35}},"12":{"start":{"line":20,"column":2},"end":{"line":20,"column":34}},"13":{"start":{"line":22,"column":2},"end":{"line":23,"column":89}},"14":{"start":{"line":24,"column":2},"end":{"line":24,"column":51}},"15":{"start":{"line":25,"column":2},"end":{"line":25,"column":22}},"16":{"start":{"line":26,"column":2},"end":{"line":26,"column":36}},"17":{"start":{"line":27,"column":2},"end":{"line":27,"column":74}},"18":{"start":{"line":29,"column":2},"end":{"line":35,"column":25}},"19":{"start":{"line":36,"column":2},"end":{"line":36,"column":45}},"20":{"start":{"line":38,"column":2},"end":{"line":120,"column":3}},"21":{"start":{"line":39,"column":20},"end":{"line":39,"column":47}},"22":{"start":{"line":40,"column":4},"end":{"line":40,"column":45}},"23":{"start":{"line":41,"column":4},"end":{"line":41,"column":40}},"24":{"start":{"line":42,"column":4},"end":{"line":42,"column":32}},"25":{"start":{"line":43,"column":27},"end":{"line":43,"column":39}},"26":{"start":{"line":44,"column":4},"end":{"line":44,"column":51}},"27":{"start":{"line":45,"column":29},"end":{"line":45,"column":61}},"28":{"start":{"line":47,"column":27},"end":{"line":47,"column":55}},"29":{"start":{"line":49,"column":4},"end":{"line":49,"column":58}},"30":{"start":{"line":51,"column":4},"end":{"line":63,"column":5}},"31":{"start":{"line":52,"column":6},"end":{"line":52,"column":23}},"32":{"start":{"line":53,"column":6},"end":{"line":53,"column":48}},"33":{"start":{"line":54,"column":11},"end":{"line":63,"column":5}},"34":{"start":{"line":55,"column":6},"end":{"line":55,"column":75}},"35":{"start":{"line":56,"column":6},"end":{"line":56,"column":29}},"36":{"start":{"line":58,"column":6},"end":{"line":61,"column":10}},"37":{"start":{"line":62,"column":6},"end":{"line":62,"column":63}},"38":{"start":{"line":65,"column":4},"end":{"line":65,"column":68}},"39":{"start":{"line":67,"column":4},"end":{"line":76,"column":5}},"40":{"start":{"line":68,"column":6},"end":{"line":68,"column":24}},"41":{"start":{"line":69,"column":6},"end":{"line":69,"column":20}},"42":{"start":{"line":70,"column":11},"end":{"line":76,"column":5}},"43":{"start":{"line":71,"column":6},"end":{"line":71,"column":36}},"44":{"start":{"line":72,"column":6},"end":{"line":72,"column":28}},"45":{"start":{"line":74,"column":6},"end":{"line":74,"column":39}},"46":{"start":{"line":75,"column":6},"end":{"line":75,"column":35}},"47":{"start":{"line":78,"column":4},"end":{"line":78,"column":44}},"48":{"start":{"line":79,"column":4},"end":{"line":79,"column":57}},"49":{"start":{"line":80,"column":4},"end":{"line":80,"column":55}},"50":{"start":{"line":81,"column":4},"end":{"line":81,"column":51}},"51":{"start":{"line":85,"column":4},"end":{"line":94,"column":5}},"52":{"start":{"line":86,"column":6},"end":{"line":86,"column":21}},"53":{"start":{"line":87,"column":6},"end":{"line":87,"column":19}},"54":{"start":{"line":88,"column":11},"end":{"line":94,"column":5}},"55":{"start":{"line":89,"column":6},"end":{"line":89,"column":21}},"56":{"start":{"line":90,"column":6},"end":{"line":90,"column":27}},"57":{"start":{"line":91,"column":11},"end":{"line":94,"column":5}},"58":{"start":{"line":92,"column":6},"end":{"line":92,"column":21}},"59":{"start":{"line":93,"column":6},"end":{"line":93,"column":27}},"60":{"start":{"line":95,"column":4},"end":{"line":102,"column":5}},"61":{"start":{"line":96,"column":6},"end":{"line":96,"column":69}},"62":{"start":{"line":97,"column":6},"end":{"line":97,"column":39}},"63":{"start":{"line":98,"column":6},"end":{"line":101,"column":7}},"64":{"start":{"line":99,"column":8},"end":{"line":99,"column":29}},"65":{"start":{"line":100,"column":8},"end":{"line":100,"column":35}},"66":{"start":{"line":104,"column":4},"end":{"line":104,"column":45}},"67":{"start":{"line":105,"column":4},"end":{"line":105,"column":41}},"68":{"start":{"line":106,"column":4},"end":{"line":106,"column":44}},"69":{"start":{"line":107,"column":4},"end":{"line":117,"column":7}},"70":{"start":{"line":119,"column":4},"end":{"line":119,"column":23}},"71":{"start":{"line":123,"column":0},"end":{"line":125,"column":3}},"72":{"start":{"line":124,"column":2},"end":{"line":124,"column":43}},"73":{"start":{"line":127,"column":0},"end":{"line":127,"column":24}}},"fnMap":{"0":{"name":"(anonymous_0)","decl":{"start":{"line":10,"column":16},"end":{"line":10,"column":17}},"loc":{"start":{"line":10,"column":36},"end":{"line":121,"column":1}},"line":10},"1":{"name":"(anonymous_1)","decl":{"start":{"line":123,"column":17},"end":{"line":123,"column":18}},"loc":{"start":{"line":123,"column":31},"end":{"line":125,"column":1}},"line":123}},"branchMap":{"0":{"loc":{"start":{"line":51,"column":4},"end":{"line":63,"column":5}},"type":"if","locations":[{"start":{"line":51,"column":4},"end":{"line":63,"column":5}},{"start":{"line":51,"column":4},"end":{"line":63,"column":5}}],"line":51},"1":{"loc":{"start":{"line":54,"column":11},"end":{"line":63,"column":5}},"type":"if","locations":[{"start":{"line":54,"column":11},"end":{"line":63,"column":5}},{"start":{"line":54,"column":11},"end":{"line":63,"column":5}}],"line":54},"2":{"loc":{"start":{"line":67,"column":4},"end":{"line":76,"column":5}},"type":"if","locations":[{"start":{"line":67,"column":4},"end":{"line":76,"column":5}},{"start":{"line":67,"column":4},"end":{"line":76,"column":5}}],"line":67},"3":{"loc":{"start":{"line":70,"column":11},"end":{"line":76,"column":5}},"type":"if","locations":[{"start":{"line":70,"column":11},"end":{"line":76,"column":5}},{"start":{"line":70,"column":11},"end":{"line":76,"column":5}}],"line":70},"4":{"loc":{"start":{"line":85,"column":4},"end":{"line":94,"column":5}},"type":"if","locations":[{"start":{"line":85,"column":4},"end":{"line":94,"column":5}},{"start":{"line":85,"column":4},"end":{"line":94,"column":5}}],"line":85},"5":{"loc":{"start":{"line":85,"column":8},"end":{"line":85,"column":41}},"type":"binary-expr","locations":[{"start":{"line":85,"column":8},"end":{"line":85,"column":24}},{"start":{"line":85,"column":28},"end":{"line":85,"column":41}}],"line":85},"6":{"loc":{"start":{"line":88,"column":11},"end":{"line":94,"column":5}},"type":"if","locations":[{"start":{"line":88,"column":11},"end":{"line":94,"column":5}},{"start":{"line":88,"column":11},"end":{"line":94,"column":5}}],"line":88},"7":{"loc":{"start":{"line":88,"column":15},"end":{"line":88,"column":49}},"type":"binary-expr","locations":[{"start":{"line":88,"column":15},"end":{"line":88,"column":31}},{"start":{"line":88,"column":35},"end":{"line":88,"column":49}}],"line":88},"8":{"loc":{"start":{"line":91,"column":11},"end":{"line":94,"column":5}},"type":"if","locations":[{"start":{"line":91,"column":11},"end":{"line":94,"column":5}},{"start":{"line":91,"column":11},"end":{"line":94,"column":5}}],"line":91},"9":{"loc":{"start":{"line":91,"column":15},"end":{"line":91,"column":50}},"type":"binary-expr","locations":[{"start":{"line":91,"column":15},"end":{"line":91,"column":32}},{"start":{"line":91,"column":36},"end":{"line":91,"column":50}}],"line":91},"10":{"loc":{"start":{"line":95,"column":4},"end":{"line":102,"column":5}},"type":"if","locations":[{"start":{"line":95,"column":4},"end":{"line":102,"column":5}},{"start":{"line":95,"column":4},"end":{"line":102,"column":5}}],"line":95},"11":{"loc":{"start":{"line":95,"column":8},"end":{"line":95,"column":42}},"type":"binary-expr","locations":[{"start":{"line":95,"column":8},"end":{"line":95,"column":25}},{"start":{"line":95,"column":29},"end":{"line":95,"column":42}}],"line":95},"12":{"loc":{"start":{"line":98,"column":6},"end":{"line":101,"column":7}},"type":"if","locations":[{"start":{"line":98,"column":6},"end":{"line":101,"column":7}},{"start":{"line":98,"column":6},"end":{"line":101,"column":7}}],"line":98}},"s":{"0":21,"1":21,"2":21,"3":21,"4":21,"5":0,"6":0,"7":0,"8":0,"9":0,"10":0,"11":0,"12":0,"13":0,"14":0,"15":0,"16":0,"17":0,"18":0,"19":0,"20":0,"21":0,"22":0,"23":0,"24":0,"25":0,"26":0,"27":0,"28":0,"29":0,"30":0,"31":0,"32":0,"33":0,"34":0,"35":0,"36":0,"37":0,"38":0,"39":0,"40":0,"41":0,"42":0,"43":0,"44":0,"45":0,"46":0,"47":0,"48":0,"49":0,"50":0,"51":0,"52":0,"53":0,"54":0,"55":0,"56":0,"57":0,"58":0,"59":0,"60":0,"61":0,"62":0,"63":0,"64":0,"65":0,"66":0,"67":0,"68":0,"69":0,"70":0,"71":21,"72":0,"73":21},"f":{"0":0,"1":0},"b":{"0":[0,0],"1":[0,0],"2":[0,0],"3":[0,0],"4":[0,0],"5":[0,0],"6":[0,0],"7":[0,0],"8":[0,0],"9":[0,0],"10":[0,0],"11":[0,0],"12":[0,0]},"_coverageSchema":"1a1c01bbd47fc00a2c39e90264f33305004495a9","hash":"f7ec33fd73351ba753fc85b474f554322b14f084"}
,"C:\\Users\\2008389\\Development\\transparency-db-admin-portal\\routes\\awardspageroute.js": {"path":"C:\\Users\\2008389\\Development\\transparency-db-admin-portal\\routes\\awardspageroute.js","statementMap":{"0":{"start":{"line":5,"column":16},"end":{"line":5,"column":34}},"1":{"start":{"line":6,"column":15},"end":{"line":6,"column":31}},"2":{"start":{"line":7,"column":14},"end":{"line":7,"column":30}},"3":{"start":{"line":8,"column":14},"end":{"line":8,"column":32}},"4":{"start":{"line":10,"column":0},"end":{"line":118,"column":3}},"5":{"start":{"line":11,"column":2},"end":{"line":11,"column":51}},"6":{"start":{"line":13,"column":2},"end":{"line":13,"column":38}},"7":{"start":{"line":14,"column":2},"end":{"line":14,"column":46}},"8":{"start":{"line":15,"column":2},"end":{"line":15,"column":58}},"9":{"start":{"line":17,"column":2},"end":{"line":17,"column":37}},"10":{"start":{"line":19,"column":2},"end":{"line":28,"column":3}},"11":{"start":{"line":20,"column":4},"end":{"line":20,"column":22}},"12":{"start":{"line":21,"column":4},"end":{"line":21,"column":18}},"13":{"start":{"line":22,"column":9},"end":{"line":28,"column":3}},"14":{"start":{"line":23,"column":4},"end":{"line":23,"column":34}},"15":{"start":{"line":24,"column":4},"end":{"line":24,"column":26}},"16":{"start":{"line":26,"column":4},"end":{"line":26,"column":37}},"17":{"start":{"line":27,"column":4},"end":{"line":27,"column":33}},"18":{"start":{"line":29,"column":2},"end":{"line":29,"column":55}},"19":{"start":{"line":30,"column":2},"end":{"line":30,"column":53}},"20":{"start":{"line":31,"column":2},"end":{"line":31,"column":49}},"21":{"start":{"line":33,"column":2},"end":{"line":33,"column":35}},"22":{"start":{"line":34,"column":2},"end":{"line":34,"column":34}},"23":{"start":{"line":36,"column":2},"end":{"line":37,"column":89}},"24":{"start":{"line":38,"column":2},"end":{"line":38,"column":51}},"25":{"start":{"line":39,"column":2},"end":{"line":39,"column":22}},"26":{"start":{"line":40,"column":2},"end":{"line":40,"column":36}},"27":{"start":{"line":41,"column":2},"end":{"line":41,"column":74}},"28":{"start":{"line":43,"column":2},"end":{"line":49,"column":25}},"29":{"start":{"line":50,"column":2},"end":{"line":50,"column":45}},"30":{"start":{"line":52,"column":2},"end":{"line":117,"column":3}},"31":{"start":{"line":53,"column":20},"end":{"line":53,"column":47}},"32":{"start":{"line":54,"column":4},"end":{"line":54,"column":45}},"33":{"start":{"line":55,"column":4},"end":{"line":55,"column":40}},"34":{"start":{"line":56,"column":4},"end":{"line":56,"column":32}},"35":{"start":{"line":57,"column":27},"end":{"line":57,"column":39}},"36":{"start":{"line":58,"column":4},"end":{"line":58,"column":51}},"37":{"start":{"line":59,"column":29},"end":{"line":59,"column":61}},"38":{"start":{"line":61,"column":27},"end":{"line":61,"column":55}},"39":{"start":{"line":63,"column":4},"end":{"line":63,"column":58}},"40":{"start":{"line":65,"column":4},"end":{"line":77,"column":5}},"41":{"start":{"line":66,"column":6},"end":{"line":66,"column":23}},"42":{"start":{"line":67,"column":6},"end":{"line":67,"column":48}},"43":{"start":{"line":68,"column":11},"end":{"line":77,"column":5}},"44":{"start":{"line":69,"column":6},"end":{"line":69,"column":75}},"45":{"start":{"line":70,"column":6},"end":{"line":70,"column":29}},"46":{"start":{"line":72,"column":6},"end":{"line":75,"column":10}},"47":{"start":{"line":76,"column":6},"end":{"line":76,"column":63}},"48":{"start":{"line":79,"column":4},"end":{"line":79,"column":68}},"49":{"start":{"line":83,"column":4},"end":{"line":92,"column":5}},"50":{"start":{"line":84,"column":6},"end":{"line":84,"column":21}},"51":{"start":{"line":85,"column":6},"end":{"line":85,"column":19}},"52":{"start":{"line":86,"column":11},"end":{"line":92,"column":5}},"53":{"start":{"line":87,"column":6},"end":{"line":87,"column":21}},"54":{"start":{"line":88,"column":6},"end":{"line":88,"column":27}},"55":{"start":{"line":89,"column":11},"end":{"line":92,"column":5}},"56":{"start":{"line":90,"column":6},"end":{"line":90,"column":21}},"57":{"start":{"line":91,"column":6},"end":{"line":91,"column":27}},"58":{"start":{"line":93,"column":4},"end":{"line":100,"column":5}},"59":{"start":{"line":94,"column":6},"end":{"line":94,"column":69}},"60":{"start":{"line":95,"column":6},"end":{"line":95,"column":39}},"61":{"start":{"line":96,"column":6},"end":{"line":99,"column":7}},"62":{"start":{"line":97,"column":8},"end":{"line":97,"column":29}},"63":{"start":{"line":98,"column":8},"end":{"line":98,"column":35}},"64":{"start":{"line":102,"column":4},"end":{"line":102,"column":45}},"65":{"start":{"line":103,"column":4},"end":{"line":103,"column":41}},"66":{"start":{"line":104,"column":4},"end":{"line":104,"column":44}},"67":{"start":{"line":106,"column":4},"end":{"line":114,"column":7}},"68":{"start":{"line":116,"column":4},"end":{"line":116,"column":23}},"69":{"start":{"line":120,"column":0},"end":{"line":122,"column":3}},"70":{"start":{"line":121,"column":2},"end":{"line":121,"column":43}},"71":{"start":{"line":124,"column":0},"end":{"line":124,"column":24}}},"fnMap":{"0":{"name":"(anonymous_0)","decl":{"start":{"line":10,"column":16},"end":{"line":10,"column":17}},"loc":{"start":{"line":10,"column":36},"end":{"line":118,"column":1}},"line":10},"1":{"name":"(anonymous_1)","decl":{"start":{"line":120,"column":17},"end":{"line":120,"column":18}},"loc":{"start":{"line":120,"column":31},"end":{"line":122,"column":1}},"line":120}},"branchMap":{"0":{"loc":{"start":{"line":19,"column":2},"end":{"line":28,"column":3}},"type":"if","locations":[{"start":{"line":19,"column":2},"end":{"line":28,"column":3}},{"start":{"line":19,"column":2},"end":{"line":28,"column":3}}],"line":19},"1":{"loc":{"start":{"line":22,"column":9},"end":{"line":28,"column":3}},"type":"if","locations":[{"start":{"line":22,"column":9},"end":{"line":28,"column":3}},{"start":{"line":22,"column":9},"end":{"line":28,"column":3}}],"line":22},"2":{"loc":{"start":{"line":65,"column":4},"end":{"line":77,"column":5}},"type":"if","locations":[{"start":{"line":65,"column":4},"end":{"line":77,"column":5}},{"start":{"line":65,"column":4},"end":{"line":77,"column":5}}],"line":65},"3":{"loc":{"start":{"line":68,"column":11},"end":{"line":77,"column":5}},"type":"if","locations":[{"start":{"line":68,"column":11},"end":{"line":77,"column":5}},{"start":{"line":68,"column":11},"end":{"line":77,"column":5}}],"line":68},"4":{"loc":{"start":{"line":83,"column":4},"end":{"line":92,"column":5}},"type":"if","locations":[{"start":{"line":83,"column":4},"end":{"line":92,"column":5}},{"start":{"line":83,"column":4},"end":{"line":92,"column":5}}],"line":83},"5":{"loc":{"start":{"line":83,"column":8},"end":{"line":83,"column":41}},"type":"binary-expr","locations":[{"start":{"line":83,"column":8},"end":{"line":83,"column":24}},{"start":{"line":83,"column":28},"end":{"line":83,"column":41}}],"line":83},"6":{"loc":{"start":{"line":86,"column":11},"end":{"line":92,"column":5}},"type":"if","locations":[{"start":{"line":86,"column":11},"end":{"line":92,"column":5}},{"start":{"line":86,"column":11},"end":{"line":92,"column":5}}],"line":86},"7":{"loc":{"start":{"line":86,"column":15},"end":{"line":86,"column":49}},"type":"binary-expr","locations":[{"start":{"line":86,"column":15},"end":{"line":86,"column":31}},{"start":{"line":86,"column":35},"end":{"line":86,"column":49}}],"line":86},"8":{"loc":{"start":{"line":89,"column":11},"end":{"line":92,"column":5}},"type":"if","locations":[{"start":{"line":89,"column":11},"end":{"line":92,"column":5}},{"start":{"line":89,"column":11},"end":{"line":92,"column":5}}],"line":89},"9":{"loc":{"start":{"line":89,"column":15},"end":{"line":89,"column":50}},"type":"binary-expr","locations":[{"start":{"line":89,"column":15},"end":{"line":89,"column":32}},{"start":{"line":89,"column":36},"end":{"line":89,"column":50}}],"line":89},"10":{"loc":{"start":{"line":93,"column":4},"end":{"line":100,"column":5}},"type":"if","locations":[{"start":{"line":93,"column":4},"end":{"line":100,"column":5}},{"start":{"line":93,"column":4},"end":{"line":100,"column":5}}],"line":93},"11":{"loc":{"start":{"line":93,"column":8},"end":{"line":93,"column":42}},"type":"binary-expr","locations":[{"start":{"line":93,"column":8},"end":{"line":93,"column":25}},{"start":{"line":93,"column":29},"end":{"line":93,"column":42}}],"line":93},"12":{"loc":{"start":{"line":96,"column":6},"end":{"line":99,"column":7}},"type":"if","locations":[{"start":{"line":96,"column":6},"end":{"line":99,"column":7}},{"start":{"line":96,"column":6},"end":{"line":99,"column":7}}],"line":96}},"s":{"0":21,"1":21,"2":21,"3":21,"4":21,"5":0,"6":0,"7":0,"8":0,"9":0,"10":0,"11":0,"12":0,"13":0,"14":0,"15":0,"16":0,"17":0,"18":0,"19":0,"20":0,"21":0,"22":0,"23":0,"24":0,"25":0,"26":0,"27":0,"28":0,"29":0,"30":0,"31":0,"32":0,"33":0,"34":0,"35":0,"36":0,"37":0,"38":0,"39":0,"40":0,"41":0,"42":0,"43":0,"44":0,"45":0,"46":0,"47":0,"48":0,"49":0,"50":0,"51":0,"52":0,"53":0,"54":0,"55":0,"56":0,"57":0,"58":0,"59":0,"60":0,"61":0,"62":0,"63":0,"64":0,"65":0,"66":0,"67":0,"68":0,"69":21,"70":0,"71":21},"f":{"0":0,"1":0},"b":{"0":[0,0],"1":[0,0],"2":[0,0],"3":[0,0],"4":[0,0],"5":[0,0],"6":[0,0],"7":[0,0],"8":[0,0],"9":[0,0],"10":[0,0],"11":[0,0],"12":[0,0]},"_coverageSchema":"1a1c01bbd47fc00a2c39e90264f33305004495a9","hash":"dd7eee8bfa795bd8f1070f0995722ab1406ea336"}
,"C:\\Users\\2008389\\Development\\transparency-db-admin-portal\\routes\\bulkuploadsubsidy.js": {"path":"C:\\Users\\2008389\\Development\\transparency-db-admin-portal\\routes\\bulkuploadsubsidy.js","statementMap":{"0":{"start":{"line":2,"column":16},"end":{"line":2,"column":34}},"1":{"start":{"line":3,"column":15},"end":{"line":3,"column":31}},"2":{"start":{"line":5,"column":0},"end":{"line":7,"column":4}},"3":{"start":{"line":6,"column":4},"end":{"line":6,"column":53}},"4":{"start":{"line":10,"column":0},"end":{"line":10,"column":24}}},"fnMap":{"0":{"name":"(anonymous_0)","decl":{"start":{"line":5,"column":15},"end":{"line":5,"column":16}},"loc":{"start":{"line":5,"column":29},"end":{"line":7,"column":3}},"line":5}},"branchMap":{},"s":{"0":21,"1":21,"2":21,"3":1,"4":21},"f":{"0":1},"b":{},"_coverageSchema":"1a1c01bbd47fc00a2c39e90264f33305004495a9","hash":"94ea1562d917a72d7cfc993b18eb4ab27bedd6c7"}
,"C:\\Users\\2008389\\Development\\transparency-db-admin-portal\\routes\\cancelmysubsidy.js": {"path":"C:\\Users\\2008389\\Development\\transparency-db-admin-portal\\routes\\cancelmysubsidy.js","statementMap":{"0":{"start":{"line":2,"column":16},"end":{"line":2,"column":34}},"1":{"start":{"line":3,"column":15},"end":{"line":3,"column":31}},"2":{"start":{"line":6,"column":0},"end":{"line":8,"column":5}},"3":{"start":{"line":7,"column":4},"end":{"line":7,"column":44}},"4":{"start":{"line":11,"column":0},"end":{"line":11,"column":24}}},"fnMap":{"0":{"name":"(anonymous_0)","decl":{"start":{"line":6,"column":16},"end":{"line":6,"column":17}},"loc":{"start":{"line":6,"column":30},"end":{"line":8,"column":3}},"line":6}},"branchMap":{},"s":{"0":21,"1":21,"2":21,"3":1,"4":21},"f":{"0":1},"b":{},"_coverageSchema":"1a1c01bbd47fc00a2c39e90264f33305004495a9","hash":"dafba96a2c36c01883b1038814c1c5e3bb012358"}
,"C:\\Users\\2008389\\Development\\transparency-db-admin-portal\\routes\\choosedashboard.js": {"path":"C:\\Users\\2008389\\Development\\transparency-db-admin-portal\\routes\\choosedashboard.js","statementMap":{"0":{"start":{"line":1,"column":16},"end":{"line":1,"column":34}},"1":{"start":{"line":2,"column":15},"end":{"line":2,"column":31}},"2":{"start":{"line":3,"column":14},"end":{"line":3,"column":30}},"3":{"start":{"line":4,"column":14},"end":{"line":4,"column":32}},"4":{"start":{"line":6,"column":0},"end":{"line":104,"column":3}},"5":{"start":{"line":10,"column":2},"end":{"line":10,"column":35}},"6":{"start":{"line":16,"column":48},"end":{"line":16,"column":56}},"7":{"start":{"line":18,"column":2},"end":{"line":18,"column":58}},"8":{"start":{"line":19,"column":2},"end":{"line":19,"column":52}},"9":{"start":{"line":21,"column":2},"end":{"line":21,"column":43}},"10":{"start":{"line":23,"column":2},"end":{"line":103,"column":3}},"11":{"start":{"line":25,"column":6},"end":{"line":25,"column":154}},"12":{"start":{"line":26,"column":17},"end":{"line":28,"column":5}},"13":{"start":{"line":34,"column":34},"end":{"line":40,"column":5}},"14":{"start":{"line":42,"column":15},"end":{"line":42,"column":63}},"15":{"start":{"line":43,"column":4},"end":{"line":43,"column":52}},"16":{"start":{"line":45,"column":4},"end":{"line":60,"column":5}},"17":{"start":{"line":46,"column":22},"end":{"line":49,"column":7}},"18":{"start":{"line":50,"column":6},"end":{"line":50,"column":47}},"19":{"start":{"line":51,"column":6},"end":{"line":51,"column":46}},"20":{"start":{"line":52,"column":6},"end":{"line":52,"column":64}},"21":{"start":{"line":53,"column":6},"end":{"line":53,"column":42}},"22":{"start":{"line":54,"column":6},"end":{"line":54,"column":37}},"23":{"start":{"line":55,"column":6},"end":{"line":55,"column":51}},"24":{"start":{"line":57,"column":6},"end":{"line":57,"column":35}},"25":{"start":{"line":58,"column":6},"end":{"line":58,"column":44}},"26":{"start":{"line":59,"column":6},"end":{"line":59,"column":78}},"27":{"start":{"line":61,"column":9},"end":{"line":103,"column":3}},"28":{"start":{"line":63,"column":6},"end":{"line":63,"column":166}},"29":{"start":{"line":64,"column":17},"end":{"line":66,"column":5}},"30":{"start":{"line":72,"column":34},"end":{"line":78,"column":5}},"31":{"start":{"line":80,"column":15},"end":{"line":80,"column":63}},"32":{"start":{"line":81,"column":4},"end":{"line":81,"column":52}},"33":{"start":{"line":83,"column":4},"end":{"line":98,"column":5}},"34":{"start":{"line":84,"column":22},"end":{"line":87,"column":7}},"35":{"start":{"line":88,"column":6},"end":{"line":88,"column":47}},"36":{"start":{"line":89,"column":6},"end":{"line":89,"column":46}},"37":{"start":{"line":90,"column":6},"end":{"line":90,"column":64}},"38":{"start":{"line":91,"column":6},"end":{"line":91,"column":42}},"39":{"start":{"line":92,"column":6},"end":{"line":92,"column":37}},"40":{"start":{"line":93,"column":6},"end":{"line":93,"column":49}},"41":{"start":{"line":95,"column":6},"end":{"line":95,"column":35}},"42":{"start":{"line":96,"column":6},"end":{"line":96,"column":44}},"43":{"start":{"line":97,"column":6},"end":{"line":97,"column":78}},"44":{"start":{"line":99,"column":9},"end":{"line":103,"column":3}},"45":{"start":{"line":100,"column":4},"end":{"line":100,"column":50}},"46":{"start":{"line":101,"column":9},"end":{"line":103,"column":3}},"47":{"start":{"line":102,"column":4},"end":{"line":102,"column":49}},"48":{"start":{"line":106,"column":0},"end":{"line":106,"column":24}}},"fnMap":{"0":{"name":"(anonymous_0)","decl":{"start":{"line":6,"column":17},"end":{"line":6,"column":18}},"loc":{"start":{"line":6,"column":37},"end":{"line":104,"column":1}},"line":6}},"branchMap":{"0":{"loc":{"start":{"line":23,"column":2},"end":{"line":103,"column":3}},"type":"if","locations":[{"start":{"line":23,"column":2},"end":{"line":103,"column":3}},{"start":{"line":23,"column":2},"end":{"line":103,"column":3}}],"line":23},"1":{"loc":{"start":{"line":61,"column":9},"end":{"line":103,"column":3}},"type":"if","locations":[{"start":{"line":61,"column":9},"end":{"line":103,"column":3}},{"start":{"line":61,"column":9},"end":{"line":103,"column":3}}],"line":61},"2":{"loc":{"start":{"line":99,"column":9},"end":{"line":103,"column":3}},"type":"if","locations":[{"start":{"line":99,"column":9},"end":{"line":103,"column":3}},{"start":{"line":99,"column":9},"end":{"line":103,"column":3}}],"line":99},"3":{"loc":{"start":{"line":101,"column":9},"end":{"line":103,"column":3}},"type":"if","locations":[{"start":{"line":101,"column":9},"end":{"line":103,"column":3}},{"start":{"line":101,"column":9},"end":{"line":103,"column":3}}],"line":101}},"s":{"0":21,"1":21,"2":21,"3":21,"4":21,"5":0,"6":0,"7":0,"8":0,"9":0,"10":0,"11":0,"12":0,"13":0,"14":0,"15":0,"16":0,"17":0,"18":0,"19":0,"20":0,"21":0,"22":0,"23":0,"24":0,"25":0,"26":0,"27":0,"28":0,"29":0,"30":0,"31":0,"32":0,"33":0,"34":0,"35":0,"36":0,"37":0,"38":0,"39":0,"40":0,"41":0,"42":0,"43":0,"44":0,"45":0,"46":0,"47":0,"48":21},"f":{"0":0},"b":{"0":[0,0],"1":[0,0],"2":[0,0],"3":[0,0]},"_coverageSchema":"1a1c01bbd47fc00a2c39e90264f33305004495a9","hash":"55a6fddf5c3275151cc0196d0d1d2cb9f88950fa"}
,"C:\\Users\\2008389\\Development\\transparency-db-admin-portal\\routes\\dashboard-beisadmin.js": {"path":"C:\\Users\\2008389\\Development\\transparency-db-admin-portal\\routes\\dashboard-beisadmin.js","statementMap":{"0":{"start":{"line":1,"column":16},"end":{"line":1,"column":34}},"1":{"start":{"line":2,"column":15},"end":{"line":2,"column":31}},"2":{"start":{"line":4,"column":0},"end":{"line":28,"column":3}},"3":{"start":{"line":7,"column":22},"end":{"line":7,"column":168}},"4":{"start":{"line":8,"column":11},"end":{"line":8,"column":52}},"5":{"start":{"line":9,"column":0},"end":{"line":9,"column":48}},"6":{"start":{"line":11,"column":6},"end":{"line":26,"column":7}},"7":{"start":{"line":12,"column":26},"end":{"line":12,"column":113}},"8":{"start":{"line":13,"column":10},"end":{"line":13,"column":51}},"9":{"start":{"line":14,"column":10},"end":{"line":14,"column":50}},"10":{"start":{"line":15,"column":10},"end":{"line":15,"column":68}},"11":{"start":{"line":16,"column":10},"end":{"line":16,"column":46}},"12":{"start":{"line":17,"column":10},"end":{"line":17,"column":55}},"13":{"start":{"line":22,"column":8},"end":{"line":22,"column":37}},"14":{"start":{"line":23,"column":8},"end":{"line":23,"column":46}},"15":{"start":{"line":24,"column":8},"end":{"line":24,"column":81}},"16":{"start":{"line":30,"column":0},"end":{"line":30,"column":24}}},"fnMap":{"0":{"name":"(anonymous_0)","decl":{"start":{"line":4,"column":17},"end":{"line":4,"column":18}},"loc":{"start":{"line":4,"column":36},"end":{"line":28,"column":1}},"line":4}},"branchMap":{},"s":{"0":21,"1":21,"2":21,"3":1,"4":1,"5":1,"6":1,"7":1,"8":0,"9":0,"10":0,"11":0,"12":0,"13":1,"14":1,"15":1,"16":21},"f":{"0":1},"b":{},"_coverageSchema":"1a1c01bbd47fc00a2c39e90264f33305004495a9","hash":"42fa887320313ffd37439fa2ed0305dd794e14e9"}
,"C:\\Users\\2008389\\Development\\transparency-db-admin-portal\\routes\\dashboard-gaadmin.js": {"path":"C:\\Users\\2008389\\Development\\transparency-db-admin-portal\\routes\\dashboard-gaadmin.js","statementMap":{"0":{"start":{"line":1,"column":16},"end":{"line":1,"column":34}},"1":{"start":{"line":2,"column":15},"end":{"line":2,"column":31}},"2":{"start":{"line":4,"column":0},"end":{"line":6,"column":3}},"3":{"start":{"line":5,"column":2},"end":{"line":5,"column":45}},"4":{"start":{"line":8,"column":0},"end":{"line":8,"column":24}}},"fnMap":{"0":{"name":"(anonymous_0)","decl":{"start":{"line":4,"column":16},"end":{"line":4,"column":17}},"loc":{"start":{"line":4,"column":30},"end":{"line":6,"column":1}},"line":4}},"branchMap":{},"s":{"0":21,"1":21,"2":21,"3":0,"4":21},"f":{"0":0},"b":{},"_coverageSchema":"1a1c01bbd47fc00a2c39e90264f33305004495a9","hash":"5612b87de930a6551d6adaf570bfd6d09c426f5d"}
,"C:\\Users\\2008389\\Development\\transparency-db-admin-portal\\routes\\dashboard-gaapprover.js": {"path":"C:\\Users\\2008389\\Development\\transparency-db-admin-portal\\routes\\dashboard-gaapprover.js","statementMap":{"0":{"start":{"line":1,"column":16},"end":{"line":1,"column":34}},"1":{"start":{"line":2,"column":15},"end":{"line":2,"column":31}},"2":{"start":{"line":4,"column":0},"end":{"line":6,"column":3}},"3":{"start":{"line":5,"column":2},"end":{"line":5,"column":48}},"4":{"start":{"line":8,"column":0},"end":{"line":8,"column":24}}},"fnMap":{"0":{"name":"(anonymous_0)","decl":{"start":{"line":4,"column":16},"end":{"line":4,"column":17}},"loc":{"start":{"line":4,"column":30},"end":{"line":6,"column":1}},"line":4}},"branchMap":{},"s":{"0":21,"1":21,"2":21,"3":0,"4":21},"f":{"0":0},"b":{},"_coverageSchema":"1a1c01bbd47fc00a2c39e90264f33305004495a9","hash":"52fb021a70a378a7f611d75c3b43643e97ea76ed"}
,"C:\\Users\\2008389\\Development\\transparency-db-admin-portal\\routes\\dashboard-gaencoder.js": {"path":"C:\\Users\\2008389\\Development\\transparency-db-admin-portal\\routes\\dashboard-gaencoder.js","statementMap":{"0":{"start":{"line":1,"column":16},"end":{"line":1,"column":34}},"1":{"start":{"line":2,"column":15},"end":{"line":2,"column":31}},"2":{"start":{"line":4,"column":0},"end":{"line":6,"column":3}},"3":{"start":{"line":5,"column":2},"end":{"line":5,"column":47}},"4":{"start":{"line":8,"column":0},"end":{"line":8,"column":24}}},"fnMap":{"0":{"name":"(anonymous_0)","decl":{"start":{"line":4,"column":16},"end":{"line":4,"column":17}},"loc":{"start":{"line":4,"column":30},"end":{"line":6,"column":1}},"line":4}},"branchMap":{},"s":{"0":21,"1":21,"2":21,"3":0,"4":21},"f":{"0":0},"b":{},"_coverageSchema":"1a1c01bbd47fc00a2c39e90264f33305004495a9","hash":"900b426b232d84fbf37d526eef182ee625025fe1"}
,"C:\\Users\\2008389\\Development\\transparency-db-admin-portal\\routes\\editgrantingauthority.js": {"path":"C:\\Users\\2008389\\Development\\transparency-db-admin-portal\\routes\\editgrantingauthority.js","statementMap":{"0":{"start":{"line":2,"column":16},"end":{"line":2,"column":34}},"1":{"start":{"line":3,"column":15},"end":{"line":3,"column":31}},"2":{"start":{"line":5,"column":0},"end":{"line":7,"column":5}},"3":{"start":{"line":6,"column":4},"end":{"line":6,"column":50}},"4":{"start":{"line":9,"column":0},"end":{"line":9,"column":24}}},"fnMap":{"0":{"name":"(anonymous_0)","decl":{"start":{"line":5,"column":15},"end":{"line":5,"column":16}},"loc":{"start":{"line":5,"column":29},"end":{"line":7,"column":3}},"line":5}},"branchMap":{},"s":{"0":21,"1":21,"2":21,"3":1,"4":21},"f":{"0":1},"b":{},"_coverageSchema":"1a1c01bbd47fc00a2c39e90264f33305004495a9","hash":"6a0b57c09d89cb2fa1fb22427d9ec26250debbd5"}
,"C:\\Users\\2008389\\Development\\transparency-db-admin-portal\\routes\\formvalidation.js": {"path":"C:\\Users\\2008389\\Development\\transparency-db-admin-portal\\routes\\formvalidation.js","statementMap":{"0":{"start":{"line":1,"column":16},"end":{"line":1,"column":34}},"1":{"start":{"line":2,"column":15},"end":{"line":2,"column":31}},"2":{"start":{"line":3,"column":16},"end":{"line":3,"column":34}},"3":{"start":{"line":5,"column":0},"end":{"line":14,"column":3}},"4":{"start":{"line":6,"column":26},"end":{"line":6,"column":31}},"5":{"start":{"line":7,"column":24},"end":{"line":7,"column":29}},"6":{"start":{"line":8,"column":22},"end":{"line":8,"column":27}},"7":{"start":{"line":9,"column":2},"end":{"line":13,"column":5}},"8":{"start":{"line":16,"column":0},"end":{"line":140,"column":3}},"9":{"start":{"line":17,"column":26},"end":{"line":17,"column":31}},"10":{"start":{"line":19,"column":2},"end":{"line":19,"column":32}},"11":{"start":{"line":21,"column":2},"end":{"line":25,"column":11}},"12":{"start":{"line":22,"column":4},"end":{"line":24,"column":5}},"13":{"start":{"line":23,"column":6},"end":{"line":23,"column":41}},"14":{"start":{"line":27,"column":2},"end":{"line":139,"column":3}},"15":{"start":{"line":28,"column":4},"end":{"line":28,"column":29}},"16":{"start":{"line":29,"column":4},"end":{"line":29,"column":37}},"17":{"start":{"line":30,"column":4},"end":{"line":30,"column":70}},"18":{"start":{"line":32,"column":15},"end":{"line":32,"column":38}},"19":{"start":{"line":33,"column":22},"end":{"line":33,"column":31}},"20":{"start":{"line":34,"column":27},"end":{"line":34,"column":36}},"21":{"start":{"line":35,"column":19},"end":{"line":35,"column":28}},"22":{"start":{"line":36,"column":27},"end":{"line":36,"column":29}},"23":{"start":{"line":37,"column":4},"end":{"line":37,"column":45}},"24":{"start":{"line":38,"column":4},"end":{"line":38,"column":42}},"25":{"start":{"line":39,"column":4},"end":{"line":39,"column":45}},"26":{"start":{"line":43,"column":19},"end":{"line":43,"column":50}},"27":{"start":{"line":44,"column":17},"end":{"line":44,"column":35}},"28":{"start":{"line":45,"column":6},"end":{"line":47,"column":7}},"29":{"start":{"line":45,"column":19},"end":{"line":45,"column":20}},"30":{"start":{"line":46,"column":8},"end":{"line":46,"column":28}},"31":{"start":{"line":48,"column":6},"end":{"line":48,"column":20}},"32":{"start":{"line":55,"column":6},"end":{"line":55,"column":77}},"33":{"start":{"line":58,"column":14},"end":{"line":74,"column":6}},"34":{"start":{"line":59,"column":6},"end":{"line":73,"column":7}},"35":{"start":{"line":60,"column":8},"end":{"line":62,"column":10}},"36":{"start":{"line":64,"column":8},"end":{"line":64,"column":44}},"37":{"start":{"line":66,"column":8},"end":{"line":66,"column":36}},"38":{"start":{"line":67,"column":8},"end":{"line":67,"column":48}},"39":{"start":{"line":68,"column":8},"end":{"line":68,"column":48}},"40":{"start":{"line":69,"column":8},"end":{"line":71,"column":10}},"41":{"start":{"line":72,"column":8},"end":{"line":72,"column":52}},"42":{"start":{"line":75,"column":15},"end":{"line":75,"column":25}},"43":{"start":{"line":77,"column":4},"end":{"line":80,"column":7}},"44":{"start":{"line":82,"column":28},"end":{"line":82,"column":33}},"45":{"start":{"line":83,"column":34},"end":{"line":83,"column":38}},"46":{"start":{"line":84,"column":25},"end":{"line":84,"column":31}},"47":{"start":{"line":85,"column":27},"end":{"line":85,"column":34}},"48":{"start":{"line":86,"column":21},"end":{"line":86,"column":26}},"49":{"start":{"line":87,"column":23},"end":{"line":87,"column":28}},"50":{"start":{"line":88,"column":26},"end":{"line":88,"column":31}},"51":{"start":{"line":89,"column":24},"end":{"line":89,"column":29}},"52":{"start":{"line":90,"column":22},"end":{"line":90,"column":27}},"53":{"start":{"line":91,"column":19},"end":{"line":91,"column":24}},"54":{"start":{"line":93,"column":4},"end":{"line":99,"column":5}},"55":{"start":{"line":94,"column":6},"end":{"line":94,"column":31}},"56":{"start":{"line":95,"column":6},"end":{"line":95,"column":39}},"57":{"start":{"line":97,"column":6},"end":{"line":97,"column":56}},"58":{"start":{"line":98,"column":6},"end":{"line":98,"column":60}},"59":{"start":{"line":101,"column":4},"end":{"line":105,"column":5}},"60":{"start":{"line":102,"column":6},"end":{"line":102,"column":30}},"61":{"start":{"line":104,"column":6},"end":{"line":104,"column":29}},"62":{"start":{"line":107,"column":4},"end":{"line":111,"column":5}},"63":{"start":{"line":108,"column":6},"end":{"line":108,"column":27}},"64":{"start":{"line":110,"column":6},"end":{"line":110,"column":28}},"65":{"start":{"line":113,"column":4},"end":{"line":117,"column":5}},"66":{"start":{"line":114,"column":6},"end":{"line":114,"column":25}},"67":{"start":{"line":116,"column":6},"end":{"line":116,"column":26}},"68":{"start":{"line":119,"column":4},"end":{"line":119,"column":71}},"69":{"start":{"line":121,"column":4},"end":{"line":138,"column":13}},"70":{"start":{"line":122,"column":6},"end":{"line":126,"column":7}},"71":{"start":{"line":123,"column":8},"end":{"line":123,"column":24}},"72":{"start":{"line":125,"column":8},"end":{"line":125,"column":25}},"73":{"start":{"line":127,"column":6},"end":{"line":137,"column":9}},"74":{"start":{"line":142,"column":0},"end":{"line":142,"column":24}}},"fnMap":{"0":{"name":"(anonymous_0)","decl":{"start":{"line":5,"column":16},"end":{"line":5,"column":17}},"loc":{"start":{"line":5,"column":30},"end":{"line":14,"column":1}},"line":5},"1":{"name":"(anonymous_1)","decl":{"start":{"line":16,"column":17},"end":{"line":16,"column":18}},"loc":{"start":{"line":16,"column":31},"end":{"line":140,"column":1}},"line":16},"2":{"name":"(anonymous_2)","decl":{"start":{"line":21,"column":13},"end":{"line":21,"column":14}},"loc":{"start":{"line":21,"column":19},"end":{"line":25,"column":3}},"line":21},"3":{"name":"toBuffer","decl":{"start":{"line":42,"column":13},"end":{"line":42,"column":21}},"loc":{"start":{"line":42,"column":26},"end":{"line":49,"column":5}},"line":42},"4":{"name":"(anonymous_4)","decl":{"start":{"line":58,"column":32},"end":{"line":58,"column":33}},"loc":{"start":{"line":58,"column":59},"end":{"line":74,"column":5}},"line":58},"5":{"name":"(anonymous_5)","decl":{"start":{"line":121,"column":15},"end":{"line":121,"column":16}},"loc":{"start":{"line":121,"column":21},"end":{"line":138,"column":5}},"line":121}},"branchMap":{"0":{"loc":{"start":{"line":22,"column":4},"end":{"line":24,"column":5}},"type":"if","locations":[{"start":{"line":22,"column":4},"end":{"line":24,"column":5}},{"start":{"line":22,"column":4},"end":{"line":24,"column":5}}],"line":22},"1":{"loc":{"start":{"line":27,"column":2},"end":{"line":139,"column":3}},"type":"if","locations":[{"start":{"line":27,"column":2},"end":{"line":139,"column":3}},{"start":{"line":27,"column":2},"end":{"line":139,"column":3}}],"line":27},"2":{"loc":{"start":{"line":59,"column":6},"end":{"line":73,"column":7}},"type":"if","locations":[{"start":{"line":59,"column":6},"end":{"line":73,"column":7}},{"start":{"line":59,"column":6},"end":{"line":73,"column":7}}],"line":59},"3":{"loc":{"start":{"line":93,"column":4},"end":{"line":99,"column":5}},"type":"if","locations":[{"start":{"line":93,"column":4},"end":{"line":99,"column":5}},{"start":{"line":93,"column":4},"end":{"line":99,"column":5}}],"line":93},"4":{"loc":{"start":{"line":101,"column":4},"end":{"line":105,"column":5}},"type":"if","locations":[{"start":{"line":101,"column":4},"end":{"line":105,"column":5}},{"start":{"line":101,"column":4},"end":{"line":105,"column":5}}],"line":101},"5":{"loc":{"start":{"line":101,"column":8},"end":{"line":101,"column":34}},"type":"binary-expr","locations":[{"start":{"line":101,"column":8},"end":{"line":101,"column":18}},{"start":{"line":101,"column":22},"end":{"line":101,"column":34}}],"line":101},"6":{"loc":{"start":{"line":107,"column":4},"end":{"line":111,"column":5}},"type":"if","locations":[{"start":{"line":107,"column":4},"end":{"line":111,"column":5}},{"start":{"line":107,"column":4},"end":{"line":111,"column":5}}],"line":107},"7":{"loc":{"start":{"line":113,"column":4},"end":{"line":117,"column":5}},"type":"if","locations":[{"start":{"line":113,"column":4},"end":{"line":117,"column":5}},{"start":{"line":113,"column":4},"end":{"line":117,"column":5}}],"line":113},"8":{"loc":{"start":{"line":122,"column":6},"end":{"line":126,"column":7}},"type":"if","locations":[{"start":{"line":122,"column":6},"end":{"line":126,"column":7}},{"start":{"line":122,"column":6},"end":{"line":126,"column":7}}],"line":122}},"s":{"0":21,"1":21,"2":21,"3":21,"4":1,"5":1,"6":1,"7":1,"8":21,"9":0,"10":0,"11":0,"12":0,"13":0,"14":0,"15":0,"16":0,"17":0,"18":0,"19":0,"20":0,"21":0,"22":0,"23":0,"24":0,"25":0,"26":0,"27":0,"28":0,"29":0,"30":0,"31":0,"32":0,"33":0,"34":0,"35":0,"36":0,"37":0,"38":0,"39":0,"40":0,"41":0,"42":0,"43":0,"44":0,"45":0,"46":0,"47":0,"48":0,"49":0,"50":0,"51":0,"52":0,"53":0,"54":0,"55":0,"56":0,"57":0,"58":0,"59":0,"60":0,"61":0,"62":0,"63":0,"64":0,"65":0,"66":0,"67":0,"68":0,"69":0,"70":0,"71":0,"72":0,"73":0,"74":21},"f":{"0":1,"1":0,"2":0,"3":0,"4":0,"5":0},"b":{"0":[0,0],"1":[0,0],"2":[0,0],"3":[0,0],"4":[0,0],"5":[0,0],"6":[0,0],"7":[0,0],"8":[0,0]},"_coverageSchema":"1a1c01bbd47fc00a2c39e90264f33305004495a9","hash":"a2fac7fae984f0e787c0d1d7340376ad5899d480"}
,"C:\\Users\\2008389\\Development\\transparency-db-admin-portal\\routes\\loginemailconfirmation.js": {"path":"C:\\Users\\2008389\\Development\\transparency-db-admin-portal\\routes\\loginemailconfirmation.js","statementMap":{"0":{"start":{"line":1,"column":16},"end":{"line":1,"column":34}},"1":{"start":{"line":2,"column":15},"end":{"line":2,"column":31}},"2":{"start":{"line":4,"column":0},"end":{"line":22,"column":3}},"3":{"start":{"line":5,"column":28},"end":{"line":5,"column":36}},"4":{"start":{"line":6,"column":21},"end":{"line":6,"column":26}},"5":{"start":{"line":7,"column":19},"end":{"line":7,"column":22}},"6":{"start":{"line":8,"column":21},"end":{"line":8,"column":26}},"7":{"start":{"line":9,"column":2},"end":{"line":9,"column":52}},"8":{"start":{"line":10,"column":2},"end":{"line":21,"column":3}},"9":{"start":{"line":11,"column":4},"end":{"line":11,"column":25}},"10":{"start":{"line":12,"column":4},"end":{"line":12,"column":73}},"11":{"start":{"line":13,"column":9},"end":{"line":21,"column":3}},"12":{"start":{"line":14,"column":4},"end":{"line":14,"column":73}},"13":{"start":{"line":16,"column":4},"end":{"line":16,"column":38}},"14":{"start":{"line":18,"column":4},"end":{"line":18,"column":35}},"15":{"start":{"line":19,"column":4},"end":{"line":20,"column":28}},"16":{"start":{"line":24,"column":0},"end":{"line":24,"column":24}}},"fnMap":{"0":{"name":"(anonymous_0)","decl":{"start":{"line":4,"column":17},"end":{"line":4,"column":18}},"loc":{"start":{"line":4,"column":31},"end":{"line":22,"column":1}},"line":4}},"branchMap":{"0":{"loc":{"start":{"line":10,"column":2},"end":{"line":21,"column":3}},"type":"if","locations":[{"start":{"line":10,"column":2},"end":{"line":21,"column":3}},{"start":{"line":10,"column":2},"end":{"line":21,"column":3}}],"line":10},"1":{"loc":{"start":{"line":13,"column":9},"end":{"line":21,"column":3}},"type":"if","locations":[{"start":{"line":13,"column":9},"end":{"line":21,"column":3}},{"start":{"line":13,"column":9},"end":{"line":21,"column":3}}],"line":13}},"s":{"0":21,"1":21,"2":21,"3":0,"4":0,"5":0,"6":0,"7":0,"8":0,"9":0,"10":0,"11":0,"12":0,"13":0,"14":0,"15":0,"16":21},"f":{"0":0},"b":{"0":[0,0],"1":[0,0]},"_coverageSchema":"1a1c01bbd47fc00a2c39e90264f33305004495a9","hash":"af39088aa025ce806ae6805723c2d8c54e105208"}
,"C:\\Users\\2008389\\Development\\transparency-db-admin-portal\\routes\\loginemailconfirmationexpiry.js": {"path":"C:\\Users\\2008389\\Development\\transparency-db-admin-portal\\routes\\loginemailconfirmationexpiry.js","statementMap":{"0":{"start":{"line":2,"column":16},"end":{"line":2,"column":34}},"1":{"start":{"line":3,"column":15},"end":{"line":3,"column":31}},"2":{"start":{"line":5,"column":0},"end":{"line":30,"column":5}},"3":{"start":{"line":6,"column":30},"end":{"line":6,"column":38}},"4":{"start":{"line":7,"column":24},"end":{"line":7,"column":29}},"5":{"start":{"line":8,"column":21},"end":{"line":8,"column":24}},"6":{"start":{"line":9,"column":23},"end":{"line":9,"column":28}},"7":{"start":{"line":10,"column":4},"end":{"line":10,"column":53}},"8":{"start":{"line":11,"column":4},"end":{"line":29,"column":86}},"9":{"start":{"line":13,"column":6},"end":{"line":13,"column":26}},"10":{"start":{"line":14,"column":6},"end":{"line":14,"column":72}},"11":{"start":{"line":18,"column":9},"end":{"line":29,"column":86}},"12":{"start":{"line":20,"column":6},"end":{"line":20,"column":72}},"13":{"start":{"line":25,"column":6},"end":{"line":25,"column":32}},"14":{"start":{"line":26,"column":6},"end":{"line":26,"column":40}},"15":{"start":{"line":27,"column":6},"end":{"line":27,"column":55}},"16":{"start":{"line":29,"column":4},"end":{"line":29,"column":84}},"17":{"start":{"line":31,"column":0},"end":{"line":31,"column":24}}},"fnMap":{"0":{"name":"(anonymous_0)","decl":{"start":{"line":5,"column":16},"end":{"line":5,"column":17}},"loc":{"start":{"line":5,"column":30},"end":{"line":30,"column":3}},"line":5}},"branchMap":{"0":{"loc":{"start":{"line":11,"column":4},"end":{"line":29,"column":86}},"type":"if","locations":[{"start":{"line":11,"column":4},"end":{"line":29,"column":86}},{"start":{"line":11,"column":4},"end":{"line":29,"column":86}}],"line":11},"1":{"loc":{"start":{"line":18,"column":9},"end":{"line":29,"column":86}},"type":"if","locations":[{"start":{"line":18,"column":9},"end":{"line":29,"column":86}},{"start":{"line":18,"column":9},"end":{"line":29,"column":86}}],"line":18}},"s":{"0":21,"1":21,"2":21,"3":0,"4":0,"5":0,"6":0,"7":0,"8":0,"9":0,"10":0,"11":0,"12":0,"13":0,"14":0,"15":0,"16":0,"17":21},"f":{"0":0},"b":{"0":[0,0],"1":[0,0]},"_coverageSchema":"1a1c01bbd47fc00a2c39e90264f33305004495a9","hash":"16d5abf0d3e8132247be380ac6a62872ba05b9f0"}
,"C:\\Users\\2008389\\Development\\transparency-db-admin-portal\\routes\\loginfirstpage.js": {"path":"C:\\Users\\2008389\\Development\\transparency-db-admin-portal\\routes\\loginfirstpage.js","statementMap":{"0":{"start":{"line":2,"column":16},"end":{"line":2,"column":34}},"1":{"start":{"line":3,"column":15},"end":{"line":3,"column":31}},"2":{"start":{"line":5,"column":0},"end":{"line":7,"column":5}},"3":{"start":{"line":6,"column":4},"end":{"line":6,"column":49}},"4":{"start":{"line":9,"column":0},"end":{"line":9,"column":24}}},"fnMap":{"0":{"name":"(anonymous_0)","decl":{"start":{"line":5,"column":15},"end":{"line":5,"column":16}},"loc":{"start":{"line":5,"column":29},"end":{"line":7,"column":3}},"line":5}},"branchMap":{},"s":{"0":21,"1":21,"2":21,"3":0,"4":21},"f":{"0":0},"b":{},"_coverageSchema":"1a1c01bbd47fc00a2c39e90264f33305004495a9","hash":"3bf64b36c0905717ddf88fd4f26fb0b7b2f6117b"}
,"C:\\Users\\2008389\\Development\\transparency-db-admin-portal\\routes\\loginforgetpassword.js": {"path":"C:\\Users\\2008389\\Development\\transparency-db-admin-portal\\routes\\loginforgetpassword.js","statementMap":{"0":{"start":{"line":3,"column":16},"end":{"line":3,"column":34}},"1":{"start":{"line":4,"column":15},"end":{"line":4,"column":31}},"2":{"start":{"line":6,"column":0},"end":{"line":10,"column":5}},"3":{"start":{"line":8,"column":23},"end":{"line":8,"column":27}},"4":{"start":{"line":9,"column":4},"end":{"line":9,"column":69}},"5":{"start":{"line":12,"column":0},"end":{"line":12,"column":24}}},"fnMap":{"0":{"name":"(anonymous_0)","decl":{"start":{"line":6,"column":15},"end":{"line":6,"column":16}},"loc":{"start":{"line":6,"column":29},"end":{"line":10,"column":3}},"line":6}},"branchMap":{},"s":{"0":21,"1":21,"2":21,"3":0,"4":0,"5":21},"f":{"0":0},"b":{},"_coverageSchema":"1a1c01bbd47fc00a2c39e90264f33305004495a9","hash":"116bfba7a30164a621e78771ee3017cfdada68f0"}
,"C:\\Users\\2008389\\Development\\transparency-db-admin-portal\\routes\\loginnewpassword.js": {"path":"C:\\Users\\2008389\\Development\\transparency-db-admin-portal\\routes\\loginnewpassword.js","statementMap":{"0":{"start":{"line":3,"column":18},"end":{"line":3,"column":36}},"1":{"start":{"line":4,"column":17},"end":{"line":4,"column":33}},"2":{"start":{"line":6,"column":2},"end":{"line":8,"column":5}},"3":{"start":{"line":7,"column":4},"end":{"line":7,"column":51}},"4":{"start":{"line":11,"column":2},"end":{"line":11,"column":26}}},"fnMap":{"0":{"name":"(anonymous_0)","decl":{"start":{"line":6,"column":17},"end":{"line":6,"column":18}},"loc":{"start":{"line":6,"column":31},"end":{"line":8,"column":3}},"line":6}},"branchMap":{},"s":{"0":21,"1":21,"2":21,"3":0,"4":21},"f":{"0":0},"b":{},"_coverageSchema":"1a1c01bbd47fc00a2c39e90264f33305004495a9","hash":"e166567c95c188c6f26659d6c5fbb8d2f75ead07"}
,"C:\\Users\\2008389\\Development\\transparency-db-admin-portal\\routes\\loginpasswordcomplete.js": {"path":"C:\\Users\\2008389\\Development\\transparency-db-admin-portal\\routes\\loginpasswordcomplete.js","statementMap":{"0":{"start":{"line":2,"column":16},"end":{"line":2,"column":34}},"1":{"start":{"line":3,"column":18},"end":{"line":3,"column":45}},"2":{"start":{"line":4,"column":15},"end":{"line":4,"column":31}},"3":{"start":{"line":7,"column":0},"end":{"line":9,"column":4}},"4":{"start":{"line":8,"column":4},"end":{"line":8,"column":56}},"5":{"start":{"line":11,"column":0},"end":{"line":40,"column":3}},"6":{"start":{"line":13,"column":33},"end":{"line":13,"column":41}},"7":{"start":{"line":14,"column":25},"end":{"line":14,"column":30}},"8":{"start":{"line":15,"column":37},"end":{"line":15,"column":42}},"9":{"start":{"line":16,"column":33},"end":{"line":16,"column":38}},"10":{"start":{"line":18,"column":2},"end":{"line":18,"column":35}},"11":{"start":{"line":20,"column":2},"end":{"line":39,"column":56}},"12":{"start":{"line":22,"column":4},"end":{"line":22,"column":26}},"13":{"start":{"line":23,"column":4},"end":{"line":23,"column":71}},"14":{"start":{"line":26,"column":8},"end":{"line":39,"column":56}},"15":{"start":{"line":27,"column":4},"end":{"line":27,"column":39}},"16":{"start":{"line":28,"column":4},"end":{"line":28,"column":84}},"17":{"start":{"line":30,"column":9},"end":{"line":39,"column":56}},"18":{"start":{"line":31,"column":6},"end":{"line":31,"column":39}},"19":{"start":{"line":32,"column":6},"end":{"line":32,"column":84}},"20":{"start":{"line":39,"column":2},"end":{"line":39,"column":54}},"21":{"start":{"line":42,"column":0},"end":{"line":42,"column":24}}},"fnMap":{"0":{"name":"(anonymous_0)","decl":{"start":{"line":7,"column":15},"end":{"line":7,"column":16}},"loc":{"start":{"line":7,"column":29},"end":{"line":9,"column":3}},"line":7},"1":{"name":"(anonymous_1)","decl":{"start":{"line":11,"column":16},"end":{"line":11,"column":17}},"loc":{"start":{"line":11,"column":30},"end":{"line":40,"column":1}},"line":11}},"branchMap":{"0":{"loc":{"start":{"line":20,"column":2},"end":{"line":39,"column":56}},"type":"if","locations":[{"start":{"line":20,"column":2},"end":{"line":39,"column":56}},{"start":{"line":20,"column":2},"end":{"line":39,"column":56}}],"line":20},"1":{"loc":{"start":{"line":20,"column":6},"end":{"line":20,"column":29}},"type":"binary-expr","locations":[{"start":{"line":20,"column":6},"end":{"line":20,"column":15}},{"start":{"line":20,"column":19},"end":{"line":20,"column":29}}],"line":20},"2":{"loc":{"start":{"line":26,"column":8},"end":{"line":39,"column":56}},"type":"if","locations":[{"start":{"line":26,"column":8},"end":{"line":39,"column":56}},{"start":{"line":26,"column":8},"end":{"line":39,"column":56}}],"line":26},"3":{"loc":{"start":{"line":30,"column":9},"end":{"line":39,"column":56}},"type":"if","locations":[{"start":{"line":30,"column":9},"end":{"line":39,"column":56}},{"start":{"line":30,"column":9},"end":{"line":39,"column":56}}],"line":30}},"s":{"0":21,"1":21,"2":21,"3":21,"4":0,"5":21,"6":0,"7":0,"8":0,"9":0,"10":0,"11":0,"12":0,"13":0,"14":0,"15":0,"16":0,"17":0,"18":0,"19":0,"20":0,"21":21},"f":{"0":0,"1":0},"b":{"0":[0,0],"1":[0,0],"2":[0,0],"3":[0,0]},"_coverageSchema":"1a1c01bbd47fc00a2c39e90264f33305004495a9","hash":"46dad0b2ac3d04c459123c99ff71356ad9ba124d"}
,"C:\\Users\\2008389\\Development\\transparency-db-admin-portal\\routes\\loginresetpassword.js": {"path":"C:\\Users\\2008389\\Development\\transparency-db-admin-portal\\routes\\loginresetpassword.js","statementMap":{"0":{"start":{"line":2,"column":16},"end":{"line":2,"column":34}},"1":{"start":{"line":3,"column":15},"end":{"line":3,"column":31}},"2":{"start":{"line":6,"column":0},"end":{"line":9,"column":4}},"3":{"start":{"line":7,"column":23},"end":{"line":7,"column":27}},"4":{"start":{"line":8,"column":4},"end":{"line":8,"column":68}},"5":{"start":{"line":12,"column":2},"end":{"line":14,"column":4}},"6":{"start":{"line":13,"column":4},"end":{"line":13,"column":53}},"7":{"start":{"line":15,"column":0},"end":{"line":15,"column":24}}},"fnMap":{"0":{"name":"(anonymous_0)","decl":{"start":{"line":6,"column":15},"end":{"line":6,"column":16}},"loc":{"start":{"line":6,"column":29},"end":{"line":9,"column":3}},"line":6},"1":{"name":"(anonymous_1)","decl":{"start":{"line":12,"column":18},"end":{"line":12,"column":19}},"loc":{"start":{"line":12,"column":32},"end":{"line":14,"column":3}},"line":12}},"branchMap":{},"s":{"0":21,"1":21,"2":21,"3":0,"4":0,"5":21,"6":0,"7":21},"f":{"0":0,"1":0},"b":{},"_coverageSchema":"1a1c01bbd47fc00a2c39e90264f33305004495a9","hash":"05a34a532a3d843e4ab263b05965b11f2193c7f7"}
,"C:\\Users\\2008389\\Development\\transparency-db-admin-portal\\routes\\logintransparency.js": {"path":"C:\\Users\\2008389\\Development\\transparency-db-admin-portal\\routes\\logintransparency.js","statementMap":{"0":{"start":{"line":2,"column":16},"end":{"line":2,"column":34}},"1":{"start":{"line":3,"column":15},"end":{"line":3,"column":31}},"2":{"start":{"line":5,"column":0},"end":{"line":7,"column":5}},"3":{"start":{"line":6,"column":4},"end":{"line":6,"column":46}},"4":{"start":{"line":9,"column":0},"end":{"line":9,"column":24}}},"fnMap":{"0":{"name":"(anonymous_0)","decl":{"start":{"line":5,"column":15},"end":{"line":5,"column":16}},"loc":{"start":{"line":5,"column":29},"end":{"line":7,"column":3}},"line":5}},"branchMap":{},"s":{"0":21,"1":21,"2":21,"3":1,"4":21},"f":{"0":1},"b":{},"_coverageSchema":"1a1c01bbd47fc00a2c39e90264f33305004495a9","hash":"38aa0b8bb6c2cdc84d3a1e5b1354203cf280de49"}
,"C:\\Users\\2008389\\Development\\transparency-db-admin-portal\\routes\\measurespageperroute.js": {"path":"C:\\Users\\2008389\\Development\\transparency-db-admin-portal\\routes\\measurespageperroute.js","statementMap":{"0":{"start":{"line":6,"column":16},"end":{"line":6,"column":34}},"1":{"start":{"line":7,"column":15},"end":{"line":7,"column":31}},"2":{"start":{"line":8,"column":14},"end":{"line":8,"column":30}},"3":{"start":{"line":9,"column":14},"end":{"line":9,"column":32}},"4":{"start":{"line":11,"column":0},"end":{"line":111,"column":7}},"5":{"start":{"line":13,"column":1},"end":{"line":13,"column":49}},"6":{"start":{"line":14,"column":1},"end":{"line":14,"column":39}},"7":{"start":{"line":18,"column":1},"end":{"line":18,"column":61}},"8":{"start":{"line":19,"column":1},"end":{"line":19,"column":22}},"9":{"start":{"line":20,"column":1},"end":{"line":20,"column":18}},"10":{"start":{"line":21,"column":1},"end":{"line":21,"column":36}},"11":{"start":{"line":28,"column":2},"end":{"line":43,"column":1}},"12":{"start":{"line":45,"column":11},"end":{"line":45,"column":51}},"13":{"start":{"line":46,"column":0},"end":{"line":46,"column":38}},"14":{"start":{"line":48,"column":6},"end":{"line":109,"column":7}},"15":{"start":{"line":49,"column":24},"end":{"line":49,"column":111}},"16":{"start":{"line":50,"column":8},"end":{"line":50,"column":49}},"17":{"start":{"line":51,"column":10},"end":{"line":51,"column":46}},"18":{"start":{"line":52,"column":10},"end":{"line":52,"column":37}},"19":{"start":{"line":53,"column":33},"end":{"line":53,"column":45}},"20":{"start":{"line":54,"column":10},"end":{"line":54,"column":58}},"21":{"start":{"line":55,"column":35},"end":{"line":55,"column":68}},"22":{"start":{"line":57,"column":33},"end":{"line":57,"column":62}},"23":{"start":{"line":59,"column":10},"end":{"line":59,"column":64}},"24":{"start":{"line":60,"column":10},"end":{"line":60,"column":74}},"25":{"start":{"line":61,"column":10},"end":{"line":61,"column":69}},"26":{"start":{"line":62,"column":10},"end":{"line":62,"column":58}},"27":{"start":{"line":64,"column":10},"end":{"line":69,"column":11}},"28":{"start":{"line":64,"column":35},"end":{"line":64,"column":53}},"29":{"start":{"line":64,"column":54},"end":{"line":64,"column":95}},"30":{"start":{"line":65,"column":15},"end":{"line":69,"column":11}},"31":{"start":{"line":65,"column":49},"end":{"line":65,"column":119}},"32":{"start":{"line":65,"column":120},"end":{"line":65,"column":143}},"33":{"start":{"line":67,"column":12},"end":{"line":67,"column":107}},"34":{"start":{"line":68,"column":12},"end":{"line":68,"column":70}},"35":{"start":{"line":72,"column":10},"end":{"line":72,"column":73}},"36":{"start":{"line":75,"column":10},"end":{"line":77,"column":81}},"37":{"start":{"line":75,"column":35},"end":{"line":75,"column":53}},"38":{"start":{"line":75,"column":54},"end":{"line":75,"column":67}},"39":{"start":{"line":76,"column":15},"end":{"line":77,"column":81}},"40":{"start":{"line":76,"column":49},"end":{"line":76,"column":79}},"41":{"start":{"line":76,"column":80},"end":{"line":76,"column":101}},"42":{"start":{"line":77,"column":17},"end":{"line":77,"column":50}},"43":{"start":{"line":77,"column":51},"end":{"line":77,"column":80}},"44":{"start":{"line":79,"column":10},"end":{"line":79,"column":51}},"45":{"start":{"line":80,"column":10},"end":{"line":80,"column":63}},"46":{"start":{"line":81,"column":10},"end":{"line":81,"column":61}},"47":{"start":{"line":82,"column":10},"end":{"line":82,"column":58}},"48":{"start":{"line":86,"column":10},"end":{"line":88,"column":98}},"49":{"start":{"line":86,"column":52},"end":{"line":86,"column":67}},"50":{"start":{"line":86,"column":68},"end":{"line":86,"column":80}},"51":{"start":{"line":87,"column":15},"end":{"line":88,"column":98}},"52":{"start":{"line":87,"column":59},"end":{"line":87,"column":74}},"53":{"start":{"line":87,"column":75},"end":{"line":87,"column":95}},"54":{"start":{"line":88,"column":15},"end":{"line":88,"column":98}},"55":{"start":{"line":88,"column":60},"end":{"line":88,"column":75}},"56":{"start":{"line":88,"column":76},"end":{"line":88,"column":96}},"57":{"start":{"line":89,"column":10},"end":{"line":98,"column":13}},"58":{"start":{"line":90,"column":14},"end":{"line":91,"column":41}},"59":{"start":{"line":92,"column":14},"end":{"line":92,"column":47}},"60":{"start":{"line":93,"column":14},"end":{"line":97,"column":15}},"61":{"start":{"line":94,"column":20},"end":{"line":94,"column":41}},"62":{"start":{"line":95,"column":20},"end":{"line":95,"column":45}},"63":{"start":{"line":101,"column":10},"end":{"line":101,"column":50}},"64":{"start":{"line":102,"column":10},"end":{"line":102,"column":46}},"65":{"start":{"line":103,"column":10},"end":{"line":103,"column":50}},"66":{"start":{"line":104,"column":10},"end":{"line":104,"column":164}},"67":{"start":{"line":108,"column":10},"end":{"line":108,"column":29}},"68":{"start":{"line":115,"column":2},"end":{"line":120,"column":5}},"69":{"start":{"line":118,"column":4},"end":{"line":118,"column":47}},"70":{"start":{"line":123,"column":0},"end":{"line":123,"column":24}}},"fnMap":{"0":{"name":"(anonymous_0)","decl":{"start":{"line":11,"column":15},"end":{"line":11,"column":16}},"loc":{"start":{"line":11,"column":34},"end":{"line":111,"column":5}},"line":11},"1":{"name":"(anonymous_1)","decl":{"start":{"line":115,"column":18},"end":{"line":115,"column":19}},"loc":{"start":{"line":115,"column":32},"end":{"line":120,"column":3}},"line":115}},"branchMap":{"0":{"loc":{"start":{"line":64,"column":10},"end":{"line":69,"column":11}},"type":"if","locations":[{"start":{"line":64,"column":10},"end":{"line":69,"column":11}},{"start":{"line":64,"column":10},"end":{"line":69,"column":11}}],"line":64},"1":{"loc":{"start":{"line":65,"column":15},"end":{"line":69,"column":11}},"type":"if","locations":[{"start":{"line":65,"column":15},"end":{"line":69,"column":11}},{"start":{"line":65,"column":15},"end":{"line":69,"column":11}}],"line":65},"2":{"loc":{"start":{"line":75,"column":10},"end":{"line":77,"column":81}},"type":"if","locations":[{"start":{"line":75,"column":10},"end":{"line":77,"column":81}},{"start":{"line":75,"column":10},"end":{"line":77,"column":81}}],"line":75},"3":{"loc":{"start":{"line":76,"column":15},"end":{"line":77,"column":81}},"type":"if","locations":[{"start":{"line":76,"column":15},"end":{"line":77,"column":81}}
[...]
"start":{"line":52,"column":2},"end":{"line":52,"column":72}},"35":{"start":{"line":53,"column":2},"end":{"line":53,"column":54}},"36":{"start":{"line":54,"column":2},"end":{"line":54,"column":58}},"37":{"start":{"line":55,"column":2},"end":{"line":55,"column":54}},"38":{"start":{"line":56,"column":2},"end":{"line":56,"column":70}},"39":{"start":{"line":57,"column":2},"end":{"line":57,"column":68}},"40":{"start":{"line":58,"column":2},"end":{"line":58,"column":68}},"41":{"start":{"line":59,"column":2},"end":{"line":59,"column":72}},"42":{"start":{"line":60,"column":2},"end":{"line":60,"column":70}},"43":{"start":{"line":61,"column":2},"end":{"line":61,"column":56}},"44":{"start":{"line":62,"column":2},"end":{"line":62,"column":52}},"45":{"start":{"line":63,"column":2},"end":{"line":63,"column":52}},"46":{"start":{"line":66,"column":2},"end":{"line":85,"column":5}},"47":{"start":{"line":88,"column":0},"end":{"line":90,"column":3}},"48":{"start":{"line":89,"column":2},"end":{"line":89,"column":52}},"49":{"start":{"line":92,"column":0},"end":{"line":92,"column":24}}},"fnMap":{"0":{"name":"(anonymous_0)","decl":{"start":{"line":4,"column":17},"end":{"line":4,"column":18}},"loc":{"start":{"line":4,"column":31},"end":{"line":86,"column":1}},"line":4},"1":{"name":"(anonymous_1)","decl":{"start":{"line":88,"column":16},"end":{"line":88,"column":17}},"loc":{"start":{"line":88,"column":30},"end":{"line":90,"column":1}},"line":88}},"branchMap":{"0":{"loc":{"start":{"line":8,"column":2},"end":{"line":10,"column":3}},"type":"if","locations":[{"start":{"line":8,"column":2},"end":{"line":10,"column":3}},{"start":{"line":8,"column":2},"end":{"line":10,"column":3}}],"line":8},"1":{"loc":{"start":{"line":11,"column":2},"end":{"line":13,"column":3}},"type":"if","locations":[{"start":{"line":11,"column":2},"end":{"line":13,"column":3}},{"start":{"line":11,"column":2},"end":{"line":13,"column":3}}],"line":11},"2":{"loc":{"start":{"line":14,"column":2},"end":{"line":16,"column":3}},"type":"if","locations":[{"start":{"line":14,"column":2},"end":{"line":16,"column":3}},{"start":{"line":14,"column":2},"end":{"line":16,"column":3}}],"line":14},"3":{"loc":{"start":{"line":17,"column":2},"end":{"line":19,"column":3}},"type":"if","locations":[{"start":{"line":17,"column":2},"end":{"line":19,"column":3}},{"start":{"line":17,"column":2},"end":{"line":19,"column":3}}],"line":17},"4":{"loc":{"start":{"line":20,"column":2},"end":{"line":22,"column":3}},"type":"if","locations":[{"start":{"line":20,"column":2},"end":{"line":22,"column":3}},{"start":{"line":20,"column":2},"end":{"line":22,"column":3}}],"line":20},"5":{"loc":{"start":{"line":23,"column":2},"end":{"line":25,"column":3}},"type":"if","locations":[{"start":{"line":23,"column":2},"end":{"line":25,"column":3}},{"start":{"line":23,"column":2},"end":{"line":25,"column":3}}],"line":23},"6":{"loc":{"start":{"line":26,"column":2},"end":{"line":28,"column":3}},"type":"if","locations":[{"start":{"line":26,"column":2},"end":{"line":28,"column":3}},{"start":{"line":26,"column":2},"end":{"line":28,"column":3}}],"line":26},"7":{"loc":{"start":{"line":29,"column":2},"end":{"line":31,"column":3}},"type":"if","locations":[{"start":{"line":29,"column":2},"end":{"line":31,"column":3}},{"start":{"line":29,"column":2},"end":{"line":31,"column":3}}],"line":29},"8":{"loc":{"start":{"line":32,"column":2},"end":{"line":34,"column":3}},"type":"if","locations":[{"start":{"line":32,"column":2},"end":{"line":34,"column":3}},{"start":{"line":32,"column":2},"end":{"line":34,"column":3}}],"line":32},"9":{"loc":{"start":{"line":35,"column":2},"end":{"line":37,"column":3}},"type":"if","locations":[{"start":{"line":35,"column":2},"end":{"line":37,"column":3}},{"start":{"line":35,"column":2},"end":{"line":37,"column":3}}],"line":35},"10":{"loc":{"start":{"line":38,"column":2},"end":{"line":40,"column":3}},"type":"if","locations":[{"start":{"line":38,"column":2},"end":{"line":40,"column":3}},{"start":{"line":38,"column":2},"end":{"line":40,"column":3}}],"line":38},"11":{"loc":{"start":{"line":41,"column":2},"end":{"line":43,"column":3}},"type":"if","locations":[{"start":{"line":41,"column":2},"end":{"line":43,"column":3}},{"start":{"line":41,"column":2},"end":{"line":43,"column":3}}],"line":41}},"s":{"0":21,"1":21,"2":21,"3":0,"4":0,"5":0,"6":0,"7":0,"8":0,"9":0,"10":0,"11":0,"12":0,"13":0,"14":0,"15":0,"16":0,"17":0,"18":0,"19":0,"20":0,"21":0,"22":0,"23":0,"24":0,"25":0,"26":0,"27":0,"28":0,"29":0,"30":0,"31":0,"32":0,"33":0,"34":0,"35":0,"36":0,"37":0,"38":0,"39":0,"40":0,"41":0,"42":0,"43":0,"44":0,"45":0,"46":0,"47":21,"48":0,"49":21},"f":{"0":0,"1":0},"b":{"0":[0,0],"1":[0,0],"2":[0,0],"3":[0,0],"4":[0,0],"5":[0,0],"6":[0,0],"7":[0,0],"8":[0,0],"9":[0,0],"10":[0,0],"11":[0,0]},"_coverageSchema":"1a1c01bbd47fc00a2c39e90264f33305004495a9","hash":"7a1ef718272edfe86f10d8cda078754ad40d73ac"}
,"C:\\Users\\2008389\\Development\\transparency-db-admin-portal\\routes\\subsidyaward-edit.js": {"path":"C:\\Users\\2008389\\Development\\transparency-db-admin-portal\\routes\\subsidyaward-edit.js","statementMap":{"0":{"start":{"line":5,"column":16},"end":{"line":5,"column":34}},"1":{"start":{"line":6,"column":15},"end":{"line":6,"column":31}},"2":{"start":{"line":7,"column":14},"end":{"line":7,"column":30}},"3":{"start":{"line":8,"column":14},"end":{"line":8,"column":32}},"4":{"start":{"line":10,"column":0},"end":{"line":66,"column":3}},"5":{"start":{"line":11,"column":2},"end":{"line":11,"column":32}},"6":{"start":{"line":13,"column":2},"end":{"line":65,"column":3}},"7":{"start":{"line":14,"column":25},"end":{"line":17,"column":5}},"8":{"start":{"line":18,"column":4},"end":{"line":18,"column":50}},"9":{"start":{"line":19,"column":4},"end":{"line":19,"column":45}},"10":{"start":{"line":20,"column":4},"end":{"line":20,"column":43}},"11":{"start":{"line":21,"column":4},"end":{"line":21,"column":71}},"12":{"start":{"line":22,"column":4},"end":{"line":23,"column":59}},"13":{"start":{"line":24,"column":4},"end":{"line":24,"column":75}},"14":{"start":{"line":25,"column":4},"end":{"line":26,"column":72}},"15":{"start":{"line":27,"column":4},"end":{"line":27,"column":59}},"16":{"start":{"line":28,"column":4},"end":{"line":28,"column":55}},"17":{"start":{"line":29,"column":4},"end":{"line":29,"column":61}},"18":{"start":{"line":30,"column":4},"end":{"line":30,"column":55}},"19":{"start":{"line":31,"column":4},"end":{"line":31,"column":66}},"20":{"start":{"line":32,"column":4},"end":{"line":32,"column":68}},"21":{"start":{"line":33,"column":4},"end":{"line":33,"column":69}},"22":{"start":{"line":34,"column":4},"end":{"line":34,"column":69}},"23":{"start":{"line":35,"column":4},"end":{"line":35,"column":62}},"24":{"start":{"line":37,"column":15},"end":{"line":37,"column":61}},"25":{"start":{"line":38,"column":16},"end":{"line":51,"column":5}},"26":{"start":{"line":53,"column":4},"end":{"line":56,"column":37}},"27":{"start":{"line":58,"column":4},"end":{"line":58,"column":38}},"28":{"start":{"line":60,"column":4},"end":{"line":60,"column":39}},"29":{"start":{"line":62,"column":4},"end":{"line":62,"column":64}},"30":{"start":{"line":64,"column":4},"end":{"line":64,"column":23}},"31":{"start":{"line":68,"column":0},"end":{"line":68,"column":24}}},"fnMap":{"0":{"name":"(anonymous_0)","decl":{"start":{"line":10,"column":16},"end":{"line":10,"column":17}},"loc":{"start":{"line":10,"column":36},"end":{"line":66,"column":1}},"line":10}},"branchMap":{"0":{"loc":{"start":{"line":54,"column":6},"end":{"line":56,"column":36}},"type":"cond-expr","locations":[{"start":{"line":55,"column":10},"end":{"line":55,"column":44}},{"start":{"line":56,"column":10},"end":{"line":56,"column":36}}],"line":54}},"s":{"0":21,"1":21,"2":21,"3":21,"4":21,"5":0,"6":0,"7":0,"8":0,"9":0,"10":0,"11":0,"12":0,"13":0,"14":0,"15":0,"16":0,"17":0,"18":0,"19":0,"20":0,"21":0,"22":0,"23":0,"24":0,"25":0,"26":0,"27":0,"28":0,"29":0,"30":0,"31":21},"f":{"0":0},"b":{"0":[0,0]},"_coverageSchema":"1a1c01bbd47fc00a2c39e90264f33305004495a9","hash":"1045094e0de2f35e3ce98bb0e2e717c9ab0dedb2"}
,"C:\\Users\\2008389\\Development\\transparency-db-admin-portal\\routes\\subsidyaward-fetch.js": {"path":"C:\\Users\\2008389\\Development\\transparency-db-admin-portal\\routes\\subsidyaward-fetch.js","statementMap":{"0":{"start":{"line":6,"column":16},"end":{"line":6,"column":34}},"1":{"start":{"line":7,"column":15},"end":{"line":7,"column":31}},"2":{"start":{"line":8,"column":14},"end":{"line":8,"column":30}},"3":{"start":{"line":9,"column":14},"end":{"line":9,"column":32}},"4":{"start":{"line":11,"column":0},"end":{"line":30,"column":7}},"5":{"start":{"line":12,"column":0},"end":{"line":12,"column":50}},"6":{"start":{"line":13,"column":0},"end":{"line":13,"column":32}},"7":{"start":{"line":15,"column":0},"end":{"line":15,"column":44}},"8":{"start":{"line":17,"column":20},"end":{"line":17,"column":118}},"9":{"start":{"line":19,"column":6},"end":{"line":28,"column":7}},"10":{"start":{"line":20,"column":29},"end":{"line":20,"column":59}},"11":{"start":{"line":21,"column":8},"end":{"line":21,"column":54}},"12":{"start":{"line":22,"column":8},"end":{"line":22,"column":49}},"13":{"start":{"line":23,"column":8},"end":{"line":23,"column":46}},"14":{"start":{"line":24,"column":10},"end":{"line":24,"column":56}},"15":{"start":{"line":27,"column":10},"end":{"line":27,"column":29}},"16":{"start":{"line":33,"column":0},"end":{"line":33,"column":24}}},"fnMap":{"0":{"name":"(anonymous_0)","decl":{"start":{"line":11,"column":15},"end":{"line":11,"column":16}},"loc":{"start":{"line":11,"column":34},"end":{"line":30,"column":5}},"line":11}},"branchMap":{},"s":{"0":21,"1":21,"2":21,"3":21,"4":21,"5":0,"6":0,"7":0,"8":0,"9":0,"10":0,"11":0,"12":0,"13":0,"14":0,"15":0,"16":21},"f":{"0":0},"b":{},"_coverageSchema":"1a1c01bbd47fc00a2c39e90264f33305004495a9","hash":"41c261a3b5547dbde03d7900ded77d908c5702bf"}
,"C:\\Users\\2008389\\Development\\transparency-db-admin-portal\\routes\\subsidyaward-reject.js": {"path":"C:\\Users\\2008389\\Development\\transparency-db-admin-portal\\routes\\subsidyaward-reject.js","statementMap":{"0":{"start":{"line":1,"column":16},"end":{"line":1,"column":34}},"1":{"start":{"line":2,"column":15},"end":{"line":2,"column":31}},"2":{"start":{"line":4,"column":0},"end":{"line":6,"column":3}},"3":{"start":{"line":5,"column":2},"end":{"line":5,"column":47}},"4":{"start":{"line":8,"column":0},"end":{"line":8,"column":24}}},"fnMap":{"0":{"name":"(anonymous_0)","decl":{"start":{"line":4,"column":16},"end":{"line":4,"column":17}},"loc":{"start":{"line":4,"column":30},"end":{"line":6,"column":1}},"line":4}},"branchMap":{},"s":{"0":21,"1":21,"2":21,"3":0,"4":21},"f":{"0":0},"b":{},"_coverageSchema":"1a1c01bbd47fc00a2c39e90264f33305004495a9","hash":"087d0be5140cfa768f8d9198336e602c2c86582b"}
,"C:\\Users\\2008389\\Development\\transparency-db-admin-portal\\routes\\subsidyaward-review-cancel.js": {"path":"C:\\Users\\2008389\\Development\\transparency-db-admin-portal\\routes\\subsidyaward-review-cancel.js","statementMap":{"0":{"start":{"line":1,"column":16},"end":{"line":1,"column":34}},"1":{"start":{"line":2,"column":15},"end":{"line":2,"column":31}},"2":{"start":{"line":4,"column":0},"end":{"line":27,"column":3}},"3":{"start":{"line":5,"column":2},"end":{"line":26,"column":4}},"4":{"start":{"line":29,"column":0},"end":{"line":29,"column":24}}},"fnMap":{"0":{"name":"(anonymous_0)","decl":{"start":{"line":4,"column":16},"end":{"line":4,"column":17}},"loc":{"start":{"line":4,"column":30},"end":{"line":27,"column":1}},"line":4}},"branchMap":{},"s":{"0":21,"1":21,"2":21,"3":0,"4":21},"f":{"0":0},"b":{},"_coverageSchema":"1a1c01bbd47fc00a2c39e90264f33305004495a9","hash":"cc5ee082714e41d747210e59e1be76363fec7477"}
,"C:\\Users\\2008389\\Development\\transparency-db-admin-portal\\routes\\subsidyaward-submitforapproval-edit.js": {"path":"C:\\Users\\2008389\\Development\\transparency-db-admin-portal\\routes\\subsidyaward-submitforapproval-edit.js","statementMap":{"0":{"start":{"line":1,"column":16},"end":{"line":1,"column":34}},"1":{"start":{"line":2,"column":15},"end":{"line":2,"column":31}},"2":{"start":{"line":3,"column":14},"end":{"line":3,"column":30}},"3":{"start":{"line":4,"column":14},"end":{"line":4,"column":32}},"4":{"start":{"line":6,"column":0},"end":{"line":59,"column":3}},"5":{"start":{"line":7,"column":2},"end":{"line":7,"column":41}},"6":{"start":{"line":8,"column":2},"end":{"line":10,"column":3}},"7":{"start":{"line":9,"column":4},"end":{"line":9,"column":42}},"8":{"start":{"line":11,"column":2},"end":{"line":13,"column":3}},"9":{"start":{"line":12,"column":4},"end":{"line":12,"column":44}},"10":{"start":{"line":15,"column":26},"end":{"line":33,"column":3}},"11":{"start":{"line":37,"column":2},"end":{"line":58,"column":3}},"12":{"start":{"line":38,"column":20},"end":{"line":41,"column":5}},"13":{"start":{"line":42,"column":4},"end":{"line":42,"column":45}},"14":{"start":{"line":43,"column":4},"end":{"line":43,"column":44}},"15":{"start":{"line":44,"column":4},"end":{"line":44,"column":62}},"16":{"start":{"line":45,"column":4},"end":{"line":45,"column":40}},"17":{"start":{"line":46,"column":4},"end":{"line":49,"column":7}},"18":{"start":{"line":51,"column":4},"end":{"line":51,"column":33}},"19":{"start":{"line":52,"column":4},"end":{"line":52,"column":42}},"20":{"start":{"line":53,"column":4},"end":{"line":53,"column":76}},"21":{"start":{"line":61,"column":0},"end":{"line":61,"column":24}}},"fnMap":{"0":{"name":"(anonymous_0)","decl":{"start":{"line":6,"column":17},"end":{"line":6,"column":18}},"loc":{"start":{"line":6,"column":37},"end":{"line":59,"column":1}},"line":6}},"branchMap":{"0":{"loc":{"start":{"line":8,"column":2},"end":{"line":10,"column":3}},"type":"if","locations":[{"start":{"line":8,"column":2},"end":{"line":10,"column":3}},{"start":{"line":8,"column":2},"end":{"line":10,"column":3}}],"line":8},"1":{"loc":{"start":{"line":11,"column":2},"end":{"line":13,"column":3}},"type":"if","locations":[{"start":{"line":11,"column":2},"end":{"line":13,"column":3}},{"start":{"line":11,"column":2},"end":{"line":13,"column":3}}],"line":11}},"s":{"0":21,"1":21,"2":21,"3":21,"4":21,"5":0,"6":0,"7":0,"8":0,"9":0,"10":0,"11":0,"12":0,"13":0,"14":0,"15":0,"16":0,"17":0,"18":0,"19":0,"20":0,"21":21},"f":{"0":0},"b":{"0":[0,0],"1":[0,0]},"_coverageSchema":"1a1c01bbd47fc00a2c39e90264f33305004495a9","hash":"9f8525c1ca610544d17a9d4ac4251a10d88f17b3"}
,"C:\\Users\\2008389\\Development\\transparency-db-admin-portal\\routes\\subsidyaward-update.js": {"path":"C:\\Users\\2008389\\Development\\transparency-db-admin-portal\\routes\\subsidyaward-update.js","statementMap":{"0":{"start":{"line":5,"column":16},"end":{"line":5,"column":34}},"1":{"start":{"line":6,"column":15},"end":{"line":6,"column":31}},"2":{"start":{"line":7,"column":14},"end":{"line":7,"column":30}},"3":{"start":{"line":8,"column":14},"end":{"line":8,"column":32}},"4":{"start":{"line":10,"column":0},"end":{"line":71,"column":3}},"5":{"start":{"line":11,"column":2},"end":{"line":11,"column":51}},"6":{"start":{"line":12,"column":32},"end":{"line":12,"column":37}},"7":{"start":{"line":14,"column":22},"end":{"line":14,"column":24}},"8":{"start":{"line":15,"column":21},"end":{"line":15,"column":23}},"9":{"start":{"line":16,"column":16},"end":{"line":16,"column":17}},"10":{"start":{"line":17,"column":25},"end":{"line":17,"column":26}},"11":{"start":{"line":18,"column":37},"end":{"line":18,"column":42}},"12":{"start":{"line":19,"column":36},"end":{"line":19,"column":41}},"13":{"start":{"line":20,"column":32},"end":{"line":20,"column":37}},"14":{"start":{"line":21,"column":33},"end":{"line":21,"column":38}},"15":{"start":{"line":22,"column":42},"end":{"line":22,"column":47}},"16":{"start":{"line":23,"column":40},"end":{"line":23,"column":45}},"17":{"start":{"line":24,"column":31},"end":{"line":24,"column":36}},"18":{"start":{"line":25,"column":33},"end":{"line":25,"column":38}},"19":{"start":{"line":26,"column":31},"end":{"line":26,"column":36}},"20":{"start":{"line":27,"column":39},"end":{"line":27,"column":44}},"21":{"start":{"line":28,"column":38},"end":{"line":28,"column":43}},"22":{"start":{"line":29,"column":38},"end":{"line":29,"column":43}},"23":{"start":{"line":30,"column":40},"end":{"line":30,"column":45}},"24":{"start":{"line":31,"column":39},"end":{"line":31,"column":44}},"25":{"start":{"line":32,"column":32},"end":{"line":32,"column":37}},"26":{"start":{"line":33,"column":30},"end":{"line":33,"column":35}},"27":{"start":{"line":34,"column":30},"end":{"line":34,"column":35}},"28":{"start":{"line":54,"column":6},"end":{"line":54,"column":14}},"29":{"start":{"line":73,"column":0},"end":{"line":73,"column":24}}},"fnMap":{"0":{"name":"(anonymous_0)","decl":{"start":{"line":10,"column":16},"end":{"line":10,"column":17}},"loc":{"start":{"line":10,"column":36},"end":{"line":71,"column":1}},"line":10}},"branchMap":{},"s":{"0":21,"1":21,"2":21,"3":21,"4":21,"5":0,"6":0,"7":0,"8":0,"9":0,"10":0,"11":0,"12":0,"13":0,"14":0,"15":0,"16":0,"17":0,"18":0,"19":0,"20":0,"21":0,"22":0,"23":0,"24":0,"25":0,"26":0,"27":0,"28":0,"29":21},"f":{"0":0},"b":{},"_coverageSchema":"1a1c01bbd47fc00a2c39e90264f33305004495a9","hash":"55efdb569e9964aeabec39b4f04ccd8e8408066f"}
,"C:\\Users\\2008389\\Development\\transparency-db-admin-portal\\routes\\subsidymeasure-edit.js": {"path":"C:\\Users\\2008389\\Development\\transparency-db-admin-portal\\routes\\subsidymeasure-edit.js","statementMap":{"0":{"start":{"line":1,"column":16},"end":{"line":1,"column":34}},"1":{"start":{"line":2,"column":15},"end":{"line":2,"column":31}},"2":{"start":{"line":4,"column":0},"end":{"line":6,"column":3}},"3":{"start":{"line":5,"column":2},"end":{"line":5,"column":48}},"4":{"start":{"line":8,"column":0},"end":{"line":8,"column":24}}},"fnMap":{"0":{"name":"(anonymous_0)","decl":{"start":{"line":4,"column":16},"end":{"line":4,"column":17}},"loc":{"start":{"line":4,"column":30},"end":{"line":6,"column":1}},"line":4}},"branchMap":{},"s":{"0":21,"1":21,"2":21,"3":0,"4":21},"f":{"0":0},"b":{},"_coverageSchema":"1a1c01bbd47fc00a2c39e90264f33305004495a9","hash":"f119d71810d5a6c5c9bf18a5e8ee2d8a978cf09d"}
,"C:\\Users\\2008389\\Development\\transparency-db-admin-portal\\routes\\subsidymeasure-reviewdetails.js": {"path":"C:\\Users\\2008389\\Development\\transparency-db-admin-portal\\routes\\subsidymeasure-reviewdetails.js","statementMap":{"0":{"start":{"line":1,"column":16},"end":{"line":1,"column":34}},"1":{"start":{"line":2,"column":15},"end":{"line":2,"column":31}},"2":{"start":{"line":4,"column":0},"end":{"line":6,"column":3}},"3":{"start":{"line":5,"column":2},"end":{"line":5,"column":56}},"4":{"start":{"line":8,"column":0},"end":{"line":8,"column":24}}},"fnMap":{"0":{"name":"(anonymous_0)","decl":{"start":{"line":4,"column":16},"end":{"line":4,"column":17}},"loc":{"start":{"line":4,"column":30},"end":{"line":6,"column":1}},"line":4}},"branchMap":{},"s":{"0":21,"1":21,"2":21,"3":0,"4":21},"f":{"0":0},"b":{},"_coverageSchema":"1a1c01bbd47fc00a2c39e90264f33305004495a9","hash":"f980f33844f227071d50382b70b503c7f62cb3c5"}
,"C:\\Users\\2008389\\Development\\transparency-db-admin-portal\\routes\\subsidymeasures-add.js": {"path":"C:\\Users\\2008389\\Development\\transparency-db-admin-portal\\routes\\subsidymeasures-add.js","statementMap":{"0":{"start":{"line":1,"column":16},"end":{"line":1,"column":34}},"1":{"start":{"line":2,"column":15},"end":{"line":2,"column":31}},"2":{"start":{"line":4,"column":0},"end":{"line":6,"column":3}},"3":{"start":{"line":5,"column":2},"end":{"line":5,"column":47}},"4":{"start":{"line":8,"column":0},"end":{"line":8,"column":24}}},"fnMap":{"0":{"name":"(anonymous_0)","decl":{"start":{"line":4,"column":16},"end":{"line":4,"column":17}},"loc":{"start":{"line":4,"column":30},"end":{"line":6,"column":1}},"line":4}},"branchMap":{},"s":{"0":21,"1":21,"2":21,"3":0,"4":21},"f":{"0":0},"b":{},"_coverageSchema":"1a1c01bbd47fc00a2c39e90264f33305004495a9","hash":"a14529efd599138656500a9d47a26e33e255bdea"}
}
