TN:
SF:app.js
FN:79,(anonymous_0)
FNF:1
FNH:0
FNDA:0,(anonymous_0)
DA:5,21
DA:6,21
DA:7,21
DA:8,21
DA:9,21
DA:10,21
DA:11,21
DA:12,21
DA:13,21
DA:14,21
DA:15,21
DA:17,21
DA:18,21
DA:19,21
DA:20,21
DA:21,21
DA:23,21
DA:25,21
DA:31,21
DA:32,21
DA:33,21
DA:34,21
DA:35,21
DA:36,21
DA:37,21
DA:38,21
DA:39,21
DA:40,21
DA:41,21
DA:42,21
DA:43,21
DA:44,21
DA:45,21
DA:46,21
DA:47,21
DA:48,21
DA:49,21
DA:50,21
DA:52,21
DA:53,21
DA:54,21
DA:56,21
DA:57,21
DA:59,21
DA:60,21
DA:61,21
DA:62,21
DA:63,21
DA:64,21
DA:65,21
DA:66,21
DA:67,21
DA:68,21
DA:69,21
DA:70,21
DA:71,21
DA:72,21
DA:74,21
DA:79,21
DA:80,0
DA:83,21
DA:84,21
DA:93,21
DA:94,21
DA:100,21
DA:101,21
DA:103,21
DA:104,21
DA:106,21
DA:107,21
DA:109,21
DA:110,21
DA:112,21
DA:113,21
DA:115,21
DA:116,21
DA:118,21
DA:119,21
DA:121,21
DA:122,21
DA:124,21
DA:125,21
DA:127,21
DA:128,21
DA:130,21
DA:131,21
DA:133,21
DA:134,21
DA:136,21
DA:137,21
DA:139,21
DA:140,21
DA:142,21
DA:143,21
DA:145,21
DA:146,21
DA:148,21
DA:149,21
DA:151,21
DA:152,21
DA:154,21
DA:155,21
DA:157,21
DA:158,21
DA:160,21
DA:161,21
DA:163,21
DA:164,21
DA:166,21
DA:167,21
DA:169,21
DA:170,21
DA:172,21
DA:173,21
DA:175,21
DA:176,21
DA:178,21
DA:179,21
DA:181,21
DA:182,21
DA:184,21
DA:185,21
DA:187,21
DA:188,21
DA:190,21
DA:191,21
DA:193,21
DA:194,21
DA:196,21
DA:197,21
DA:199,21
DA:200,21
DA:202,21
DA:203,21
DA:205,21
DA:206,21
DA:208,21
DA:209,21
DA:211,21
DA:212,21
DA:215,21
DA:216,21
DA:218,21
DA:219,21
DA:221,21
DA:222,21
DA:224,21
DA:225,21
DA:227,21
DA:228,21
DA:231,21
LF:151
LH:150
BRF:0
BRH:0
end_of_record
TN:
SF:routes\addgrantingauthority.js
FN:4,(anonymous_0)
FNF:1
FNH:1
FNDA:1,(anonymous_0)
DA:1,21
DA:2,21
DA:4,21
DA:5,1
DA:8,21
LF:5
LH:5
BRF:0
BRH:0
end_of_record
TN:
SF:routes\addsubsidyaward.js
FN:5,(anonymous_0)
FN:12,(anonymous_1)
FNF:2
FNH:2
FNDA:2,(anonymous_0)
FNDA:1,(anonymous_1)
DA:2,21
DA:3,21
DA:5,21
DA:7,2
DA:8,2
DA:12,21
DA:13,1
DA:16,21
LF:8
LH:8
BRF:0
BRH:0
end_of_record
TN:
SF:routes\addsubsidyreview.js
FN:4,(anonymous_0)
FNF:1
FNH:0
FNDA:0,(anonymous_0)
DA:1,21
DA:2,21
DA:4,21
DA:5,0
DA:6,0
DA:26,21
LF:6
LH:4
BRF:0
BRH:0
end_of_record
TN:
SF:routes\awardsfilterroute.js
FN:10,(anonymous_0)
FNF:1
FNH:0
FNDA:0,(anonymous_0)
DA:5,21
DA:6,21
DA:7,21
DA:8,21
DA:10,21
DA:11,0
DA:12,0
DA:14,0
DA:15,0
DA:17,0
DA:19,0
DA:20,0
DA:21,0
DA:22,0
DA:24,0
DA:31,0
DA:33,0
DA:34,0
DA:35,0
DA:36,0
DA:37,0
DA:38,0
DA:39,0
DA:40,0
DA:41,0
DA:42,0
DA:43,0
DA:44,0
DA:46,0
DA:47,0
DA:48,0
DA:49,0
DA:50,0
DA:51,0
DA:52,0
DA:53,0
DA:54,0
DA:56,0
DA:57,0
DA:58,0
DA:60,0
DA:62,0
DA:73,0
DA:74,0
DA:75,0
DA:81,21
LF:46
LH:6
BRDA:57,0,0,0
BRDA:57,0,1,0
BRF:2
BRH:0
end_of_record
TN:
SF:routes\awardspageperroute.js
FN:10,(anonymous_0)
FN:123,(anonymous_1)
FNF:2
FNH:0
FNDA:0,(anonymous_0)
FNDA:0,(anonymous_1)
DA:5,21
DA:6,21
DA:7,21
DA:8,21
DA:10,21
DA:11,0
DA:12,0
DA:14,0
DA:15,0
DA:16,0
DA:17,0
DA:19,0
DA:20,0
DA:22,0
DA:24,0
DA:25,0
DA:26,0
DA:27,0
DA:29,0
DA:36,0
DA:38,0
DA:39,0
DA:40,0
DA:41,0
DA:42,0
DA:43,0
DA:44,0
DA:45,0
DA:47,0
DA:49,0
DA:51,0
DA:52,0
DA:53,0
DA:54,0
DA:55,0
DA:56,0
DA:58,0
DA:62,0
DA:65,0
DA:67,0
DA:68,0
DA:69,0
DA:70,0
DA:71,0
DA:72,0
DA:74,0
DA:75,0
DA:78,0
DA:79,0
DA:80,0
DA:81,0
DA:85,0
DA:86,0
DA:87,0
DA:88,0
DA:89,0
DA:90,0
DA:91,0
DA:92,0
DA:93,0
DA:95,0
DA:96,0
DA:97,0
DA:98,0
DA:99,0
DA:100,0
DA:104,0
DA:105,0
DA:106,0
DA:107,0
DA:119,0
DA:123,21
DA:124,0
DA:127,21
LF:74
LH:7
BRDA:51,0,0,0
BRDA:51,0,1,0
BRDA:54,1,0,0
BRDA:54,1,1,0
BRDA:67,2,0,0
BRDA:67,2,1,0
BRDA:70,3,0,0
BRDA:70,3,1,0
BRDA:85,4,0,0
BRDA:85,4,1,0
BRDA:85,5,0,0
BRDA:85,5,1,0
BRDA:88,6,0,0
BRDA:88,6,1,0
BRDA:88,7,0,0
BRDA:88,7,1,0
BRDA:91,8,0,0
BRDA:91,8,1,0
BRDA:91,9,0,0
BRDA:91,9,1,0
BRDA:95,10,0,0
BRDA:95,10,1,0
BRDA:95,11,0,0
BRDA:95,11,1,0
BRDA:98,12,0,0
BRDA:98,12,1,0
BRF:26
BRH:0
end_of_record
TN:
SF:routes\awardspageroute.js
FN:10,(anonymous_0)
FN:120,(anonymous_1)
FNF:2
FNH:0
FNDA:0,(anonymous_0)
FNDA:0,(anonymous_1)
DA:5,21
DA:6,21
DA:7,21
DA:8,21
DA:10,21
DA:11,0
DA:13,0
DA:14,0
DA:15,0
DA:17,0
DA:19,0
DA:20,0
DA:21,0
DA:22,0
DA:23,0
DA:24,0
DA:26,0
DA:27,0
DA:29,0
DA:30,0
DA:31,0
DA:33,0
DA:34,0
DA:36,0
DA:38,0
DA:39,0
DA:40,0
DA:41,0
DA:43,0
DA:50,0
DA:52,0
DA:53,0
DA:54,0
DA:55,0
DA:56,0
DA:57,0
DA:58,0
DA:59,0
DA:61,0
DA:63,0
DA:65,0
DA:66,0
DA:67,0
DA:68,0
DA:69,0
DA:70,0
DA:72,0
DA:76,0
DA:79,0
DA:83,0
DA:84,0
DA:85,0
DA:86,0
DA:87,0
DA:88,0
DA:89,0
DA:90,0
DA:91,0
DA:93,0
DA:94,0
DA:95,0
DA:96,0
DA:97,0
DA:98,0
DA:102,0
DA:103,0
DA:104,0
DA:106,0
DA:116,0
DA:120,21
DA:121,0
DA:124,21
LF:72
LH:7
BRDA:19,0,0,0
BRDA:19,0,1,0
BRDA:22,1,0,0
BRDA:22,1,1,0
BRDA:65,2,0,0
BRDA:65,2,1,0
BRDA:68,3,0,0
BRDA:68,3,1,0
BRDA:83,4,0,0
BRDA:83,4,1,0
BRDA:83,5,0,0
BRDA:83,5,1,0
BRDA:86,6,0,0
BRDA:86,6,1,0
BRDA:86,7,0,0
BRDA:86,7,1,0
BRDA:89,8,0,0
BRDA:89,8,1,0
BRDA:89,9,0,0
BRDA:89,9,1,0
BRDA:93,10,0,0
BRDA:93,10,1,0
BRDA:93,11,0,0
BRDA:93,11,1,0
BRDA:96,12,0,0
BRDA:96,12,1,0
BRF:26
BRH:0
end_of_record
TN:
SF:routes\bulkuploadsubsidy.js
FN:5,(anonymous_0)
FNF:1
FNH:1
FNDA:1,(anonymous_0)
DA:2,21
DA:3,21
DA:5,21
DA:6,1
DA:10,21
LF:5
LH:5
BRF:0
BRH:0
end_of_record
TN:
SF:routes\cancelmysubsidy.js
FN:6,(anonymous_0)
FNF:1
FNH:1
FNDA:1,(anonymous_0)
DA:2,21
DA:3,21
DA:6,21
DA:7,1
DA:11,21
LF:5
LH:5
BRF:0
BRH:0
end_of_record
TN:
SF:routes\choosedashboard.js
FN:6,(anonymous_0)
FNF:1
FNH:0
FNDA:0,(anonymous_0)
DA:1,21
DA:2,21
DA:3,21
DA:4,21
DA:6,21
DA:10,0
DA:16,0
DA:18,0
DA:19,0
DA:21,0
DA:23,0
DA:25,0
DA:26,0
DA:34,0
DA:42,0
DA:43,0
DA:45,0
DA:46,0
DA:50,0
DA:51,0
DA:52,0
DA:53,0
DA:54,0
DA:55,0
DA:57,0
DA:58,0
DA:59,0
DA:61,0
DA:63,0
DA:64,0
DA:72,0
DA:80,0
DA:81,0
DA:83,0
DA:84,0
DA:88,0
DA:89,0
DA:90,0
DA:91,0
DA:92,0
DA:93,0
DA:95,0
DA:96,0
DA:97,0
DA:99,0
DA:100,0
DA:101,0
DA:102,0
DA:106,21
LF:49
LH:6
BRDA:23,0,0,0
BRDA:23,0,1,0
BRDA:61,1,0,0
BRDA:61,1,1,0
BRDA:99,2,0,0
BRDA:99,2,1,0
BRDA:101,3,0,0
BRDA:101,3,1,0
BRF:8
BRH:0
end_of_record
TN:
SF:routes\dashboard-beisadmin.js
FN:4,(anonymous_0)
FNF:1
FNH:1
FNDA:1,(anonymous_0)
DA:1,21
DA:2,21
DA:4,21
DA:7,1
DA:8,1
DA:9,1
DA:11,1
DA:12,1
DA:13,0
DA:14,0
DA:15,0
DA:16,0
DA:17,0
DA:22,1
DA:23,1
DA:24,1
DA:30,21
LF:17
LH:12
BRF:0
BRH:0
end_of_record
TN:
SF:routes\dashboard-gaadmin.js
FN:4,(anonymous_0)
FNF:1
FNH:0
FNDA:0,(anonymous_0)
DA:1,21
DA:2,21
DA:4,21
DA:5,0
DA:8,21
LF:5
LH:4
BRF:0
BRH:0
end_of_record
TN:
SF:routes\dashboard-gaapprover.js
FN:4,(anonymous_0)
FNF:1
FNH:0
FNDA:0,(anonymous_0)
DA:1,21
DA:2,21
DA:4,21
DA:5,0
DA:8,21
LF:5
LH:4
BRF:0
BRH:0
end_of_record
TN:
SF:routes\dashboard-gaencoder.js
FN:4,(anonymous_0)
FNF:1
FNH:0
FNDA:0,(anonymous_0)
DA:1,21
DA:2,21
DA:4,21
DA:5,0
DA:8,21
LF:5
LH:4
BRF:0
BRH:0
end_of_record
TN:
SF:routes\editgrantingauthority.js
FN:5,(anonymous_0)
FNF:1
FNH:1
FNDA:1,(anonymous_0)
DA:2,21
DA:3,21
DA:5,21
DA:6,1
DA:9,21
LF:5
LH:5
BRF:0
BRH:0
end_of_record
TN:
SF:routes\formvalidation.js
FN:5,(anonymous_0)
FN:16,(anonymous_1)
FN:21,(anonymous_2)
FN:42,toBuffer
FN:58,(anonymous_4)
FN:121,(anonymous_5)
FNF:6
FNH:1
FNDA:1,(anonymous_0)
FNDA:0,(anonymous_1)
FNDA:0,(anonymous_2)
FNDA:0,toBuffer
FNDA:0,(anonymous_4)
FNDA:0,(anonymous_5)
DA:1,21
DA:2,21
DA:3,21
DA:5,21
DA:6,1
DA:7,1
DA:8,1
DA:9,1
DA:16,21
DA:17,0
DA:19,0
DA:21,0
DA:22,0
DA:23,0
DA:27,0
DA:28,0
DA:29,0
DA:30,0
DA:32,0
DA:33,0
DA:34,0
DA:35,0
DA:36,0
DA:37,0
DA:38,0
DA:39,0
DA:43,0
DA:44,0
DA:45,0
DA:46,0
DA:48,0
DA:55,0
DA:58,0
DA:59,0
DA:60,0
DA:64,0
DA:66,0
DA:67,0
DA:68,0
DA:69,0
DA:72,0
DA:75,0
DA:77,0
DA:82,0
DA:83,0
DA:84,0
DA:85,0
DA:86,0
DA:87,0
DA:88,0
DA:89,0
DA:90,0
DA:91,0
DA:93,0
DA:94,0
DA:95,0
DA:97,0
DA:98,0
DA:101,0
DA:102,0
DA:104,0
DA:107,0
DA:108,0
DA:110,0
DA:113,0
DA:114,0
DA:116,0
DA:119,0
DA:121,0
DA:122,0
DA:123,0
DA:125,0
DA:127,0
DA:142,21
LF:74
LH:10
BRDA:22,0,0,0
BRDA:22,0,1,0
BRDA:27,1,0,0
BRDA:27,1,1,0
BRDA:59,2,0,0
BRDA:59,2,1,0
BRDA:93,3,0,0
BRDA:93,3,1,0
BRDA:101,4,0,0
BRDA:101,4,1,0
BRDA:101,5,0,0
BRDA:101,5,1,0
BRDA:107,6,0,0
BRDA:107,6,1,0
BRDA:113,7,0,0
BRDA:113,7,1,0
BRDA:122,8,0,0
BRDA:122,8,1,0
BRF:18
BRH:0
end_of_record
TN:
SF:routes\loginemailconfirmation.js
FN:4,(anonymous_0)
FNF:1
FNH:0
FNDA:0,(anonymous_0)
DA:1,21
DA:2,21
DA:4,21
DA:5,0
DA:6,0
DA:7,0
DA:8,0
DA:9,0
DA:10,0
DA:11,0
DA:12,0
DA:13,0
DA:14,0
DA:16,0
DA:18,0
DA:19,0
DA:24,21
LF:17
LH:4
BRDA:10,0,0,0
BRDA:10,0,1,0
BRDA:13,1,0,0
BRDA:13,1,1,0
BRF:4
BRH:0
end_of_record
TN:
SF:routes\loginemailconfirmationexpiry.js
FN:5,(anonymous_0)
FNF:1
FNH:0
FNDA:0,(anonymous_0)
DA:2,21
DA:3,21
DA:5,21
DA:6,0
DA:7,0
DA:8,0
DA:9,0
DA:10,0
DA:11,0
DA:13,0
DA:14,0
DA:18,0
DA:20,0
DA:25,0
DA:26,0
DA:27,0
DA:29,0
DA:31,21
LF:18
LH:4
BRDA:11,0,0,0
BRDA:11,0,1,0
BRDA:18,1,0,0
BRDA:18,1,1,0
BRF:4
BRH:0
end_of_record
TN:
SF:routes\loginfirstpage.js
FN:5,(anonymous_0)
FNF:1
FNH:0
FNDA:0,(anonymous_0)
DA:2,21
DA:3,21
DA:5,21
DA:6,0
DA:9,21
LF:5
LH:4
BRF:0
BRH:0
end_of_record
TN:
SF:routes\loginforgetpassword.js
FN:6,(anonymous_0)
FNF:1
FNH:0
FNDA:0,(anonymous_0)
DA:3,21
DA:4,21
DA:6,21
DA:8,0
DA:9,0
DA:12,21
LF:6
LH:4
BRF:0
BRH:0
end_of_record
TN:
SF:routes\loginnewpassword.js
FN:6,(anonymous_0)
FNF:1
FNH:0
FNDA:0,(anonymous_0)
DA:3,21
DA:4,21
DA:6,21
DA:7,0
DA:11,21
LF:5
LH:4
BRF:0
BRH:0
end_of_record
TN:
SF:routes\loginpasswordcomplete.js
FN:7,(anonymous_0)
FN:11,(anonymous_1)
FNF:2
FNH:0
FNDA:0,(anonymous_0)
FNDA:0,(anonymous_1)
DA:2,21
DA:3,21
DA:4,21
DA:7,21
DA:8,0
DA:11,21
DA:13,0
DA:14,0
DA:15,0
DA:16,0
DA:18,0
DA:20,0
DA:22,0
DA:23,0
DA:26,0
DA:27,0
DA:28,0
DA:30,0
DA:31,0
DA:32,0
DA:39,0
DA:42,21
LF:22
LH:6
BRDA:20,0,0,0
BRDA:20,0,1,0
BRDA:20,1,0,0
BRDA:20,1,1,0
BRDA:26,2,0,0
BRDA:26,2,1,0
BRDA:30,3,0,0
BRDA:30,3,1,0
BRF:8
BRH:0
end_of_record
TN:
SF:routes\loginresetpassword.js
FN:6,(anonymous_0)
FN:12,(anonymous_1)
FNF:2
FNH:0
FNDA:0,(anonymous_0)
FNDA:0,(anonymous_1)
DA:2,21
DA:3,21
DA:6,21
DA:7,0
DA:8,0
DA:12,21
DA:13,0
DA:15,21
LF:8
LH:5
BRF:0
BRH:0
end_of_record
TN:
SF:routes\logintransparency.js
FN:5,(anonymous_0)
FNF:1
FNH:1
FNDA:1,(anonymous_0)
DA:2,21
DA:3,21
DA:5,21
DA:6,1
DA:9,21
LF:5
LH:5
BRF:0
BRH:0
end_of_record
TN:
SF:routes\measurespageperroute.js
FN:11,(anonymous_0)
FN:115,(anonymous_1)
FNF:2
FNH:0
FNDA:0,(anonymous_0)
FNDA:0,(anonymous_1)
DA:6,21
DA:7,21
DA:8,21
DA:9,21
DA:11,21
DA:13,0
DA:14,0
DA:18,0
DA:19,0
DA:20,0
DA:21,0
DA:28,0
DA:45,0
DA:46,0
DA:48,0
DA:49,0
DA:50,0
DA:51,0
DA:52,0
DA:53,0
DA:54,0
DA:55,0
DA:57,0
DA:59,0
DA:60,0
DA:61,0
DA:62,0
DA:64,0
DA:65,0
DA:67,0
DA:68,0
DA:72,0
DA:75,0
DA:76,0
DA:77,0
DA:79,0
DA:80,0
DA:81,0
DA:82,0
DA:86,0
DA:87,0
DA:88,0
DA:89,0
DA:90,0
DA:92,0
DA:93,0
DA:94,0
DA:95,0
DA:101,0
DA:102,0
DA:103,0
DA:104,0
DA:108,0
DA:115,21
DA:118,0
DA:123,21
LF:56
LH:7
BRDA:64,0,0,0
BRDA:64,0,1,0
BRDA:65,1,0,0
BRDA:65,1,1,0
BRDA:75,2,0,0
BRDA:75,2,1,0
BRDA:76,3,0,0
BRDA:76,3,1,0
BRDA:86,4,0,0
BRDA:86,4,1,0
BRDA:86,5,0,0
BRDA:86,5,1,0
BRDA:87,6,0,0
BRDA:87,6,1,0
BRDA:87,7,0,0
BRDA:87,7,1,0
BRDA:88,8,0,0
BRDA:88,8,1,0
BRDA:88,9,0,0
BRDA:88,9,1,0
BRDA:89,10,0,0
BRDA:89,10,1,0
BRDA:89,11,0,0
BRDA:89,11,1,0
BRDA:93,12,0,0
BRDA:93,12,1,0
BRF:26
BRH:0
end_of_record
TN:
SF:routes\measurespageroute.js
FN:10,(anonymous_0)
FN:124,(anonymous_1)
FNF:2
FNH:0
FNDA:0,(anonymous_0)
FNDA:0,(anonymous_1)
DA:5,21
DA:6,21
DA:7,21
DA:8,21
DA:10,21
DA:11,0
DA:13,0
DA:14,0
DA:15,0
DA:17,0
DA:19,0
DA:20,0
DA:21,0
DA:22,0
DA:23,0
DA:24,0
DA:26,0
DA:27,0
DA:29,0
DA:30,0
DA:31,0
DA:33,0
DA:47,0
DA:48,0
DA:50,0
DA:51,0
DA:55,0
DA:56,0
DA:57,0
DA:58,0
DA:59,0
DA:60,0
DA:62,0
DA:64,0
DA:65,0
DA:66,0
DA:67,0
DA:69,0
DA:70,0
DA:71,0
DA:72,0
DA:73,0
DA:74,0
DA:76,0
DA:80,0
DA:83,0
DA:87,0
DA:88,0
DA:89,0
DA:90,0
DA:91,0
DA:92,0
DA:93,0
DA:94,0
DA:95,0
DA:97,0
DA:98,0
DA:99,0
DA:100,0
DA:101,0
DA:102,0
DA:106,0
DA:107,0
DA:108,0
DA:110,0
DA:120,0
DA:124,21
DA:125,0
DA:128,21
LF:69
LH:7
BRDA:19,0,0,0
BRDA:19,0,1,0
BRDA:22,1,0,0
BRDA:22,1,1,0
BRDA:69,2,0,0
BRDA:69,2,1,0
BRDA:72,3,0,0
BRDA:72,3,1,0
BRDA:87,4,0,0
BRDA:87,4,1,0
BRDA:87,5,0,0
BRDA:87,5,1,0
BRDA:90,6,0,0
BRDA:90,6,1,0
BRDA:90,7,0,0
BRDA:90,7,1,0
BRDA:93,8,0,0
BRDA:93,8,1,0
BRDA:93,9,0,0
BRDA:93,9,1,0
BRDA:97,10,0,0
BRDA:97,10,1,0
BRDA:97,11,0,0
BRDA:97,11,1,0
BRDA:100,12,0,0
BRDA:100,12,1,0
BRF:26
BRH:0
end_of_record
TN:
SF:routes\mygrantingauthority.js
FN:5,(anonymous_0)
FNF:1
FNH:1
FNDA:1,(anonymous_0)
DA:2,21
DA:3,21
DA:5,21
DA:6,1
DA:9,21
LF:5
LH:5
BRF:0
BRH:0
end_of_record
TN:
SF:routes\mysubsidyawards.js
FN:10,(anonymous_0)
FNF:1
FNH:1
FNDA:4,(anonymous_0)
DA:5,21
DA:6,21
DA:7,21
DA:8,21
DA:10,21
DA:11,4
DA:12,4
DA:13,4
DA:14,4
DA:16,4
DA:18,4
DA:19,4
DA:20,4
DA:21,4
DA:23,4
DA:30,4
DA:32,4
DA:33,4
DA:34,4
DA:35,4
DA:36,4
DA:37,4
DA:38,4
DA:39,4
DA:40,4
DA:41,4
DA:42,4
DA:43,4
DA:45,4
DA:46,4
DA:47,4
DA:48,4
DA:49,4
DA:50,4
DA:51,4
DA:52,4
DA:53,4
DA:55,4
DA:56,4
DA:57,4
DA:59,0
DA:61,4
DA:72,0
DA:73,0
DA:74,0
DA:81,21
LF:46
LH:42
BRDA:56,0,0,4
BRDA:56,0,1,0
BRF:2
BRH:1
end_of_record
TN:
SF:routes\mysubsidymeasures.js
FN:10,(anonymous_0)
FNF:1
FNH:0
FNDA:0,(anonymous_0)
DA:5,21
DA:6,21
DA:7,21
DA:8,21
DA:10,21
DA:11,0
DA:13,0
DA:27,0
DA:29,0
DA:31,0
DA:32,0
DA:36,0
DA:37,0
DA:38,0
DA:39,0
DA:40,0
DA:41,0
DA:42,0
DA:43,0
DA:44,0
DA:45,0
DA:46,0
DA:48,0
DA:49,0
DA:50,0
DA:51,0
DA:52,0
DA:53,0
DA:54,0
DA:55,0
DA:56,0
DA:58,0
DA:59,0
DA:60,0
DA:62,0
DA:64,0
DA:74,0
DA:75,0
DA:76,0
DA:77,0
DA:78,0
DA:79,0
DA:80,0
DA:81,0
DA:82,0
DA:83,0
DA:85,0
DA:106,21
LF:48
LH:6
BRDA:59,0,0,0
BRDA:59,0,1,0
BRF:2
BRH:0
end_of_record
TN:
SF:routes\reviewdetail.js
FN:4,(anonymous_0)
FN:395,(anonymous_1)
FNF:2
FNH:2
FNDA:2,(anonymous_0)
FNDA:1,(anonymous_1)
DA:1,21
DA:2,21
DA:4,21
DA:5,2
DA:6,2
DA:7,2
DA:8,2
DA:9,2
DA:10,2
DA:11,2
DA:12,2
DA:13,2
DA:14,2
DA:15,2
DA:16,2
DA:17,2
DA:18,2
DA:19,2
DA:20,2
DA:21,2
DA:22,2
DA:23,2
DA:24,2
DA:25,2
DA:26,2
DA:27,2
DA:49,2
DA:51,2
DA:52,2
DA:53,2
DA:54,2
DA:56,2
DA:57,2
DA:58,2
DA:59,2
DA:60,2
DA:61,2
DA:62,2
DA:63,2
DA:64,2
DA:65,2
DA:66,2
DA:67,2
DA:68,2
DA:69,2
DA:70,2
DA:71,2
DA:72,2
DA:74,2
DA:79,0
DA:80,0
DA:82,0
DA:83,0
DA:85,0
DA:86,0
DA:88,0
DA:89,0
DA:91,0
DA:92,0
DA:94,0
DA:95,0
DA:97,0
DA:98,0
DA:100,0
DA:101,0
DA:103,0
DA:104,0
DA:106,0
DA:107,0
DA:109,0
DA:110,0
DA:112,0
DA:113,0
DA:116,0
DA:118,0
DA:121,0
DA:122,0
DA:123,0
DA:124,0
DA:125,0
DA:128,0
DA:129,0
DA:130,0
DA:131,0
DA:132,0
DA:135,0
DA:136,0
DA:137,0
DA:138,0
DA:139,0
DA:142,0
DA:143,0
DA:144,0
DA:145,0
DA:146,0
DA:149,0
DA:150,0
DA:151,0
DA:152,0
DA:153,0
DA:154,0
DA:155,0
DA:156,0
DA:160,0
DA:161,0
DA:162,0
DA:163,0
DA:166,0
DA:167,0
DA:168,0
DA:169,0
DA:170,0
DA:173,0
DA:174,0
DA:175,0
DA:176,0
DA:177,0
DA:180,0
DA:181,0
DA:182,0
DA:183,0
DA:184,0
DA:187,0
DA:188,0
DA:189,0
DA:190,0
DA:191,0
DA:194,0
DA:195,0
DA:196,0
DA:197,0
DA:198,0
DA:201,0
DA:202,0
DA:203,0
DA:204,0
DA:205,0
DA:210,0
DA:211,0
DA:212,0
DA:214,0
DA:215,0
DA:218,0
DA:226,0
DA:227,0
DA:228,0
DA:229,0
DA:232,0
DA:236,0
DA:242,0
DA:243,0
DA:244,0
DA:245,0
DA:249,0
DA:253,0
DA:254,0
DA:255,0
DA:256,0
DA:261,0
DA:262,0
DA:263,0
DA:265,0
DA:266,0
DA:269,0
DA:270,0
DA:271,0
DA:273,0
DA:274,0
DA:277,0
DA:278,0
DA:279,0
DA:280,0
DA:281,0
DA:284,0
DA:285,0
DA:286,0
DA:287,0
DA:288,0
DA:291,0
DA:292,0
DA:293,0
DA:294,0
DA:297,0
DA:298,0
DA:299,0
DA:300,0
DA:303,0
DA:305,0
DA:324,0
DA:368,0
DA:391,0
DA:395,21
DA:396,1
DA:399,21
LF:194
LH:52
BRDA:79,0,0,0
BRDA:79,0,1,0
BRDA:82,1,0,0
BRDA:82,1,1,0
BRDA:85,2,0,0
BRDA:85,2,1,0
BRDA:88,3,0,0
BRDA:88,3,1,0
BRDA:91,4,0,0
BRDA:91,4,1,0
BRDA:94,5,0,0
BRDA:94,5,1,0
BRDA:97,6,0,0
BRDA:97,6,1,0
BRDA:100,7,0,0
BRDA:100,7,1,0
BRDA:103,8,0,0
BRDA:103,8,1,0
BRDA:106,9,0,0
BRDA:106,9,1,0
BRDA:109,10,0,0
BRDA:109,10,1,0
BRDA:112,11,0,0
BRDA:112,11,1,0
BRDA:118,12,0,0
BRDA:118,12,1,0
BRDA:121,13,0,0
BRDA:121,13,1,0
BRDA:128,14,0,0
BRDA:128,14,1,0
BRDA:135,15,0,0
BRDA:135,15,1,0
BRDA:142,16,0,0
BRDA:142,16,1,0
BRDA:151,17,0,0
BRDA:151,17,1,0
BRDA:151,18,0,0
BRDA:151,18,1,0
BRDA:156,19,0,0
BRDA:156,19,1,0
BRDA:157,20,0,0
BRDA:157,20,1,0
BRDA:166,21,0,0
BRDA:166,21,1,0
BRDA:173,22,0,0
BRDA:173,22,1,0
BRDA:180,23,0,0
BRDA:180,23,1,0
BRDA:187,24,0,0
BRDA:187,24,1,0
BRDA:194,25,0,0
BRDA:194,25,1,0
BRDA:201,26,0,0
BRDA:201,26,1,0
BRDA:210,27,0,0
BRDA:210,27,1,0
BRDA:210,28,0,0
BRDA:210,28,1,0
BRDA:218,29,0,0
BRDA:218,29,1,0
BRDA:219,30,0,0
BRDA:219,30,1,0
BRDA:219,30,2,0
BRDA:219,30,3,0
BRDA:219,30,4,0
BRDA:219,30,5,0
BRDA:232,31,0,0
BRDA:232,31,1,0
BRDA:233,32,0,0
BRDA:233,32,1,0
BRDA:236,33,0,0
BRDA:236,33,1,0
BRDA:237,34,0,0
BRDA:237,34,1,0
BRDA:237,34,2,0
BRDA:249,35,0,0
BRDA:249,35,1,0
BRDA:250,36,0,0
BRDA:250,36,1,0
BRDA:261,37,0,0
BRDA:261,37,1,0
BRDA:269,38,0,0
BRDA:269,38,1,0
BRDA:269,39,0,0
BRDA:269,39,1,0
BRDA:277,40,0,0
BRDA:277,40,1,0
BRDA:284,41,0,0
BRDA:284,41,1,0
BRDA:291,42,0,0
BRDA:291,42,1,0
BRDA:297,43,0,0
BRDA:297,43,1,0
BRDA:305,44,0,0
BRDA:305,44,1,0
BRDA:306,45,0,0
BRDA:306,45,1,0
BRDA:306,45,2,0
BRDA:306,45,3,0
BRDA:306,45,4,0
BRDA:306,45,5,0
BRDA:306,45,6,0
BRDA:306,45,7,0
BRDA:306,45,8,0
BRDA:306,45,9,0
BRDA:306,45,10,0
BRDA:306,45,11,0
BRDA:306,45,12,0
BRDA:306,45,13,0
BRDA:306,45,14,0
BRDA:306,45,15,0
BRDA:306,45,16,0
BRF:112
BRH:0
end_of_record
TN:
SF:routes\reviewdetailcancel.js
FN:4,(anonymous_0)
FNF:1
FNH:1
FNDA:1,(anonymous_0)
DA:1,21
DA:2,21
DA:4,21
DA:5,1
DA:8,21
LF:5
LH:5
BRF:0
BRH:0
end_of_record
TN:
SF:routes\submitforapproval.js
FN:8,(anonymous_0)
FNF:1
FNH:0
FNDA:0,(anonymous_0)
DA:2,21
DA:3,21
DA:4,21
DA:5,21
DA:8,21
DA:10,0
DA:11,0
DA:14,0
DA:16,0
DA:17,0
DA:18,0
DA:19,0
DA:20,0
DA:21,0
DA:22,0
DA:23,0
DA:24,0
DA:25,0
DA:26,0
DA:27,0
DA:28,0
DA:29,0
DA:30,0
DA:31,0
DA:32,0
DA:33,0
DA:34,0
DA:37,0
DA:59,0
DA:60,0
DA:62,0
DA:63,0
DA:64,0
DA:65,0
DA:66,0
DA:67,0
DA:68,0
DA:69,0
DA:71,0
DA:72,0
DA:73,0
DA:74,0
DA:76,0
DA:77,0
DA:78,0
DA:79,0
DA:80,0
DA:83,0
DA:84,0
DA:85,0
DA:86,0
DA:87,0
DA:91,0
DA:92,0
DA:93,0
DA:94,0
DA:95,0
DA:100,0
DA:101,0
DA:103,0
DA:152,0
DA:158,0
DA:159,0
DA:160,0
DA:170,21
LF:65
LH:6
BRDA:10,0,0,0
BRDA:10,0,1,0
BRDA:11,1,0,0
BRDA:11,1,1,0
BRDA:71,2,0,0
BRDA:71,2,1,0
BRDA:76,3,0,0
BRDA:76,3,1,0
BRDA:83,4,0,0
BRDA:83,4,1,0
BRDA:91,5,0,0
BRDA:91,5,1,0
BRF:12
BRH:0
end_of_record
TN:
SF:routes\subsidyaward-action.js
FN:11,(anonymous_0)
FNF:1
FNH:0
FNDA:0,(anonymous_0)
DA:6,21
DA:7,21
DA:8,21
DA:9,21
DA:11,21
DA:13,0
DA:15,0
DA:16,0
DA:19,0
DA:23,0
DA:24,0
DA:26,0
DA:28,0
DA:29,0
DA:30,0
DA:31,0
DA:35,0
DA:36,0
DA:37,0
DA:38,0
DA:39,0
DA:40,0
DA:41,0
DA:42,0
DA:43,0
DA:44,0
DA:45,0
DA:46,0
DA:49,0
DA:50,0
DA:51,0
DA:52,0
DA:53,0
DA:54,0
DA:55,0
DA:56,0
DA:57,0
DA:59,0
DA:60,0
DA:61,0
DA:63,0
DA:65,0
DA:78,0
DA:79,0
DA:80,0
DA:87,0
DA:88,0
DA:89,0
DA:95,21
LF:49
LH:6
BRDA:60,0,0,0
BRDA:60,0,1,0
BRF:2
BRH:0
end_of_record
TN:
SF:routes\subsidyaward-approve-reject.js
FN:4,(anonymous_0)
FNF:1
FNH:0
FNDA:0,(anonymous_0)
DA:1,21
DA:2,21
DA:4,21
DA:5,0
DA:8,21
LF:5
LH:4
BRF:0
BRH:0
end_of_record
TN:
SF:routes\subsidyaward-cancel.js
FN:4,(anonymous_0)
FNF:1
FNH:0
FNDA:0,(anonymous_0)
DA:1,21
DA:2,21
DA:4,21
DA:23,0
DA:25,0
DA:26,0
DA:28,0
DA:29,0
DA:30,0
DA:31,0
DA:32,0
DA:33,0
DA:34,0
DA:35,0
DA:36,0
DA:37,0
DA:38,0
DA:39,0
DA:40,0
DA:41,0
DA:42,0
DA:43,0
DA:44,0
DA:46,0
DA:50,0
DA:64,0
DA:65,0
DA:66,0
DA:68,0
DA:107,0
DA:109,0
DA:112,21
LF:32
LH:4
BRDA:65,0,0,0
BRDA:65,0,1,0
BRF:2
BRH:0
end_of_record
TN:
SF:routes\subsidyaward-edit-review.js
FN:4,(anonymous_0)
FN:88,(anonymous_1)
FNF:2
FNH:0
FNDA:0,(anonymous_0)
FNDA:0,(anonymous_1)
DA:1,21
DA:2,21
DA:4,21
DA:5,0
DA:8,0
DA:9,0
DA:11,0
DA:12,0
DA:14,0
DA:15,0
DA:17,0
DA:18,0
DA:20,0
DA:21,0
DA:23,0
DA:24,0
DA:26,0
DA:27,0
DA:29,0
DA:30,0
DA:32,0
DA:33,0
DA:35,0
DA:36,0
DA:38,0
DA:39,0
DA:41,0
DA:42,0
DA:45,0
DA:47,0
DA:48,0
DA:49,0
DA:50,0
DA:51,0
DA:52,0
DA:53,0
DA:54,0
DA:55,0
DA:56,0
DA:57,0
DA:58,0
DA:59,0
DA:60,0
DA:61,0
DA:62,0
DA:63,0
DA:66,0
DA:88,21
DA:89,0
DA:92,21
LF:50
LH:5
BRDA:8,0,0,0
BRDA:8,0,1,0
BRDA:11,1,0,0
BRDA:11,1,1,0
BRDA:14,2,0,0
BRDA:14,2,1,0
BRDA:17,3,0,0
BRDA:17,3,1,0
BRDA:20,4,0,0
BRDA:20,4,1,0
BRDA:23,5,0,0
BRDA:23,5,1,0
BRDA:26,6,0,0
BRDA:26,6,1,0
BRDA:29,7,0,0
BRDA:29,7,1,0
BRDA:32,8,0,0
BRDA:32,8,1,0
BRDA:35,9,0,0
BRDA:35,9,1,0
BRDA:38,10,0,0
BRDA:38,10,1,0
BRDA:41,11,0,0
BRDA:41,11,1,0
BRF:24
BRH:0
end_of_record
TN:
SF:routes\subsidyaward-edit.js
FN:10,(anonymous_0)
FNF:1
FNH:0
FNDA:0,(anonymous_0)
DA:5,21
DA:6,21
DA:7,21
DA:8,21
DA:10,21
DA:11,0
DA:13,0
DA:14,0
DA:18,0
DA:19,0
DA:20,0
DA:21,0
DA:22,0
DA:24,0
DA:25,0
DA:27,0
DA:28,0
DA:29,0
DA:30,0
DA:31,0
DA:32,0
DA:33,0
DA:34,0
DA:35,0
DA:37,0
DA:38,0
DA:53,0
DA:58,0
DA:60,0
DA:62,0
DA:64,0
DA:68,21
LF:32
LH:6
BRDA:54,0,0,0
BRDA:54,0,1,0
BRF:2
BRH:0
end_of_record
TN:
SF:routes\subsidyaward-fetch.js
FN:11,(anonymous_0)
FNF:1
FNH:0
FNDA:0,(anonymous_0)
DA:6,21
DA:7,21
DA:8,21
DA:9,21
DA:11,21
DA:12,0
DA:13,0
DA:15,0
DA:17,0
DA:19,0
DA:20,0
DA:21,0
DA:22,0
DA:23,0
DA:24,0
DA:27,0
DA:33,21
LF:17
LH:6
BRF:0
BRH:0
end_of_record
TN:
SF:routes\subsidyaward-reject.js
FN:4,(anonymous_0)
FNF:1
FNH:0
FNDA:0,(anonymous_0)
DA:1,21
DA:2,21
DA:4,21
DA:5,0
DA:8,21
LF:5
LH:4
BRF:0
BRH:0
end_of_record
TN:
SF:routes\subsidyaward-review-cancel.js
FN:4,(anonymous_0)
FNF:1
FNH:0
FNDA:0,(anonymous_0)
DA:1,21
DA:2,21
DA:4,21
DA:5,0
DA:29,21
LF:5
LH:4
BRF:0
BRH:0
end_of_record
TN:
SF:routes\subsidyaward-submitforapproval-edit.js
FN:6,(anonymous_0)
FNF:1
FNH:0
FNDA:0,(anonymous_0)
DA:1,21
DA:2,21
DA:3,21
DA:4,21
DA:6,21
DA:7,0
DA:8,0
DA:9,0
DA:11,0
DA:12,0
DA:15,0
DA:37,0
DA:38,0
DA:42,0
DA:43,0
DA:44,0
DA:45,0
DA:46,0
DA:51,0
DA:52,0
DA:53,0
DA:61,21
LF:22
LH:6
BRDA:8,0,0,0
BRDA:8,0,1,0
BRDA:11,1,0,0
BRDA:11,1,1,0
BRF:4
BRH:0
end_of_record
TN:
SF:routes\subsidyaward-update.js
FN:10,(anonymous_0)
FNF:1
FNH:0
FNDA:0,(anonymous_0)
DA:5,21
DA:6,21
DA:7,21
DA:8,21
DA:10,21
DA:11,0
DA:12,0
DA:14,0
DA:15,0
DA:16,0
DA:17,0
DA:18,0
DA:19,0
DA:20,0
DA:21,0
DA:22,0
DA:23,0
DA:24,0
DA:25,0
DA:26,0
DA:27,0
DA:28,0
DA:29,0
DA:30,0
DA:31,0
DA:32,0
DA:33,0
DA:34,0
DA:54,0
DA:73,21
LF:30
LH:6
BRF:0
BRH:0
end_of_record
TN:
SF:routes\subsidymeasure-edit.js
FN:4,(anonymous_0)
FNF:1
FNH:0
FNDA:0,(anonymous_0)
DA:1,21
DA:2,21
DA:4,21
DA:5,0
DA:8,21
LF:5
LH:4
BRF:0
BRH:0
end_of_record
TN:
SF:routes\subsidymeasure-reviewdetails.js
FN:4,(anonymous_0)
FNF:1
FNH:0
FNDA:0,(anonymous_0)
DA:1,21
DA:2,21
DA:4,21
DA:5,0
DA:8,21
LF:5
LH:4
BRF:0
BRH:0
end_of_record
TN:
SF:routes\subsidymeasures-add.js
FN:4,(anonymous_0)
FNF:1
FNH:0
FNDA:0,(anonymous_0)
DA:1,21
DA:2,21
DA:4,21
DA:5,0
DA:8,21
LF:5
LH:4
BRF:0
BRH:0
end_of_record
