TN:
SF:app.js
FN:88,(anonymous_0)
FNF:1
FNH:0
FNDA:0,(anonymous_0)
DA:5,25
DA:6,25
DA:7,25
DA:8,25
DA:9,25
DA:10,25
DA:11,25
DA:12,25
DA:13,25
DA:14,25
DA:15,25
DA:17,25
DA:18,25
DA:19,25
DA:20,25
DA:21,25
DA:25,25
DA:26,25
DA:27,25
DA:29,25
DA:31,25
DA:37,25
DA:38,25
DA:39,25
DA:40,25
DA:41,25
DA:42,25
DA:43,25
DA:44,25
DA:45,25
DA:46,25
DA:47,25
DA:48,25
DA:49,25
DA:50,25
DA:51,25
DA:52,25
DA:53,25
DA:54,25
DA:55,25
DA:56,25
DA:58,25
DA:59,25
DA:60,25
DA:62,25
DA:63,25
DA:64,25
DA:66,25
DA:67,25
DA:68,25
DA:69,25
DA:70,25
DA:71,25
DA:72,25
DA:73,25
DA:74,25
DA:75,25
DA:76,25
DA:77,25
DA:78,25
DA:79,25
DA:81,25
DA:82,25
DA:83,25
DA:88,25
DA:89,0
DA:92,25
DA:93,25
DA:102,25
DA:103,25
DA:109,25
DA:110,25
DA:112,25
DA:113,25
DA:115,25
DA:116,25
DA:118,25
DA:119,25
DA:121,25
DA:122,25
DA:124,25
DA:125,25
DA:127,25
DA:128,25
DA:130,25
DA:131,25
DA:133,25
DA:134,25
DA:136,25
DA:137,25
DA:139,25
DA:140,25
DA:142,25
DA:143,25
DA:145,25
DA:146,25
DA:148,25
DA:149,25
DA:151,25
DA:152,25
DA:154,25
DA:155,25
DA:160,25
DA:161,25
DA:163,25
DA:164,25
DA:166,25
DA:167,25
DA:171,25
DA:172,25
DA:174,25
DA:175,25
DA:177,25
DA:178,25
DA:180,25
DA:181,25
DA:183,25
DA:184,25
DA:186,25
DA:187,25
DA:189,25
DA:190,25
DA:192,25
DA:193,25
DA:195,25
DA:196,25
DA:198,25
DA:199,25
DA:201,25
DA:202,25
DA:204,25
DA:205,25
DA:207,25
DA:208,25
DA:211,25
DA:212,25
DA:214,25
DA:215,25
DA:217,25
DA:218,25
DA:220,25
DA:221,25
DA:223,25
DA:224,25
DA:226,25
DA:227,25
DA:229,25
DA:230,25
DA:233,25
LF:149
LH:148
BRF:0
BRH:0
end_of_record
TN:
SF:routes\addgrantingauthority.js
FN:4,(anonymous_0)
FNF:1
FNH:1
FNDA:1,(anonymous_0)
DA:1,25
DA:2,25
DA:4,25
DA:5,1
DA:8,25
LF:5
LH:5
BRF:0
BRH:0
end_of_record
TN:
SF:routes\addsubsidyaward.js
FN:5,(anonymous_0)
FN:12,(anonymous_1)
FNF:2
FNH:2
FNDA:1,(anonymous_0)
FNDA:1,(anonymous_1)
DA:2,25
DA:3,25
DA:5,25
DA:7,1
DA:8,1
DA:12,25
DA:13,1
DA:16,25
LF:8
LH:8
BRF:0
BRH:0
end_of_record
TN:
SF:routes\addsubsidyreview.js
FN:4,(anonymous_0)
FNF:1
FNH:1
FNDA:1,(anonymous_0)
DA:1,25
DA:2,25
DA:4,25
DA:5,1
DA:6,1
DA:26,25
LF:6
LH:6
BRF:0
BRH:0
end_of_record
TN:
SF:routes\awardsfilterroute.js
FN:10,(anonymous_0)
FNF:1
FNH:0
FNDA:0,(anonymous_0)
DA:5,25
DA:6,25
DA:7,25
DA:8,25
DA:10,25
DA:11,0
DA:12,0
DA:14,0
DA:15,0
DA:17,0
DA:18,0
DA:21,0
DA:22,0
DA:23,0
DA:24,0
DA:25,0
DA:26,0
DA:28,0
DA:37,0
DA:39,0
DA:40,0
DA:41,0
DA:42,0
DA:43,0
DA:44,0
DA:45,0
DA:46,0
DA:47,0
DA:48,0
DA:49,0
DA:50,0
DA:52,0
DA:53,0
DA:54,0
DA:55,0
DA:56,0
DA:57,0
DA:58,0
DA:59,0
DA:60,0
DA:62,0
DA:63,0
DA:64,0
DA:66,0
DA:68,0
DA:79,0
DA:80,0
DA:81,0
DA:87,25
LF:49
LH:6
BRDA:17,0,0,0
BRDA:17,0,1,0
BRDA:63,1,0,0
BRDA:63,1,1,0
BRF:4
BRH:0
end_of_record
TN:
SF:routes\awardspageperroute.js
FN:10,(anonymous_0)
FN:125,(anonymous_1)
FNF:2
FNH:0
FNDA:0,(anonymous_0)
FNDA:0,(anonymous_1)
DA:5,25
DA:6,25
DA:7,25
DA:8,25
DA:10,25
DA:11,0
DA:12,0
DA:14,0
DA:15,0
DA:16,0
DA:17,0
DA:19,0
DA:22,0
DA:23,0
DA:24,0
DA:25,0
DA:26,0
DA:27,0
DA:29,0
DA:38,0
DA:40,0
DA:41,0
DA:42,0
DA:43,0
DA:44,0
DA:45,0
DA:46,0
DA:47,0
DA:49,0
DA:51,0
DA:53,0
DA:54,0
DA:55,0
DA:56,0
DA:57,0
DA:58,0
DA:60,0
DA:64,0
DA:67,0
DA:69,0
DA:70,0
DA:71,0
DA:72,0
DA:73,0
DA:74,0
DA:76,0
DA:77,0
DA:80,0
DA:81,0
DA:82,0
DA:83,0
DA:87,0
DA:88,0
DA:89,0
DA:90,0
DA:91,0
DA:92,0
DA:93,0
DA:94,0
DA:95,0
DA:97,0
DA:98,0
DA:99,0
DA:100,0
DA:101,0
DA:102,0
DA:106,0
DA:107,0
DA:108,0
DA:109,0
DA:121,0
DA:125,25
DA:126,0
DA:129,25
LF:74
LH:7
BRDA:53,0,0,0
BRDA:53,0,1,0
BRDA:56,1,0,0
BRDA:56,1,1,0
BRDA:69,2,0,0
BRDA:69,2,1,0
BRDA:72,3,0,0
BRDA:72,3,1,0
BRDA:87,4,0,0
BRDA:87,4,1,0
BRDA:87,5,0,0
BRDA:87,5,1,0
BRDA:90,6,0,0
BRDA:90,6,1,0
BRDA:90,7,0,0
BRDA:90,7,1,0
BRDA:93,8,0,0
BRDA:93,8,1,0
BRDA:93,9,0,0
BRDA:93,9,1,0
BRDA:97,10,0,0
BRDA:97,10,1,0
BRDA:97,11,0,0
BRDA:97,11,1,0
BRDA:100,12,0,0
BRDA:100,12,1,0
BRF:26
BRH:0
end_of_record
TN:
SF:routes\awardspageroute.js
FN:10,(anonymous_0)
FN:122,(anonymous_1)
FNF:2
FNH:0
FNDA:0,(anonymous_0)
FNDA:0,(anonymous_1)
DA:5,25
DA:6,25
DA:7,25
DA:8,25
DA:10,25
DA:11,0
DA:13,0
DA:14,0
DA:15,0
DA:17,0
DA:19,0
DA:20,0
DA:21,0
DA:22,0
DA:23,0
DA:24,0
DA:26,0
DA:27,0
DA:29,0
DA:30,0
DA:31,0
DA:33,0
DA:36,0
DA:37,0
DA:38,0
DA:39,0
DA:40,0
DA:41,0
DA:43,0
DA:52,0
DA:54,0
DA:55,0
DA:56,0
DA:57,0
DA:58,0
DA:59,0
DA:60,0
DA:61,0
DA:63,0
DA:65,0
DA:67,0
DA:68,0
DA:69,0
DA:70,0
DA:71,0
DA:72,0
DA:74,0
DA:78,0
DA:81,0
DA:85,0
DA:86,0
DA:87,0
DA:88,0
DA:89,0
DA:90,0
DA:91,0
DA:92,0
DA:93,0
DA:95,0
DA:96,0
DA:97,0
DA:98,0
DA:99,0
DA:100,0
DA:104,0
DA:105,0
DA:106,0
DA:108,0
DA:118,0
DA:122,25
DA:123,0
DA:126,25
LF:72
LH:7
BRDA:19,0,0,0
BRDA:19,0,1,0
BRDA:22,1,0,0
BRDA:22,1,1,0
BRDA:67,2,0,0
BRDA:67,2,1,0
BRDA:70,3,0,0
BRDA:70,3,1,0
BRDA:85,4,0,0
BRDA:85,4,1,0
BRDA:85,5,0,0
BRDA:85,5,1,0
BRDA:88,6,0,0
BRDA:88,6,1,0
BRDA:88,7,0,0
BRDA:88,7,1,0
BRDA:91,8,0,0
BRDA:91,8,1,0
BRDA:91,9,0,0
BRDA:91,9,1,0
BRDA:95,10,0,0
BRDA:95,10,1,0
BRDA:95,11,0,0
BRDA:95,11,1,0
BRDA:98,12,0,0
BRDA:98,12,1,0
BRF:26
BRH:0
end_of_record
TN:
SF:routes\bulkuploadsubsidy.js
FN:5,(anonymous_0)
FNF:1
FNH:1
FNDA:1,(anonymous_0)
DA:2,25
DA:3,25
DA:5,25
DA:6,1
DA:10,25
LF:5
LH:5
BRF:0
BRH:0
end_of_record
TN:
SF:routes\cancelmysubsidy.js
FN:6,(anonymous_0)
FNF:1
FNH:1
FNDA:1,(anonymous_0)
DA:2,25
DA:3,25
DA:6,25
DA:7,1
DA:11,25
LF:5
LH:5
BRF:0
BRH:0
end_of_record
TN:
SF:routes\choosedashboard.js
FN:6,(anonymous_0)
FNF:1
FNH:1
FNDA:4,(anonymous_0)
DA:1,25
DA:2,25
DA:3,25
DA:4,25
DA:6,25
DA:10,4
DA:11,4
DA:12,4
DA:13,4
DA:15,4
DA:16,4
DA:17,4
DA:18,4
DA:19,4
DA:20,4
DA:46,4
DA:48,4
DA:50,4
DA:51,4
DA:53,4
DA:54,4
DA:56,4
DA:58,1
DA:59,1
DA:63,1
DA:64,1
DA:66,1
DA:67,1
DA:71,1
DA:72,1
DA:73,1
DA:74,1
DA:75,1
DA:76,1
DA:78,0
DA:79,0
DA:80,0
DA:82,3
DA:84,1
DA:85,1
DA:89,1
DA:90,1
DA:92,1
DA:93,1
DA:97,1
DA:98,1
DA:99,1
DA:100,1
DA:101,1
DA:102,1
DA:104,0
DA:105,0
DA:106,0
DA:108,2
DA:110,1
DA:111,1
DA:115,1
DA:116,1
DA:118,1
DA:119,1
DA:123,1
DA:124,1
DA:125,1
DA:126,1
DA:127,1
DA:128,1
DA:130,0
DA:131,0
DA:132,0
DA:134,1
DA:136,1
DA:137,1
DA:141,1
DA:142,1
DA:144,1
DA:145,1
DA:149,1
DA:150,1
DA:151,1
DA:152,1
DA:153,1
DA:154,1
DA:156,0
DA:157,0
DA:158,0
DA:163,25
LF:86
LH:74
BRDA:56,0,0,1
BRDA:56,0,1,3
BRDA:82,1,0,1
BRDA:82,1,1,2
BRDA:108,2,0,1
BRDA:108,2,1,1
BRDA:134,3,0,1
BRDA:134,3,1,0
BRF:8
BRH:7
end_of_record
TN:
SF:routes\editgrantingauthority.js
FN:5,(anonymous_0)
FNF:1
FNH:1
FNDA:1,(anonymous_0)
DA:2,25
DA:3,25
DA:5,25
DA:6,1
DA:9,25
LF:5
LH:5
BRF:0
BRH:0
end_of_record
TN:
SF:routes\formvalidation.js
FN:5,(anonymous_0)
FN:16,(anonymous_1)
FN:21,(anonymous_2)
FN:42,toBuffer
FN:54,(anonymous_4)
FN:117,(anonymous_5)
FNF:6
FNH:2
FNDA:1,(anonymous_0)
FNDA:1,(anonymous_1)
FNDA:0,(anonymous_2)
FNDA:0,toBuffer
FNDA:0,(anonymous_4)
FNDA:0,(anonymous_5)
DA:1,25
DA:2,25
DA:3,25
DA:5,25
DA:6,1
DA:7,1
DA:8,1
DA:9,1
DA:16,25
DA:17,1
DA:19,1
DA:21,1
DA:22,0
DA:23,0
DA:27,1
DA:28,1
DA:29,1
DA:30,1
DA:32,0
DA:33,0
DA:34,0
DA:35,0
DA:36,0
DA:37,0
DA:38,0
DA:39,0
DA:43,0
DA:44,0
DA:45,0
DA:46,0
DA:48,0
DA:51,0
DA:54,0
DA:55,0
DA:56,0
DA:60,0
DA:62,0
DA:63,0
DA:64,0
DA:65,0
DA:68,0
DA:71,0
DA:73,0
DA:78,0
DA:79,0
DA:80,0
DA:81,0
DA:82,0
DA:83,0
DA:84,0
DA:85,0
DA:86,0
DA:87,0
DA:89,0
DA:90,0
DA:91,0
DA:93,0
DA:94,0
DA:97,0
DA:98,0
DA:100,0
DA:103,0
DA:104,0
DA:106,0
DA:109,0
DA:110,0
DA:112,0
DA:115,0
DA:117,0
DA:118,0
DA:119,0
DA:121,0
DA:123,0
DA:138,25
LF:74
LH:17
BRDA:22,0,0,0
BRDA:22,0,1,0
BRDA:27,1,0,1
BRDA:27,1,1,0
BRDA:55,2,0,0
BRDA:55,2,1,0
BRDA:89,3,0,0
BRDA:89,3,1,0
BRDA:97,4,0,0
BRDA:97,4,1,0
BRDA:97,5,0,0
BRDA:97,5,1,0
BRDA:103,6,0,0
BRDA:103,6,1,0
BRDA:109,7,0,0
BRDA:109,7,1,0
BRDA:118,8,0,0
BRDA:118,8,1,0
BRF:18
BRH:1
end_of_record
TN:
SF:routes\loginemailconfirmation.js
FN:4,(anonymous_0)
FNF:1
FNH:0
FNDA:0,(anonymous_0)
DA:1,25
DA:2,25
DA:4,25
DA:5,0
DA:6,0
DA:7,0
DA:8,0
DA:9,0
DA:10,0
DA:11,0
DA:12,0
DA:13,0
DA:14,0
DA:16,0
DA:18,0
DA:19,0
DA:24,25
LF:17
LH:4
BRDA:10,0,0,0
BRDA:10,0,1,0
BRDA:13,1,0,0
BRDA:13,1,1,0
BRF:4
BRH:0
end_of_record
TN:
SF:routes\loginemailconfirmationexpiry.js
FN:5,(anonymous_0)
FNF:1
FNH:0
FNDA:0,(anonymous_0)
DA:2,25
DA:3,25
DA:5,25
DA:6,0
DA:7,0
DA:8,0
DA:9,0
DA:10,0
DA:11,0
DA:13,0
DA:14,0
DA:18,0
DA:20,0
DA:25,0
DA:26,0
DA:27,0
DA:29,0
DA:31,25
LF:18
LH:4
BRDA:11,0,0,0
BRDA:11,0,1,0
BRDA:18,1,0,0
BRDA:18,1,1,0
BRF:4
BRH:0
end_of_record
TN:
SF:routes\loginfirstpage.js
FN:5,(anonymous_0)
FNF:1
FNH:0
FNDA:0,(anonymous_0)
DA:2,25
DA:3,25
DA:5,25
DA:6,0
DA:9,25
LF:5
LH:4
BRF:0
BRH:0
end_of_record
TN:
SF:routes\loginforgetpassword.js
FN:6,(anonymous_0)
FNF:1
FNH:0
FNDA:0,(anonymous_0)
DA:3,25
DA:4,25
DA:6,25
DA:8,0
DA:9,0
DA:12,25
LF:6
LH:4
BRF:0
BRH:0
end_of_record
TN:
SF:routes\loginnewpassword.js
FN:6,(anonymous_0)
FNF:1
FNH:0
FNDA:0,(anonymous_0)
DA:3,25
DA:4,25
DA:6,25
DA:7,0
DA:11,25
LF:5
LH:4
BRF:0
BRH:0
end_of_record
TN:
SF:routes\loginpasswordcomplete.js
FN:7,(anonymous_0)
FN:11,(anonymous_1)
FNF:2
FNH:0
FNDA:0,(anonymous_0)
FNDA:0,(anonymous_1)
DA:2,25
DA:3,25
DA:4,25
DA:7,25
DA:8,0
DA:11,25
DA:13,0
DA:14,0
DA:15,0
DA:16,0
DA:18,0
DA:20,0
DA:22,0
DA:23,0
DA:26,0
DA:27,0
DA:28,0
DA:30,0
DA:31,0
DA:32,0
DA:39,0
DA:42,25
LF:22
LH:6
BRDA:20,0,0,0
BRDA:20,0,1,0
BRDA:20,1,0,0
BRDA:20,1,1,0
BRDA:26,2,0,0
BRDA:26,2,1,0
BRDA:30,3,0,0
BRDA:30,3,1,0
BRF:8
BRH:0
end_of_record
TN:
SF:routes\loginresetpassword.js
FN:6,(anonymous_0)
FN:12,(anonymous_1)
FNF:2
FNH:0
FNDA:0,(anonymous_0)
FNDA:0,(anonymous_1)
DA:2,25
DA:3,25
DA:6,25
DA:7,0
DA:8,0
DA:12,25
DA:13,0
DA:15,25
LF:8
LH:5
BRF:0
BRH:0
end_of_record
TN:
SF:routes\logintransparency.js
FN:5,(anonymous_0)
FNF:1
FNH:1
FNDA:1,(anonymous_0)
DA:2,25
DA:3,25
DA:5,25
DA:6,1
DA:9,25
LF:5
LH:5
BRF:0
BRH:0
end_of_record
TN:
SF:routes\measurespageperroute.js
FN:11,(anonymous_0)
FN:115,(anonymous_1)
FNF:2
FNH:0
FNDA:0,(anonymous_0)
FNDA:0,(anonymous_1)
DA:6,25
DA:7,25
DA:8,25
DA:9,25
DA:11,25
DA:13,0
DA:14,0
DA:18,0
DA:19,0
DA:20,0
DA:21,0
DA:28,0
DA:45,0
DA:46,0
DA:48,0
DA:49,0
DA:50,0
DA:51,0
DA:52,0
DA:53,0
DA:54,0
DA:55,0
DA:57,0
DA:59,0
DA:60,0
DA:61,0
DA:62,0
DA:64,0
DA:65,0
DA:67,0
DA:68,0
DA:72,0
DA:75,0
DA:76,0
DA:77,0
DA:79,0
DA:80,0
DA:81,0
DA:82,0
DA:86,0
DA:87,0
DA:88,0
DA:89,0
DA:90,0
DA:92,0
DA:93,0
DA:94,0
DA:95,0
DA:101,0
DA:102,0
DA:103,0
DA:104,0
DA:108,0
DA:115,25
DA:118,0
DA:123,25
LF:56
LH:7
BRDA:64,0,0,0
BRDA:64,0,1,0
BRDA:65,1,0,0
BRDA:65,1,1,0
BRDA:75,2,0,0
BRDA:75,2,1,0
BRDA:76,3,0,0
BRDA:76,3,1,0
BRDA:86,4,0,0
BRDA:86,4,1,0
BRDA:86,5,0,0
BRDA:86,5,1,0
BRDA:87,6,0,0
BRDA:87,6,1,0
BRDA:87,7,0,0
BRDA:87,7,1,0
BRDA:88,8,0,0
BRDA:88,8,1,0
BRDA:88,9,0,0
BRDA:88,9,1,0
BRDA:89,10,0,0
BRDA:89,10,1,0
BRDA:89,11,0,0
BRDA:89,11,1,0
BRDA:93,12,0,0
BRDA:93,12,1,0
BRF:26
BRH:0
end_of_record
TN:
SF:routes\measurespageroute.js
FN:10,(anonymous_0)
FN:124,(anonymous_1)
FNF:2
FNH:0
FNDA:0,(anonymous_0)
FNDA:0,(anonymous_1)
DA:5,25
DA:6,25
DA:7,25
DA:8,25
DA:10,25
DA:11,0
DA:13,0
DA:14,0
DA:15,0
DA:17,0
DA:19,0
DA:20,0
DA:21,0
DA:22,0
DA:23,0
DA:24,0
DA:26,0
DA:27,0
DA:29,0
DA:30,0
DA:31,0
DA:33,0
DA:47,0
DA:48,0
DA:50,0
DA:51,0
DA:55,0
DA:56,0
DA:57,0
DA:58,0
DA:59,0
DA:60,0
DA:62,0
DA:64,0
DA:65,0
DA:66,0
DA:67,0
DA:69,0
DA:70,0
DA:71,0
DA:72,0
DA:73,0
DA:74,0
DA:76,0
DA:80,0
DA:83,0
DA:87,0
DA:88,0
DA:89,0
DA:90,0
DA:91,0
DA:92,0
DA:93,0
DA:94,0
DA:95,0
DA:97,0
DA:98,0
DA:99,0
DA:100,0
DA:101,0
DA:102,0
DA:106,0
DA:107,0
DA:108,0
DA:110,0
DA:120,0
DA:124,25
DA:125,0
DA:128,25
LF:69
LH:7
BRDA:19,0,0,0
BRDA:19,0,1,0
BRDA:22,1,0,0
BRDA:22,1,1,0
BRDA:69,2,0,0
BRDA:69,2,1,0
BRDA:72,3,0,0
BRDA:72,3,1,0
BRDA:87,4,0,0
BRDA:87,4,1,0
BRDA:87,5,0,0
BRDA:87,5,1,0
BRDA:90,6,0,0
BRDA:90,6,1,0
BRDA:90,7,0,0
BRDA:90,7,1,0
BRDA:93,8,0,0
BRDA:93,8,1,0
BRDA:93,9,0,0
BRDA:93,9,1,0
BRDA:97,10,0,0
BRDA:97,10,1,0
BRDA:97,11,0,0
BRDA:97,11,1,0
BRDA:100,12,0,0
BRDA:100,12,1,0
BRF:26
BRH:0
end_of_record
TN:
SF:routes\mygrantingauthority.js
FN:5,(anonymous_0)
FNF:1
FNH:1
FNDA:1,(anonymous_0)
DA:2,25
DA:3,25
DA:5,25
DA:6,1
DA:9,25
LF:5
LH:5
BRF:0
BRH:0
end_of_record
TN:
SF:routes\mysubsidyawards.js
FN:10,(anonymous_0)
FNF:1
FNH:1
FNDA:4,(anonymous_0)
DA:5,25
DA:6,25
DA:7,25
DA:8,25
DA:10,25
DA:11,4
DA:12,4
DA:13,4
DA:14,4
DA:15,4
DA:17,4
DA:18,4
DA:19,4
DA:20,4
DA:21,4
DA:23,4
DA:30,4
DA:32,4
DA:33,4
DA:34,4
DA:35,4
DA:36,4
DA:37,4
DA:38,4
DA:39,4
DA:40,4
DA:41,4
DA:42,4
DA:43,4
DA:45,4
DA:46,4
DA:47,4
DA:48,4
DA:49,4
DA:50,4
DA:51,4
DA:52,4
DA:53,4
DA:55,4
DA:56,4
DA:57,4
DA:59,0
DA:61,4
DA:72,0
DA:73,0
DA:74,0
DA:81,25
LF:47
LH:43
BRDA:56,0,0,4
BRDA:56,0,1,0
BRF:2
BRH:1
end_of_record
TN:
SF:routes\mysubsidymeasures.js
FN:10,(anonymous_0)
FNF:1
FNH:1
FNDA:1,(anonymous_0)
DA:5,25
DA:6,25
DA:7,25
DA:8,25
DA:10,25
DA:11,1
DA:13,1
DA:27,1
DA:29,1
DA:31,1
DA:32,1
DA:36,1
DA:37,0
DA:38,0
DA:39,0
DA:40,0
DA:41,0
DA:42,0
DA:43,0
DA:44,0
DA:45,0
DA:46,0
DA:48,0
DA:49,0
DA:50,0
DA:51,0
DA:52,0
DA:53,0
DA:54,0
DA:55,0
DA:56,0
DA:58,0
DA:59,0
DA:60,0
DA:62,0
DA:64,0
DA:74,1
DA:75,1
DA:76,1
DA:77,1
DA:78,1
DA:79,1
DA:80,1
DA:81,1
DA:82,1
DA:83,1
DA:85,1
DA:106,25
LF:48
LH:24
BRDA:59,0,0,0
BRDA:59,0,1,0
BRF:2
BRH:0
end_of_record
TN:
SF:routes\reviewdetail.js
FN:4,(anonymous_0)
FN:395,(anonymous_1)
FNF:2
FNH:2
FNDA:3,(anonymous_0)
FNDA:1,(anonymous_1)
DA:1,25
DA:2,25
DA:4,25
DA:5,3
DA:6,3
DA:7,3
DA:8,3
DA:9,3
DA:10,3
DA:11,3
DA:12,3
DA:13,3
DA:14,3
DA:15,3
DA:16,3
DA:17,3
DA:18,3
DA:19,3
DA:20,3
DA:21,3
DA:22,3
DA:23,3
DA:24,3
DA:25,3
DA:26,3
DA:27,3
DA:49,3
DA:51,3
DA:52,3
DA:53,3
DA:54,3
DA:56,3
DA:57,3
DA:58,3
DA:59,3
DA:60,3
DA:61,3
DA:62,3
DA:63,3
DA:64,3
DA:65,3
DA:66,3
DA:67,3
DA:68,3
DA:69,3
DA:70,3
DA:71,3
DA:72,3
DA:74,3
DA:79,3
DA:80,0
DA:82,3
DA:83,0
DA:85,3
DA:86,0
DA:88,3
DA:89,0
DA:91,3
DA:92,0
DA:94,3
DA:95,0
DA:97,3
DA:98,0
DA:100,3
DA:101,3
DA:103,3
DA:104,3
DA:106,3
DA:107,0
DA:109,3
DA:110,0
DA:112,3
DA:113,0
DA:116,3
DA:118,3
DA:121,2
DA:122,2
DA:123,2
DA:124,2
DA:125,2
DA:128,2
DA:129,2
DA:130,2
DA:131,2
DA:132,2
DA:135,2
DA:136,0
DA:137,0
DA:138,0
DA:139,0
DA:142,2
DA:143,0
DA:144,0
DA:145,0
DA:146,0
DA:149,2
DA:150,2
DA:151,2
DA:152,2
DA:153,2
DA:154,2
DA:155,2
DA:156,0
DA:160,0
DA:161,0
DA:162,0
DA:163,0
DA:166,2
DA:167,2
DA:168,2
DA:169,2
DA:170,2
DA:173,2
DA:174,2
DA:175,2
DA:176,2
DA:177,2
DA:180,2
DA:181,2
DA:182,2
DA:183,2
DA:184,2
DA:187,2
DA:188,2
DA:189,2
DA:190,2
DA:191,2
DA:194,2
DA:195,2
DA:196,2
DA:197,2
DA:198,2
DA:201,2
DA:202,2
DA:203,2
DA:204,2
DA:205,2
DA:210,2
DA:211,2
DA:212,2
DA:214,2
DA:215,2
DA:218,2
DA:226,0
DA:227,0
DA:228,0
DA:229,0
DA:232,2
DA:236,0
DA:242,0
DA:243,0
DA:244,0
DA:245,0
DA:249,2
DA:253,0
DA:254,0
DA:255,0
DA:256,0
DA:261,2
DA:262,2
DA:263,2
DA:265,2
DA:266,2
DA:269,2
DA:270,2
DA:271,2
DA:273,2
DA:274,2
DA:277,2
DA:278,2
DA:279,2
DA:280,2
DA:281,2
DA:284,2
DA:285,2
DA:286,2
DA:287,2
DA:288,2
DA:291,2
DA:292,1
DA:293,1
DA:294,1
DA:297,2
DA:298,1
DA:299,1
DA:300,1
DA:303,2
DA:305,2
DA:324,2
DA:368,0
DA:391,1
DA:395,25
DA:396,1
DA:399,25
LF:194
LH:157
BRDA:79,0,0,0
BRDA:79,0,1,3
BRDA:82,1,0,0
BRDA:82,1,1,3
BRDA:85,2,0,0
BRDA:85,2,1,3
BRDA:88,3,0,0
BRDA:88,3,1,3
BRDA:91,4,0,0
BRDA:91,4,1,3
BRDA:94,5,0,0
BRDA:94,5,1,3
BRDA:97,6,0,0
BRDA:97,6,1,3
BRDA:100,7,0,3
BRDA:100,7,1,0
BRDA:103,8,0,3
BRDA:103,8,1,0
BRDA:106,9,0,0
BRDA:106,9,1,3
BRDA:109,10,0,0
BRDA:109,10,1,3
BRDA:112,11,0,0
BRDA:112,11,1,3
BRDA:118,12,0,2
BRDA:118,12,1,1
BRDA:121,13,0,2
BRDA:121,13,1,0
BRDA:128,14,0,2
BRDA:128,14,1,0
BRDA:135,15,0,0
BRDA:135,15,1,2
BRDA:142,16,0,0
BRDA:142,16,1,2
BRDA:151,17,0,2
BRDA:151,17,1,0
BRDA:151,18,0,2
BRDA:151,18,1,2
BRDA:156,19,0,0
BRDA:156,19,1,0
BRDA:157,20,0,0
BRDA:157,20,1,0
BRDA:166,21,0,2
BRDA:166,21,1,0
BRDA:173,22,0,2
BRDA:173,22,1,0
BRDA:180,23,0,2
BRDA:180,23,1,0
BRDA:187,24,0,2
BRDA:187,24,1,0
BRDA:194,25,0,2
BRDA:194,25,1,0
BRDA:201,26,0,2
BRDA:201,26,1,0
BRDA:210,27,0,2
BRDA:210,27,1,0
BRDA:210,28,0,2
BRDA:210,28,1,2
BRDA:218,29,0,0
BRDA:218,29,1,2
BRDA:219,30,0,2
BRDA:219,30,1,0
BRDA:219,30,2,0
BRDA:219,30,3,0
BRDA:219,30,4,0
BRDA:219,30,5,0
BRDA:232,31,0,0
BRDA:232,31,1,2
BRDA:233,32,0,2
BRDA:233,32,1,0
BRDA:236,33,0,0
BRDA:236,33,1,0
BRDA:237,34,0,0
BRDA:237,34,1,0
BRDA:237,34,2,0
BRDA:249,35,0,0
BRDA:249,35,1,2
BRDA:250,36,0,2
BRDA:250,36,1,0
BRDA:261,37,0,2
BRDA:261,37,1,0
BRDA:269,38,0,2
BRDA:269,38,1,0
BRDA:269,39,0,2
BRDA:269,39,1,2
BRDA:277,40,0,2
BRDA:277,40,1,0
BRDA:284,41,0,2
BRDA:284,41,1,0
BRDA:291,42,0,1
BRDA:291,42,1,1
BRDA:297,43,0,1
BRDA:297,43,1,1
BRDA:305,44,0,2
BRDA:305,44,1,0
BRDA:306,45,0,2
BRDA:306,45,1,0
BRDA:306,45,2,0
BRDA:306,45,3,0
BRDA:306,45,4,0
BRDA:306,45,5,0
BRDA:306,45,6,0
BRDA:306,45,7,0
BRDA:306,45,8,0
BRDA:306,45,9,0
BRDA:306,45,10,0
BRDA:306,45,11,0
BRDA:306,45,12,0
BRDA:306,45,13,0
BRDA:306,45,14,0
BRDA:306,45,15,0
BRDA:306,45,16,0
BRF:112
BRH:48
end_of_record
TN:
SF:routes\reviewdetailcancel.js
FN:4,(anonymous_0)
FNF:1
FNH:1
FNDA:1,(anonymous_0)
DA:1,25
DA:2,25
DA:4,25
DA:5,1
DA:8,25
LF:5
LH:5
BRF:0
BRH:0
end_of_record
TN:
SF:routes\submitforapproval.js
FN:6,(anonymous_0)
FNF:1
FNH:1
FNDA:3,(anonymous_0)
DA:1,25
DA:2,25
DA:3,25
DA:4,25
DA:6,25
DA:7,3
DA:8,0
DA:10,3
DA:11,0
DA:14,3
DA:21,3
DA:22,3
DA:23,3
DA:24,3
DA:25,3
DA:26,3
DA:27,3
DA:28,3
DA:29,3
DA:30,3
DA:31,3
DA:32,3
DA:33,3
DA:34,3
DA:35,3
DA:36,3
DA:37,3
DA:38,3
DA:39,3
DA:41,3
DA:61,3
DA:62,3
DA:64,3
DA:65,3
DA:66,3
DA:67,3
DA:68,3
DA:69,3
DA:70,3
DA:71,3
DA:73,3
DA:74,1
DA:75,1
DA:79,1
DA:84,1
DA:88,0
DA:89,0
DA:91,0
DA:92,0
DA:95,1
DA:99,0
DA:100,0
DA:102,0
DA:103,0
DA:106,1
DA:109,0
DA:110,0
DA:112,0
DA:113,0
DA:116,1
DA:119,0
DA:120,0
DA:122,0
DA:123,0
DA:126,1
DA:130,0
DA:131,0
DA:133,0
DA:134,0
DA:137,1
DA:140,0
DA:141,0
DA:143,0
DA:144,0
DA:147,1
DA:151,0
DA:152,0
DA:154,0
DA:155,0
DA:158,1
DA:162,1
DA:163,1
DA:165,1
DA:166,1
DA:170,1
DA:171,1
DA:173,1
DA:217,2
DA:223,0
DA:224,0
DA:225,0
DA:230,25
LF:92
LH:59
BRDA:7,0,0,0
BRDA:7,0,1,3
BRDA:10,1,0,0
BRDA:10,1,1,3
BRDA:73,2,0,1
BRDA:73,2,1,2
BRDA:84,3,0,0
BRDA:84,3,1,1
BRDA:95,4,0,0
BRDA:95,4,1,1
BRDA:106,5,0,0
BRDA:106,5,1,1
BRDA:116,6,0,0
BRDA:116,6,1,1
BRDA:126,7,0,0
BRDA:126,7,1,1
BRDA:137,8,0,0
BRDA:137,8,1,1
BRDA:147,9,0,0
BRDA:147,9,1,1
BRDA:158,10,0,1
BRDA:158,10,1,0
BRF:22
BRH:12
end_of_record
TN:
SF:routes\subsidyaward-action.js
FN:10,(anonymous_0)
FNF:1
FNH:0
FNDA:0,(anonymous_0)
DA:5,25
DA:6,25
DA:7,25
DA:8,25
DA:10,25
DA:11,0
DA:13,0
DA:14,0
DA:16,0
DA:20,0
DA:21,0
DA:23,0
DA:24,0
DA:27,0
DA:29,0
DA:30,0
DA:31,0
DA:32,0
DA:35,0
DA:36,0
DA:37,0
DA:38,0
DA:39,0
DA:40,0
DA:41,0
DA:42,0
DA:43,0
DA:44,0
DA:45,0
DA:46,0
DA:48,0
DA:49,0
DA:50,0
DA:51,0
DA:52,0
DA:53,0
DA:54,0
DA:55,0
DA:56,0
DA:58,0
DA:59,0
DA:60,0
DA:62,0
DA:65,0
DA:66,0
DA:78,0
DA:79,0
DA:82,0
DA:83,0
DA:84,0
DA:90,0
DA:91,0
DA:92,0
DA:96,25
LF:54
LH:6
BRDA:59,0,0,0
BRDA:59,0,1,0
BRDA:65,1,0,0
BRDA:65,1,1,0
BRDA:78,2,0,0
BRDA:78,2,1,0
BRF:6
BRH:0
end_of_record
TN:
SF:routes\subsidyaward-approve-reject.js
FN:4,(anonymous_0)
FNF:1
FNH:1
FNDA:1,(anonymous_0)
DA:1,25
DA:2,25
DA:4,25
DA:5,1
DA:8,25
LF:5
LH:5
BRF:0
BRH:0
end_of_record
TN:
SF:routes\subsidyaward-cancel.js
FN:10,(anonymous_0)
FNF:1
FNH:1
FNDA:1,(anonymous_0)
DA:5,25
DA:6,25
DA:7,25
DA:8,25
DA:10,25
DA:11,1
DA:14,1
DA:16,1
DA:17,1
DA:18,1
DA:19,1
DA:20,1
DA:21,1
DA:23,0
DA:27,25
LF:15
LH:14
BRF:0
BRH:0
end_of_record
TN:
SF:routes\subsidyaward-edit.js
FN:10,(anonymous_0)
FNF:1
FNH:0
FNDA:0,(anonymous_0)
DA:5,25
DA:6,25
DA:7,25
DA:8,25
DA:10,25
DA:11,0
DA:13,0
DA:14,0
DA:18,0
DA:19,0
DA:20,0
DA:21,0
DA:22,0
DA:24,0
DA:25,0
DA:27,0
DA:28,0
DA:29,0
DA:30,0
DA:31,0
DA:32,0
DA:33,0
DA:34,0
DA:35,0
DA:37,0
DA:38,0
DA:53,0
DA:58,0
DA:60,0
DA:62,0
DA:64,0
DA:68,25
LF:32
LH:6
BRDA:54,0,0,0
BRDA:54,0,1,0
BRF:2
BRH:0
end_of_record
TN:
SF:routes\subsidyaward-fetch.js
FN:11,(anonymous_0)
FNF:1
FNH:1
FNDA:1,(anonymous_0)
DA:6,25
DA:7,25
DA:8,25
DA:9,25
DA:11,25
DA:12,1
DA:13,1
DA:15,1
DA:17,1
DA:19,1
DA:20,1
DA:21,1
DA:22,1
DA:23,1
DA:24,1
DA:27,0
DA:33,25
LF:17
LH:16
BRF:0
BRH:0
end_of_record
TN:
SF:routes\subsidyaward-reject-reason.js
FN:11,(anonymous_0)
FNF:1
FNH:0
FNDA:0,(anonymous_0)
DA:6,25
DA:7,25
DA:8,25
DA:9,25
DA:11,25
DA:14,0
DA:15,0
DA:18,0
DA:22,0
DA:23,0
DA:25,0
DA:27,0
DA:28,0
DA:29,0
DA:30,0
DA:34,0
DA:35,0
DA:36,0
DA:37,0
DA:38,0
DA:39,0
DA:40,0
DA:41,0
DA:42,0
DA:43,0
DA:44,0
DA:45,0
DA:48,0
DA:49,0
DA:50,0
DA:51,0
DA:52,0
DA:53,0
DA:54,0
DA:55,0
DA:56,0
DA:58,0
DA:59,0
DA:60,0
DA:62,0
DA:65,0
DA:81,0
DA:82,0
DA:83,0
DA:90,0
DA:91,0
DA:92,0
DA:98,25
LF:48
LH:6
BRDA:59,0,0,0
BRDA:59,0,1,0
BRF:2
BRH:0
end_of_record
TN:
SF:routes\subsidyaward-reject.js
FN:4,(anonymous_0)
FNF:1
FNH:1
FNDA:1,(anonymous_0)
DA:1,25
DA:2,25
DA:4,25
DA:5,1
DA:8,25
LF:5
LH:5
BRF:0
BRH:0
end_of_record
TN:
SF:routes\subsidyaward-review-cancel.js
FN:4,(anonymous_0)
FNF:1
FNH:1
FNDA:1,(anonymous_0)
DA:1,25
DA:2,25
DA:4,25
DA:5,1
DA:26,25
LF:5
LH:5
BRF:0
BRH:0
end_of_record
TN:
SF:routes\subsidyaward-search.js
FN:10,(anonymous_0)
FNF:1
FNH:0
FNDA:0,(anonymous_0)
DA:5,25
DA:6,25
DA:7,25
DA:8,25
DA:10,25
DA:12,0
DA:13,0
DA:14,0
DA:16,0
DA:18,0
DA:19,0
DA:21,0
DA:22,0
DA:23,0
DA:24,0
DA:25,0
DA:26,0
DA:28,0
DA:29,0
DA:31,0
DA:33,0
DA:34,0
DA:35,0
DA:36,0
DA:37,0
DA:38,0
DA:39,0
DA:40,0
DA:41,0
DA:42,0
DA:43,0
DA:44,0
DA:47,0
DA:48,0
DA:49,0
DA:50,0
DA:51,0
DA:52,0
DA:53,0
DA:54,0
DA:55,0
DA:57,0
DA:58,0
DA:59,0
DA:61,0
DA:63,0
DA:76,0
DA:77,0
DA:78,0
DA:85,25
LF:50
LH:6
BRDA:58,0,0,0
BRDA:58,0,1,0
BRF:2
BRH:0
end_of_record
TN:
SF:routes\subsidyaward-update.js
FN:10,(anonymous_0)
FNF:1
FNH:0
FNDA:0,(anonymous_0)
DA:5,25
DA:6,25
DA:7,25
DA:8,25
DA:10,25
DA:11,0
DA:12,0
DA:14,0
DA:15,0
DA:16,0
DA:17,0
DA:18,0
DA:19,0
DA:20,0
DA:21,0
DA:22,0
DA:23,0
DA:24,0
DA:25,0
DA:26,0
DA:27,0
DA:28,0
DA:29,0
DA:30,0
DA:31,0
DA:32,0
DA:33,0
DA:34,0
DA:54,0
DA:73,25
LF:30
LH:6
BRF:0
BRH:0
end_of_record
TN:
SF:routes\subsidymeasure-edit.js
FN:4,(anonymous_0)
FNF:1
FNH:1
FNDA:1,(anonymous_0)
DA:1,25
DA:2,25
DA:4,25
DA:5,1
DA:8,25
LF:5
LH:5
BRF:0
BRH:0
end_of_record
TN:
SF:routes\subsidymeasure-reviewdetails.js
FN:4,(anonymous_0)
FNF:1
FNH:1
FNDA:1,(anonymous_0)
DA:1,25
DA:2,25
DA:4,25
DA:5,1
DA:8,25
LF:5
LH:5
BRF:0
BRH:0
end_of_record
TN:
SF:routes\subsidymeasures-add.js
FN:4,(anonymous_0)
FNF:1
FNH:0
FNDA:0,(anonymous_0)
DA:1,25
DA:2,25
DA:4,25
DA:5,0
DA:8,25
LF:5
LH:4
BRF:0
BRH:0
end_of_record
